2022-11-21 09:55:45.909 [http-nio-8080-exec-2] WARN  o.s.w.s.m.support.DefaultHandlerExceptionResolver -
				Resolved [org.springframework.http.converter.HttpMessageNotReadableException: Required request body is missing: public com.example.demo.common.R.Result<java.util.Map<java.lang.String, java.lang.Object>> com.example.demo.controller.MomentsController.getMomentsAndStudentByStuId(java.lang.String)]
2022-11-21 10:03:54.180 [http-nio-8080-exec-4] WARN  o.s.w.s.m.support.DefaultHandlerExceptionResolver -
				Resolved [org.springframework.http.converter.HttpMessageNotReadableException: Required request body is missing: public com.example.demo.common.R.Result<java.util.Map<java.lang.String, java.lang.Object>> com.example.demo.controller.MomentsController.getMomentsAndStudentById(java.lang.String)]
2022-11-21 10:03:54.181 [http-nio-8080-exec-9] WARN  o.s.w.s.m.support.DefaultHandlerExceptionResolver -
				Resolved [org.springframework.http.converter.HttpMessageNotReadableException: Required request body is missing: public com.example.demo.common.R.Result<java.util.List<java.lang.String>> com.example.demo.controller.photoController.getPhotoByMomentsId(java.lang.String)]
2022-11-21 10:03:54.181 [http-nio-8080-exec-3] WARN  o.s.w.s.m.support.DefaultHandlerExceptionResolver -
				Resolved [org.springframework.http.converter.HttpMessageNotReadableException: Required request body is missing: public com.example.demo.common.R.Result<java.util.List<java.util.Map<java.lang.String, java.lang.Object>>> com.example.demo.controller.CommentController.getCommentAndStudentByMomentId(java.lang.String)]
2022-11-21 10:28:15.924 [http-nio-8080-exec-6] WARN  o.s.w.s.m.support.DefaultHandlerExceptionResolver -
				Resolved [org.springframework.http.converter.HttpMessageNotReadableException: Required request body is missing: public com.example.demo.common.R.Result<java.util.List<java.lang.String>> com.example.demo.controller.photoController.getPhotoByMomentsId(java.lang.String)]
2022-11-21 10:28:15.924 [http-nio-8080-exec-2] WARN  o.s.w.s.m.support.DefaultHandlerExceptionResolver -
				Resolved [org.springframework.http.converter.HttpMessageNotReadableException: Required request body is missing: public com.example.demo.common.R.Result<java.util.Map<java.lang.String, java.lang.Object>> com.example.demo.controller.MomentsController.getMomentsAndStudentById(java.lang.String)]
2022-11-21 10:28:15.924 [http-nio-8080-exec-9] WARN  o.s.w.s.m.support.DefaultHandlerExceptionResolver -
				Resolved [org.springframework.http.converter.HttpMessageNotReadableException: Required request body is missing: public com.example.demo.common.R.Result<java.util.List<java.util.Map<java.lang.String, java.lang.Object>>> com.example.demo.controller.CommentController.getCommentAndStudentByMomentId(java.lang.String)]
2022-11-21 10:28:20.161 [http-nio-8080-exec-5] WARN  o.s.w.s.m.support.DefaultHandlerExceptionResolver -
				Resolved [org.springframework.http.converter.HttpMessageNotReadableException: Required request body is missing: public com.example.demo.common.R.Result<java.util.Map<java.lang.String, java.lang.Object>> com.example.demo.controller.MomentsController.getMomentsAndStudentById(java.lang.String)]
2022-11-21 10:28:20.161 [http-nio-8080-exec-10] WARN  o.s.w.s.m.support.DefaultHandlerExceptionResolver -
				Resolved [org.springframework.http.converter.HttpMessageNotReadableException: Required request body is missing: public com.example.demo.common.R.Result<java.util.List<java.util.Map<java.lang.String, java.lang.Object>>> com.example.demo.controller.CommentController.getCommentAndStudentByMomentId(java.lang.String)]
2022-11-21 10:28:20.165 [http-nio-8080-exec-1] WARN  o.s.w.s.m.support.DefaultHandlerExceptionResolver -
				Resolved [org.springframework.http.converter.HttpMessageNotReadableException: Required request body is missing: public com.example.demo.common.R.Result<java.util.List<java.lang.String>> com.example.demo.controller.photoController.getPhotoByMomentsId(java.lang.String)]
2022-11-21 10:28:21.474 [http-nio-8080-exec-9] WARN  o.s.w.s.m.support.DefaultHandlerExceptionResolver -
				Resolved [org.springframework.http.converter.HttpMessageNotReadableException: Required request body is missing: public com.example.demo.common.R.Result<java.util.Map<java.lang.String, java.lang.Object>> com.example.demo.controller.MomentsController.getMomentsAndStudentById(java.lang.String)]
2022-11-21 10:28:21.477 [http-nio-8080-exec-2] WARN  o.s.w.s.m.support.DefaultHandlerExceptionResolver -
				Resolved [org.springframework.http.converter.HttpMessageNotReadableException: Required request body is missing: public com.example.demo.common.R.Result<java.util.List<java.util.Map<java.lang.String, java.lang.Object>>> com.example.demo.controller.CommentController.getCommentAndStudentByMomentId(java.lang.String)]
2022-11-21 10:28:21.479 [http-nio-8080-exec-6] WARN  o.s.w.s.m.support.DefaultHandlerExceptionResolver -
				Resolved [org.springframework.http.converter.HttpMessageNotReadableException: Required request body is missing: public com.example.demo.common.R.Result<java.util.List<java.lang.String>> com.example.demo.controller.photoController.getPhotoByMomentsId(java.lang.String)]
2022-11-21 10:28:23.381 [http-nio-8080-exec-2] WARN  o.s.w.s.m.support.DefaultHandlerExceptionResolver -
				Resolved [org.springframework.http.converter.HttpMessageNotReadableException: Required request body is missing: public com.example.demo.common.R.Result<java.util.Map<java.lang.String, java.lang.Object>> com.example.demo.controller.MomentsController.getMomentsAndStudentById(java.lang.String)]
2022-11-21 10:28:23.383 [http-nio-8080-exec-6] WARN  o.s.w.s.m.support.DefaultHandlerExceptionResolver -
				Resolved [org.springframework.http.converter.HttpMessageNotReadableException: Required request body is missing: public com.example.demo.common.R.Result<java.util.List<java.util.Map<java.lang.String, java.lang.Object>>> com.example.demo.controller.CommentController.getCommentAndStudentByMomentId(java.lang.String)]
2022-11-21 10:28:23.386 [http-nio-8080-exec-5] WARN  o.s.w.s.m.support.DefaultHandlerExceptionResolver -
				Resolved [org.springframework.http.converter.HttpMessageNotReadableException: Required request body is missing: public com.example.demo.common.R.Result<java.util.List<java.lang.String>> com.example.demo.controller.photoController.getPhotoByMomentsId(java.lang.String)]
2022-11-21 10:28:25.663 [http-nio-8080-exec-8] WARN  o.s.w.s.m.support.DefaultHandlerExceptionResolver -
				Resolved [org.springframework.http.converter.HttpMessageNotReadableException: Required request body is missing: public com.example.demo.common.R.Result<java.util.Map<java.lang.String, java.lang.Object>> com.example.demo.controller.MomentsController.getMomentsAndStudentById(java.lang.String)]
2022-11-21 10:28:25.665 [http-nio-8080-exec-4] WARN  o.s.w.s.m.support.DefaultHandlerExceptionResolver -
				Resolved [org.springframework.http.converter.HttpMessageNotReadableException: Required request body is missing: public com.example.demo.common.R.Result<java.util.List<java.util.Map<java.lang.String, java.lang.Object>>> com.example.demo.controller.CommentController.getCommentAndStudentByMomentId(java.lang.String)]
2022-11-21 10:28:25.677 [http-nio-8080-exec-7] WARN  o.s.w.s.m.support.DefaultHandlerExceptionResolver -
				Resolved [org.springframework.http.converter.HttpMessageNotReadableException: Required request body is missing: public com.example.demo.common.R.Result<java.util.List<java.lang.String>> com.example.demo.controller.photoController.getPhotoByMomentsId(java.lang.String)]
2022-11-21 10:28:28.415 [http-nio-8080-exec-3] WARN  o.s.w.s.m.support.DefaultHandlerExceptionResolver -
				Resolved [org.springframework.http.converter.HttpMessageNotReadableException: Required request body is missing: public com.example.demo.common.R.Result<java.util.Map<java.lang.String, java.lang.Object>> com.example.demo.controller.MomentsController.getMomentsAndStudentById(java.lang.String)]
2022-11-21 10:28:28.419 [http-nio-8080-exec-8] WARN  o.s.w.s.m.support.DefaultHandlerExceptionResolver -
				Resolved [org.springframework.http.converter.HttpMessageNotReadableException: Required request body is missing: public com.example.demo.common.R.Result<java.util.List<java.util.Map<java.lang.String, java.lang.Object>>> com.example.demo.controller.CommentController.getCommentAndStudentByMomentId(java.lang.String)]
2022-11-21 10:28:28.421 [http-nio-8080-exec-4] WARN  o.s.w.s.m.support.DefaultHandlerExceptionResolver -
				Resolved [org.springframework.http.converter.HttpMessageNotReadableException: Required request body is missing: public com.example.demo.common.R.Result<java.util.List<java.lang.String>> com.example.demo.controller.photoController.getPhotoByMomentsId(java.lang.String)]
2022-11-21 10:28:39.017 [http-nio-8080-exec-5] WARN  o.s.w.s.m.support.DefaultHandlerExceptionResolver -
				Resolved [org.springframework.http.converter.HttpMessageNotReadableException: Required request body is missing: public com.example.demo.common.R.Result<java.util.Map<java.lang.String, java.lang.Object>> com.example.demo.controller.MomentsController.getMomentsAndStudentById(java.lang.String)]
2022-11-21 10:28:39.023 [http-nio-8080-exec-10] WARN  o.s.w.s.m.support.DefaultHandlerExceptionResolver -
				Resolved [org.springframework.http.converter.HttpMessageNotReadableException: Required request body is missing: public com.example.demo.common.R.Result<java.util.List<java.util.Map<java.lang.String, java.lang.Object>>> com.example.demo.controller.CommentController.getCommentAndStudentByMomentId(java.lang.String)]
2022-11-21 10:28:39.026 [http-nio-8080-exec-1] WARN  o.s.w.s.m.support.DefaultHandlerExceptionResolver -
				Resolved [org.springframework.http.converter.HttpMessageNotReadableException: Required request body is missing: public com.example.demo.common.R.Result<java.util.List<java.lang.String>> com.example.demo.controller.photoController.getPhotoByMomentsId(java.lang.String)]
2022-11-21 10:28:56.300 [http-nio-8080-exec-7] WARN  o.s.w.s.m.support.DefaultHandlerExceptionResolver -
				Resolved [org.springframework.http.converter.HttpMessageNotReadableException: Required request body is missing: public com.example.demo.common.R.Result<java.util.Map<java.lang.String, java.lang.Object>> com.example.demo.controller.MomentsController.getMomentsAndStudentById(java.lang.String)]
2022-11-21 10:28:56.302 [http-nio-8080-exec-2] WARN  o.s.w.s.m.support.DefaultHandlerExceptionResolver -
				Resolved [org.springframework.http.converter.HttpMessageNotReadableException: Required request body is missing: public com.example.demo.common.R.Result<java.util.List<java.util.Map<java.lang.String, java.lang.Object>>> com.example.demo.controller.CommentController.getCommentAndStudentByMomentId(java.lang.String)]
2022-11-21 10:28:56.307 [http-nio-8080-exec-6] WARN  o.s.w.s.m.support.DefaultHandlerExceptionResolver -
				Resolved [org.springframework.http.converter.HttpMessageNotReadableException: Required request body is missing: public com.example.demo.common.R.Result<java.util.List<java.lang.String>> com.example.demo.controller.photoController.getPhotoByMomentsId(java.lang.String)]
2022-11-21 10:30:34.846 [http-nio-8080-exec-2] WARN  o.s.w.s.m.support.DefaultHandlerExceptionResolver -
				Resolved [org.springframework.http.converter.HttpMessageNotReadableException: Required request body is missing: public com.example.demo.common.R.Result<java.util.Map<java.lang.String, java.lang.Object>> com.example.demo.controller.MomentsController.getMomentsAndStudentById(java.lang.String)]
2022-11-21 10:30:34.850 [http-nio-8080-exec-6] WARN  o.s.w.s.m.support.DefaultHandlerExceptionResolver -
				Resolved [org.springframework.http.converter.HttpMessageNotReadableException: Required request body is missing: public com.example.demo.common.R.Result<java.util.List<java.util.Map<java.lang.String, java.lang.Object>>> com.example.demo.controller.CommentController.getCommentAndStudentByMomentId(java.lang.String)]
2022-11-21 10:30:34.853 [http-nio-8080-exec-10] WARN  o.s.w.s.m.support.DefaultHandlerExceptionResolver -
				Resolved [org.springframework.http.converter.HttpMessageNotReadableException: Required request body is missing: public com.example.demo.common.R.Result<java.util.List<java.lang.String>> com.example.demo.controller.photoController.getPhotoByMomentsId(java.lang.String)]
2022-11-21 10:30:37.376 [http-nio-8080-exec-1] WARN  o.s.w.s.m.support.DefaultHandlerExceptionResolver -
				Resolved [org.springframework.http.converter.HttpMessageNotReadableException: Required request body is missing: public com.example.demo.common.R.Result<java.util.Map<java.lang.String, java.lang.Object>> com.example.demo.controller.MomentsController.getMomentsAndStudentById(java.lang.String)]
2022-11-21 10:30:37.379 [http-nio-8080-exec-8] WARN  o.s.w.s.m.support.DefaultHandlerExceptionResolver -
				Resolved [org.springframework.http.converter.HttpMessageNotReadableException: Required request body is missing: public com.example.demo.common.R.Result<java.util.List<java.util.Map<java.lang.String, java.lang.Object>>> com.example.demo.controller.CommentController.getCommentAndStudentByMomentId(java.lang.String)]
2022-11-21 10:30:37.382 [http-nio-8080-exec-3] WARN  o.s.w.s.m.support.DefaultHandlerExceptionResolver -
				Resolved [org.springframework.http.converter.HttpMessageNotReadableException: Required request body is missing: public com.example.demo.common.R.Result<java.util.List<java.lang.String>> com.example.demo.controller.photoController.getPhotoByMomentsId(java.lang.String)]
2022-11-21 10:32:33.096 [http-nio-8080-exec-8] WARN  o.s.w.s.m.support.DefaultHandlerExceptionResolver -
				Resolved [org.springframework.http.converter.HttpMessageNotReadableException: Required request body is missing: public com.example.demo.common.R.Result<java.util.Map<java.lang.String, java.lang.Object>> com.example.demo.controller.MomentsController.getMomentsAndStudentById(java.lang.String)]
2022-11-21 10:32:33.098 [http-nio-8080-exec-4] WARN  o.s.w.s.m.support.DefaultHandlerExceptionResolver -
				Resolved [org.springframework.http.converter.HttpMessageNotReadableException: Required request body is missing: public com.example.demo.common.R.Result<java.util.List<java.util.Map<java.lang.String, java.lang.Object>>> com.example.demo.controller.CommentController.getCommentAndStudentByMomentId(java.lang.String)]
2022-11-21 10:32:33.100 [http-nio-8080-exec-3] WARN  o.s.w.s.m.support.DefaultHandlerExceptionResolver -
				Resolved [org.springframework.http.converter.HttpMessageNotReadableException: Required request body is missing: public com.example.demo.common.R.Result<java.util.List<java.lang.String>> com.example.demo.controller.photoController.getPhotoByMomentsId(java.lang.String)]
2022-11-21 10:32:35.604 [http-nio-8080-exec-5] WARN  o.s.w.s.m.support.DefaultHandlerExceptionResolver -
				Resolved [org.springframework.http.converter.HttpMessageNotReadableException: Required request body is missing: public com.example.demo.common.R.Result<java.util.Map<java.lang.String, java.lang.Object>> com.example.demo.controller.MomentsController.getMomentsAndStudentById(java.lang.String)]
2022-11-21 10:32:35.607 [http-nio-8080-exec-1] WARN  o.s.w.s.m.support.DefaultHandlerExceptionResolver -
				Resolved [org.springframework.http.converter.HttpMessageNotReadableException: Required request body is missing: public com.example.demo.common.R.Result<java.util.List<java.util.Map<java.lang.String, java.lang.Object>>> com.example.demo.controller.CommentController.getCommentAndStudentByMomentId(java.lang.String)]
2022-11-21 10:32:35.609 [http-nio-8080-exec-8] WARN  o.s.w.s.m.support.DefaultHandlerExceptionResolver -
				Resolved [org.springframework.http.converter.HttpMessageNotReadableException: Required request body is missing: public com.example.demo.common.R.Result<java.util.List<java.lang.String>> com.example.demo.controller.photoController.getPhotoByMomentsId(java.lang.String)]
2022-11-21 12:26:44.648 [HikariPool-1 housekeeper] WARN  com.zaxxer.hikari.pool.HikariPool -
				HikariPool-1 - Thread starvation or clock leap detected (housekeeper delta=38m5s724ms368µs200ns).
