2022-10-26 11:53:44.643 [main] INFO  com.example.demo.DemoApplication -
				Starting DemoApplication using Java 15.0.7 on DESKTOP-UN3KSEH with PID 14956 (C:\Users\liu\Desktop\project\MyProject\demo\target\classes started by liu in C:\Users\liu\Desktop\project\MyProject\demo)
2022-10-26 11:53:44.653 [main] INFO  com.example.demo.DemoApplication -
				No active profile set, falling back to 1 default profile: "default"
2022-10-26 11:53:46.326 [main] INFO  o.s.d.r.config.RepositoryConfigurationDelegate -
				Multiple Spring Data modules found, entering strict repository configuration mode
2022-10-26 11:53:46.333 [main] INFO  o.s.d.r.config.RepositoryConfigurationDelegate -
				Bootstrapping Spring Data Redis repositories in DEFAULT mode.
2022-10-26 11:53:46.451 [main] INFO  o.s.d.r.config.RepositoryConfigurationDelegate -
				Finished Spring Data repository scanning in 45 ms. Found 0 Redis repository interfaces.
2022-10-26 11:53:47.797 [main] INFO  o.s.boot.web.embedded.tomcat.TomcatWebServer -
				Tomcat initialized with port(s): 8080 (http)
2022-10-26 11:53:47.820 [main] INFO  org.apache.coyote.http11.Http11NioProtocol -
				Initializing ProtocolHandler ["http-nio-8080"]
2022-10-26 11:53:47.822 [main] INFO  org.apache.catalina.core.StandardService -
				Starting service [Tomcat]
2022-10-26 11:53:47.822 [main] INFO  org.apache.catalina.core.StandardEngine -
				Starting Servlet engine: [Apache Tomcat/9.0.65]
2022-10-26 11:53:48.139 [main] INFO  o.a.c.core.ContainerBase.[Tomcat].[localhost].[/] -
				Initializing Spring embedded WebApplicationContext
2022-10-26 11:53:48.139 [main] INFO  o.s.b.w.s.c.ServletWebServerApplicationContext -
				Root WebApplicationContext: initialization completed in 3413 ms
2022-10-26 11:53:51.251 [main] INFO  org.apache.coyote.http11.Http11NioProtocol -
				Starting ProtocolHandler ["http-nio-8080"]
2022-10-26 11:53:51.294 [main] INFO  o.s.boot.web.embedded.tomcat.TomcatWebServer -
				Tomcat started on port(s): 8080 (http) with context path ''
2022-10-26 11:53:51.314 [main] INFO  com.example.demo.DemoApplication -
				Started DemoApplication in 7.565 seconds (JVM running for 8.875)
2022-10-26 11:53:54.260 [http-nio-8080-exec-1] INFO  o.a.c.core.ContainerBase.[Tomcat].[localhost].[/] -
				Initializing Spring DispatcherServlet 'dispatcherServlet'
2022-10-26 11:53:54.261 [http-nio-8080-exec-1] INFO  org.springframework.web.servlet.DispatcherServlet -
				Initializing Servlet 'dispatcherServlet'
2022-10-26 11:53:54.263 [http-nio-8080-exec-1] INFO  org.springframework.web.servlet.DispatcherServlet -
				Completed initialization in 2 ms
2022-10-26 11:53:54.302 [http-nio-8080-exec-2] INFO  org.apache.tomcat.util.http.parser.Cookie -
				A cookie header was received [Hm_lvt_5804d09853fcc4866132fbc306348993=1655279936,1655287959;] that contained an invalid cookie. That cookie will be ignored.
 Note: further occurrences of this error will be logged at DEBUG level.
2022-10-26 11:53:54.503 [http-nio-8080-exec-2] INFO  com.zaxxer.hikari.HikariDataSource -
				HikariPool-1 - Starting...
2022-10-26 11:53:54.822 [http-nio-8080-exec-2] INFO  com.zaxxer.hikari.HikariDataSource -
				HikariPool-1 - Start completed.
2022-10-26 17:58:52.252 [SpringApplicationShutdownHook] INFO  com.zaxxer.hikari.HikariDataSource -
				HikariPool-1 - Shutdown initiated...
2022-10-26 17:58:52.260 [SpringApplicationShutdownHook] INFO  com.zaxxer.hikari.HikariDataSource -
				HikariPool-1 - Shutdown completed.
2022-10-26 17:59:00.039 [main] INFO  com.example.demo.DemoApplication -
				Starting DemoApplication using Java 15.0.7 on DESKTOP-UN3KSEH with PID 20892 (C:\Users\liu\Desktop\project\MyProject\demo\target\classes started by liu in C:\Users\liu\Desktop\project\MyProject\demo)
2022-10-26 17:59:00.045 [main] INFO  com.example.demo.DemoApplication -
				No active profile set, falling back to 1 default profile: "default"
2022-10-26 17:59:00.769 [main] INFO  o.s.d.r.config.RepositoryConfigurationDelegate -
				Multiple Spring Data modules found, entering strict repository configuration mode
2022-10-26 17:59:00.773 [main] INFO  o.s.d.r.config.RepositoryConfigurationDelegate -
				Bootstrapping Spring Data Redis repositories in DEFAULT mode.
2022-10-26 17:59:00.804 [main] INFO  o.s.d.r.config.RepositoryConfigurationDelegate -
				Finished Spring Data repository scanning in 15 ms. Found 0 Redis repository interfaces.
2022-10-26 17:59:01.382 [main] INFO  o.s.boot.web.embedded.tomcat.TomcatWebServer -
				Tomcat initialized with port(s): 8080 (http)
2022-10-26 17:59:01.393 [main] INFO  org.apache.coyote.http11.Http11NioProtocol -
				Initializing ProtocolHandler ["http-nio-8080"]
2022-10-26 17:59:01.393 [main] INFO  org.apache.catalina.core.StandardService -
				Starting service [Tomcat]
2022-10-26 17:59:01.394 [main] INFO  org.apache.catalina.core.StandardEngine -
				Starting Servlet engine: [Apache Tomcat/9.0.65]
2022-10-26 17:59:01.519 [main] INFO  o.a.c.core.ContainerBase.[Tomcat].[localhost].[/] -
				Initializing Spring embedded WebApplicationContext
2022-10-26 17:59:01.520 [main] INFO  o.s.b.w.s.c.ServletWebServerApplicationContext -
				Root WebApplicationContext: initialization completed in 1409 ms
2022-10-26 17:59:02.987 [main] INFO  org.apache.coyote.http11.Http11NioProtocol -
				Starting ProtocolHandler ["http-nio-8080"]
2022-10-26 17:59:03.008 [main] INFO  o.s.boot.web.embedded.tomcat.TomcatWebServer -
				Tomcat started on port(s): 8080 (http) with context path ''
2022-10-26 17:59:03.019 [main] INFO  com.example.demo.DemoApplication -
				Started DemoApplication in 3.68 seconds (JVM running for 4.616)
2022-10-26 17:59:09.705 [http-nio-8080-exec-1] INFO  org.apache.tomcat.util.http.parser.Cookie -
				A cookie header was received [Hm_lvt_5804d09853fcc4866132fbc306348993=1655279936,1655287959;] that contained an invalid cookie. That cookie will be ignored.
 Note: further occurrences of this error will be logged at DEBUG level.
2022-10-26 17:59:09.719 [http-nio-8080-exec-1] INFO  o.a.c.core.ContainerBase.[Tomcat].[localhost].[/] -
				Initializing Spring DispatcherServlet 'dispatcherServlet'
2022-10-26 17:59:09.720 [http-nio-8080-exec-1] INFO  org.springframework.web.servlet.DispatcherServlet -
				Initializing Servlet 'dispatcherServlet'
2022-10-26 17:59:09.721 [http-nio-8080-exec-1] INFO  org.springframework.web.servlet.DispatcherServlet -
				Completed initialization in 1 ms
2022-10-26 17:59:10.238 [http-nio-8080-exec-1] INFO  com.zaxxer.hikari.HikariDataSource -
				HikariPool-1 - Starting...
2022-10-26 17:59:10.402 [http-nio-8080-exec-1] INFO  com.zaxxer.hikari.HikariDataSource -
				HikariPool-1 - Start completed.
2022-10-26 18:01:32.198 [SpringApplicationShutdownHook] INFO  com.zaxxer.hikari.HikariDataSource -
				HikariPool-1 - Shutdown initiated...
2022-10-26 18:01:32.222 [SpringApplicationShutdownHook] INFO  com.zaxxer.hikari.HikariDataSource -
				HikariPool-1 - Shutdown completed.
2022-10-26 18:01:36.874 [main] INFO  com.example.demo.DemoApplication -
				Starting DemoApplication using Java 15.0.7 on DESKTOP-UN3KSEH with PID 7508 (C:\Users\liu\Desktop\project\MyProject\demo\target\classes started by liu in C:\Users\liu\Desktop\project\MyProject\demo)
2022-10-26 18:01:36.877 [main] INFO  com.example.demo.DemoApplication -
				No active profile set, falling back to 1 default profile: "default"
2022-10-26 18:01:37.522 [main] INFO  o.s.d.r.config.RepositoryConfigurationDelegate -
				Multiple Spring Data modules found, entering strict repository configuration mode
2022-10-26 18:01:37.523 [main] INFO  o.s.d.r.config.RepositoryConfigurationDelegate -
				Bootstrapping Spring Data Redis repositories in DEFAULT mode.
2022-10-26 18:01:37.551 [main] INFO  o.s.d.r.config.RepositoryConfigurationDelegate -
				Finished Spring Data repository scanning in 13 ms. Found 0 Redis repository interfaces.
2022-10-26 18:01:38.067 [main] INFO  o.s.boot.web.embedded.tomcat.TomcatWebServer -
				Tomcat initialized with port(s): 8080 (http)
2022-10-26 18:01:38.078 [main] INFO  org.apache.coyote.http11.Http11NioProtocol -
				Initializing ProtocolHandler ["http-nio-8080"]
2022-10-26 18:01:38.078 [main] INFO  org.apache.catalina.core.StandardService -
				Starting service [Tomcat]
2022-10-26 18:01:38.079 [main] INFO  org.apache.catalina.core.StandardEngine -
				Starting Servlet engine: [Apache Tomcat/9.0.65]
2022-10-26 18:01:38.185 [main] INFO  o.a.c.core.ContainerBase.[Tomcat].[localhost].[/] -
				Initializing Spring embedded WebApplicationContext
2022-10-26 18:01:38.186 [main] INFO  o.s.b.w.s.c.ServletWebServerApplicationContext -
				Root WebApplicationContext: initialization completed in 1274 ms
2022-10-26 18:01:39.590 [main] INFO  org.apache.coyote.http11.Http11NioProtocol -
				Starting ProtocolHandler ["http-nio-8080"]
2022-10-26 18:01:39.615 [main] INFO  o.s.boot.web.embedded.tomcat.TomcatWebServer -
				Tomcat started on port(s): 8080 (http) with context path ''
2022-10-26 18:01:39.630 [main] INFO  com.example.demo.DemoApplication -
				Started DemoApplication in 3.351 seconds (JVM running for 4.223)
2022-10-26 18:01:45.786 [http-nio-8080-exec-1] INFO  org.apache.tomcat.util.http.parser.Cookie -
				A cookie header was received [Hm_lvt_5804d09853fcc4866132fbc306348993=1655279936,1655287959;] that contained an invalid cookie. That cookie will be ignored.
 Note: further occurrences of this error will be logged at DEBUG level.
2022-10-26 18:01:45.799 [http-nio-8080-exec-1] INFO  o.a.c.core.ContainerBase.[Tomcat].[localhost].[/] -
				Initializing Spring DispatcherServlet 'dispatcherServlet'
2022-10-26 18:01:45.800 [http-nio-8080-exec-1] INFO  org.springframework.web.servlet.DispatcherServlet -
				Initializing Servlet 'dispatcherServlet'
2022-10-26 18:01:45.801 [http-nio-8080-exec-1] INFO  org.springframework.web.servlet.DispatcherServlet -
				Completed initialization in 1 ms
2022-10-26 18:01:46.436 [http-nio-8080-exec-1] INFO  com.zaxxer.hikari.HikariDataSource -
				HikariPool-1 - Starting...
2022-10-26 18:01:46.637 [http-nio-8080-exec-1] INFO  com.zaxxer.hikari.HikariDataSource -
				HikariPool-1 - Start completed.
2022-10-26 18:03:22.382 [SpringApplicationShutdownHook] INFO  com.zaxxer.hikari.HikariDataSource -
				HikariPool-1 - Shutdown initiated...
2022-10-26 18:03:22.390 [SpringApplicationShutdownHook] INFO  com.zaxxer.hikari.HikariDataSource -
				HikariPool-1 - Shutdown completed.
2022-10-26 18:03:28.170 [main] INFO  com.example.demo.DemoApplication -
				Starting DemoApplication using Java 15.0.7 on DESKTOP-UN3KSEH with PID 17848 (C:\Users\liu\Desktop\project\MyProject\demo\target\classes started by liu in C:\Users\liu\Desktop\project\MyProject\demo)
2022-10-26 18:03:28.173 [main] INFO  com.example.demo.DemoApplication -
				No active profile set, falling back to 1 default profile: "default"
2022-10-26 18:03:28.843 [main] INFO  o.s.d.r.config.RepositoryConfigurationDelegate -
				Multiple Spring Data modules found, entering strict repository configuration mode
2022-10-26 18:03:28.845 [main] INFO  o.s.d.r.config.RepositoryConfigurationDelegate -
				Bootstrapping Spring Data Redis repositories in DEFAULT mode.
2022-10-26 18:03:28.877 [main] INFO  o.s.d.r.config.RepositoryConfigurationDelegate -
				Finished Spring Data repository scanning in 14 ms. Found 0 Redis repository interfaces.
2022-10-26 18:03:29.428 [main] INFO  o.s.boot.web.embedded.tomcat.TomcatWebServer -
				Tomcat initialized with port(s): 8080 (http)
2022-10-26 18:03:29.438 [main] INFO  org.apache.coyote.http11.Http11NioProtocol -
				Initializing ProtocolHandler ["http-nio-8080"]
2022-10-26 18:03:29.439 [main] INFO  org.apache.catalina.core.StandardService -
				Starting service [Tomcat]
2022-10-26 18:03:29.440 [main] INFO  org.apache.catalina.core.StandardEngine -
				Starting Servlet engine: [Apache Tomcat/9.0.65]
2022-10-26 18:03:29.562 [main] INFO  o.a.c.core.ContainerBase.[Tomcat].[localhost].[/] -
				Initializing Spring embedded WebApplicationContext
2022-10-26 18:03:29.562 [main] INFO  o.s.b.w.s.c.ServletWebServerApplicationContext -
				Root WebApplicationContext: initialization completed in 1343 ms
2022-10-26 18:03:31.020 [main] INFO  org.apache.coyote.http11.Http11NioProtocol -
				Starting ProtocolHandler ["http-nio-8080"]
2022-10-26 18:03:31.044 [main] INFO  o.s.boot.web.embedded.tomcat.TomcatWebServer -
				Tomcat started on port(s): 8080 (http) with context path ''
2022-10-26 18:03:31.055 [main] INFO  com.example.demo.DemoApplication -
				Started DemoApplication in 3.419 seconds (JVM running for 5.331)
2022-10-26 18:03:36.624 [http-nio-8080-exec-1] INFO  org.apache.tomcat.util.http.parser.Cookie -
				A cookie header was received [Hm_lvt_5804d09853fcc4866132fbc306348993=1655279936,1655287959;] that contained an invalid cookie. That cookie will be ignored.
 Note: further occurrences of this error will be logged at DEBUG level.
2022-10-26 18:03:36.643 [http-nio-8080-exec-1] INFO  o.a.c.core.ContainerBase.[Tomcat].[localhost].[/] -
				Initializing Spring DispatcherServlet 'dispatcherServlet'
2022-10-26 18:03:36.646 [http-nio-8080-exec-1] INFO  org.springframework.web.servlet.DispatcherServlet -
				Initializing Servlet 'dispatcherServlet'
2022-10-26 18:03:36.648 [http-nio-8080-exec-1] INFO  org.springframework.web.servlet.DispatcherServlet -
				Completed initialization in 1 ms
2022-10-26 18:03:37.152 [http-nio-8080-exec-1] INFO  com.zaxxer.hikari.HikariDataSource -
				HikariPool-1 - Starting...
2022-10-26 18:03:37.294 [http-nio-8080-exec-1] INFO  com.zaxxer.hikari.HikariDataSource -
				HikariPool-1 - Start completed.
2022-10-26 18:04:19.417 [SpringApplicationShutdownHook] INFO  com.zaxxer.hikari.HikariDataSource -
				HikariPool-1 - Shutdown initiated...
2022-10-26 18:04:19.423 [SpringApplicationShutdownHook] INFO  com.zaxxer.hikari.HikariDataSource -
				HikariPool-1 - Shutdown completed.
2022-10-26 18:04:26.128 [main] INFO  com.example.demo.DemoApplication -
				Starting DemoApplication using Java 15.0.7 on DESKTOP-UN3KSEH with PID 16460 (C:\Users\liu\Desktop\project\MyProject\demo\target\classes started by liu in C:\Users\liu\Desktop\project\MyProject\demo)
2022-10-26 18:04:26.131 [main] INFO  com.example.demo.DemoApplication -
				No active profile set, falling back to 1 default profile: "default"
2022-10-26 18:04:26.787 [main] INFO  o.s.d.r.config.RepositoryConfigurationDelegate -
				Multiple Spring Data modules found, entering strict repository configuration mode
2022-10-26 18:04:26.789 [main] INFO  o.s.d.r.config.RepositoryConfigurationDelegate -
				Bootstrapping Spring Data Redis repositories in DEFAULT mode.
2022-10-26 18:04:26.818 [main] INFO  o.s.d.r.config.RepositoryConfigurationDelegate -
				Finished Spring Data repository scanning in 13 ms. Found 0 Redis repository interfaces.
2022-10-26 18:04:27.379 [main] INFO  o.s.boot.web.embedded.tomcat.TomcatWebServer -
				Tomcat initialized with port(s): 8080 (http)
2022-10-26 18:04:27.388 [main] INFO  org.apache.coyote.http11.Http11NioProtocol -
				Initializing ProtocolHandler ["http-nio-8080"]
2022-10-26 18:04:27.389 [main] INFO  org.apache.catalina.core.StandardService -
				Starting service [Tomcat]
2022-10-26 18:04:27.389 [main] INFO  org.apache.catalina.core.StandardEngine -
				Starting Servlet engine: [Apache Tomcat/9.0.65]
2022-10-26 18:04:27.511 [main] INFO  o.a.c.core.ContainerBase.[Tomcat].[localhost].[/] -
				Initializing Spring embedded WebApplicationContext
2022-10-26 18:04:27.512 [main] INFO  o.s.b.w.s.c.ServletWebServerApplicationContext -
				Root WebApplicationContext: initialization completed in 1340 ms
2022-10-26 18:04:28.911 [main] INFO  org.apache.coyote.http11.Http11NioProtocol -
				Starting ProtocolHandler ["http-nio-8080"]
2022-10-26 18:04:28.937 [main] INFO  o.s.boot.web.embedded.tomcat.TomcatWebServer -
				Tomcat started on port(s): 8080 (http) with context path ''
2022-10-26 18:04:28.952 [main] INFO  com.example.demo.DemoApplication -
				Started DemoApplication in 3.491 seconds (JVM running for 4.649)
2022-10-26 18:04:39.685 [http-nio-8080-exec-2] INFO  org.apache.tomcat.util.http.parser.Cookie -
				A cookie header was received [Hm_lvt_5804d09853fcc4866132fbc306348993=1655279936,1655287959;] that contained an invalid cookie. That cookie will be ignored.
 Note: further occurrences of this error will be logged at DEBUG level.
2022-10-26 18:04:39.702 [http-nio-8080-exec-2] INFO  o.a.c.core.ContainerBase.[Tomcat].[localhost].[/] -
				Initializing Spring DispatcherServlet 'dispatcherServlet'
2022-10-26 18:04:39.704 [http-nio-8080-exec-2] INFO  org.springframework.web.servlet.DispatcherServlet -
				Initializing Servlet 'dispatcherServlet'
2022-10-26 18:04:39.707 [http-nio-8080-exec-2] INFO  org.springframework.web.servlet.DispatcherServlet -
				Completed initialization in 3 ms
2022-10-26 18:04:40.156 [http-nio-8080-exec-2] INFO  com.zaxxer.hikari.HikariDataSource -
				HikariPool-1 - Starting...
2022-10-26 18:04:40.286 [http-nio-8080-exec-2] INFO  com.zaxxer.hikari.HikariDataSource -
				HikariPool-1 - Start completed.
2022-10-26 18:07:36.441 [SpringApplicationShutdownHook] INFO  com.zaxxer.hikari.HikariDataSource -
				HikariPool-1 - Shutdown initiated...
2022-10-26 18:07:36.465 [SpringApplicationShutdownHook] INFO  com.zaxxer.hikari.HikariDataSource -
				HikariPool-1 - Shutdown completed.
2022-10-26 18:07:44.580 [main] INFO  com.example.demo.DemoApplication -
				Starting DemoApplication using Java 15.0.7 on DESKTOP-UN3KSEH with PID 20292 (C:\Users\liu\Desktop\project\MyProject\demo\target\classes started by liu in C:\Users\liu\Desktop\project\MyProject\demo)
2022-10-26 18:07:44.584 [main] INFO  com.example.demo.DemoApplication -
				No active profile set, falling back to 1 default profile: "default"
2022-10-26 18:07:45.356 [main] INFO  o.s.d.r.config.RepositoryConfigurationDelegate -
				Multiple Spring Data modules found, entering strict repository configuration mode
2022-10-26 18:07:45.359 [main] INFO  o.s.d.r.config.RepositoryConfigurationDelegate -
				Bootstrapping Spring Data Redis repositories in DEFAULT mode.
2022-10-26 18:07:45.395 [main] INFO  o.s.d.r.config.RepositoryConfigurationDelegate -
				Finished Spring Data repository scanning in 13 ms. Found 0 Redis repository interfaces.
2022-10-26 18:07:46.109 [main] INFO  o.s.boot.web.embedded.tomcat.TomcatWebServer -
				Tomcat initialized with port(s): 8080 (http)
2022-10-26 18:07:46.120 [main] INFO  org.apache.coyote.http11.Http11NioProtocol -
				Initializing ProtocolHandler ["http-nio-8080"]
2022-10-26 18:07:46.121 [main] INFO  org.apache.catalina.core.StandardService -
				Starting service [Tomcat]
2022-10-26 18:07:46.121 [main] INFO  org.apache.catalina.core.StandardEngine -
				Starting Servlet engine: [Apache Tomcat/9.0.65]
2022-10-26 18:07:46.270 [main] INFO  o.a.c.core.ContainerBase.[Tomcat].[localhost].[/] -
				Initializing Spring embedded WebApplicationContext
2022-10-26 18:07:46.270 [main] INFO  o.s.b.w.s.c.ServletWebServerApplicationContext -
				Root WebApplicationContext: initialization completed in 1633 ms
2022-10-26 18:07:48.485 [main] INFO  org.apache.coyote.http11.Http11NioProtocol -
				Starting ProtocolHandler ["http-nio-8080"]
2022-10-26 18:07:48.512 [main] INFO  o.s.boot.web.embedded.tomcat.TomcatWebServer -
				Tomcat started on port(s): 8080 (http) with context path ''
2022-10-26 18:07:48.526 [main] INFO  com.example.demo.DemoApplication -
				Started DemoApplication in 4.668 seconds (JVM running for 6.336)
2022-10-26 18:07:55.339 [http-nio-8080-exec-1] INFO  org.apache.tomcat.util.http.parser.Cookie -
				A cookie header was received [Hm_lvt_5804d09853fcc4866132fbc306348993=1655279936,1655287959;] that contained an invalid cookie. That cookie will be ignored.
 Note: further occurrences of this error will be logged at DEBUG level.
2022-10-26 18:07:55.356 [http-nio-8080-exec-1] INFO  o.a.c.core.ContainerBase.[Tomcat].[localhost].[/] -
				Initializing Spring DispatcherServlet 'dispatcherServlet'
2022-10-26 18:07:55.356 [http-nio-8080-exec-1] INFO  org.springframework.web.servlet.DispatcherServlet -
				Initializing Servlet 'dispatcherServlet'
2022-10-26 18:07:55.358 [http-nio-8080-exec-1] INFO  org.springframework.web.servlet.DispatcherServlet -
				Completed initialization in 2 ms
2022-10-26 18:07:55.856 [http-nio-8080-exec-1] INFO  com.zaxxer.hikari.HikariDataSource -
				HikariPool-1 - Starting...
2022-10-26 18:07:55.980 [http-nio-8080-exec-1] INFO  com.zaxxer.hikari.HikariDataSource -
				HikariPool-1 - Start completed.
2022-10-26 18:31:20.033 [SpringApplicationShutdownHook] INFO  com.zaxxer.hikari.HikariDataSource -
				HikariPool-1 - Shutdown initiated...
2022-10-26 18:31:20.076 [SpringApplicationShutdownHook] INFO  com.zaxxer.hikari.HikariDataSource -
				HikariPool-1 - Shutdown completed.
2022-10-26 18:31:26.918 [main] INFO  com.example.demo.DemoApplication -
				Starting DemoApplication using Java 15.0.7 on DESKTOP-UN3KSEH with PID 14092 (C:\Users\liu\Desktop\project\MyProject\demo\target\classes started by liu in C:\Users\liu\Desktop\project\MyProject\demo)
2022-10-26 18:31:26.922 [main] INFO  com.example.demo.DemoApplication -
				No active profile set, falling back to 1 default profile: "default"
2022-10-26 18:31:27.592 [main] INFO  o.s.d.r.config.RepositoryConfigurationDelegate -
				Multiple Spring Data modules found, entering strict repository configuration mode
2022-10-26 18:31:27.594 [main] INFO  o.s.d.r.config.RepositoryConfigurationDelegate -
				Bootstrapping Spring Data Redis repositories in DEFAULT mode.
2022-10-26 18:31:27.627 [main] INFO  o.s.d.r.config.RepositoryConfigurationDelegate -
				Finished Spring Data repository scanning in 14 ms. Found 0 Redis repository interfaces.
2022-10-26 18:31:28.191 [main] INFO  o.s.boot.web.embedded.tomcat.TomcatWebServer -
				Tomcat initialized with port(s): 8080 (http)
2022-10-26 18:31:28.202 [main] INFO  org.apache.coyote.http11.Http11NioProtocol -
				Initializing ProtocolHandler ["http-nio-8080"]
2022-10-26 18:31:28.202 [main] INFO  org.apache.catalina.core.StandardService -
				Starting service [Tomcat]
2022-10-26 18:31:28.203 [main] INFO  org.apache.catalina.core.StandardEngine -
				Starting Servlet engine: [Apache Tomcat/9.0.65]
2022-10-26 18:31:28.336 [main] INFO  o.a.c.core.ContainerBase.[Tomcat].[localhost].[/] -
				Initializing Spring embedded WebApplicationContext
2022-10-26 18:31:28.336 [main] INFO  o.s.b.w.s.c.ServletWebServerApplicationContext -
				Root WebApplicationContext: initialization completed in 1363 ms
2022-10-26 18:31:29.794 [main] INFO  org.apache.coyote.http11.Http11NioProtocol -
				Starting ProtocolHandler ["http-nio-8080"]
2022-10-26 18:31:29.816 [main] INFO  o.s.boot.web.embedded.tomcat.TomcatWebServer -
				Tomcat started on port(s): 8080 (http) with context path ''
2022-10-26 18:31:29.826 [main] INFO  com.example.demo.DemoApplication -
				Started DemoApplication in 3.535 seconds (JVM running for 5.026)
2022-10-26 18:31:40.701 [http-nio-8080-exec-1] INFO  org.apache.tomcat.util.http.parser.Cookie -
				A cookie header was received [Hm_lvt_5804d09853fcc4866132fbc306348993=1655279936,1655287959;] that contained an invalid cookie. That cookie will be ignored.
 Note: further occurrences of this error will be logged at DEBUG level.
2022-10-26 18:31:40.722 [http-nio-8080-exec-1] INFO  o.a.c.core.ContainerBase.[Tomcat].[localhost].[/] -
				Initializing Spring DispatcherServlet 'dispatcherServlet'
2022-10-26 18:31:40.725 [http-nio-8080-exec-1] INFO  org.springframework.web.servlet.DispatcherServlet -
				Initializing Servlet 'dispatcherServlet'
2022-10-26 18:31:40.732 [http-nio-8080-exec-1] INFO  org.springframework.web.servlet.DispatcherServlet -
				Completed initialization in 6 ms
2022-10-26 18:31:41.291 [http-nio-8080-exec-1] INFO  com.zaxxer.hikari.HikariDataSource -
				HikariPool-1 - Starting...
2022-10-26 18:31:41.436 [http-nio-8080-exec-1] INFO  com.zaxxer.hikari.HikariDataSource -
				HikariPool-1 - Start completed.
2022-10-26 18:32:28.966 [SpringApplicationShutdownHook] INFO  com.zaxxer.hikari.HikariDataSource -
				HikariPool-1 - Shutdown initiated...
2022-10-26 18:32:28.971 [SpringApplicationShutdownHook] INFO  com.zaxxer.hikari.HikariDataSource -
				HikariPool-1 - Shutdown completed.
2022-10-26 18:32:35.412 [main] INFO  com.example.demo.DemoApplication -
				Starting DemoApplication using Java 15.0.7 on DESKTOP-UN3KSEH with PID 16568 (C:\Users\liu\Desktop\project\MyProject\demo\target\classes started by liu in C:\Users\liu\Desktop\project\MyProject\demo)
2022-10-26 18:32:35.416 [main] INFO  com.example.demo.DemoApplication -
				No active profile set, falling back to 1 default profile: "default"
2022-10-26 18:32:36.074 [main] INFO  o.s.d.r.config.RepositoryConfigurationDelegate -
				Multiple Spring Data modules found, entering strict repository configuration mode
2022-10-26 18:32:36.078 [main] INFO  o.s.d.r.config.RepositoryConfigurationDelegate -
				Bootstrapping Spring Data Redis repositories in DEFAULT mode.
2022-10-26 18:32:36.103 [main] INFO  o.s.d.r.config.RepositoryConfigurationDelegate -
				Finished Spring Data repository scanning in 13 ms. Found 0 Redis repository interfaces.
2022-10-26 18:32:36.644 [main] INFO  o.s.boot.web.embedded.tomcat.TomcatWebServer -
				Tomcat initialized with port(s): 8080 (http)
2022-10-26 18:32:36.653 [main] INFO  org.apache.coyote.http11.Http11NioProtocol -
				Initializing ProtocolHandler ["http-nio-8080"]
2022-10-26 18:32:36.653 [main] INFO  org.apache.catalina.core.StandardService -
				Starting service [Tomcat]
2022-10-26 18:32:36.654 [main] INFO  org.apache.catalina.core.StandardEngine -
				Starting Servlet engine: [Apache Tomcat/9.0.65]
2022-10-26 18:32:36.851 [main] INFO  o.a.c.core.ContainerBase.[Tomcat].[localhost].[/] -
				Initializing Spring embedded WebApplicationContext
2022-10-26 18:32:36.852 [main] INFO  o.s.b.w.s.c.ServletWebServerApplicationContext -
				Root WebApplicationContext: initialization completed in 1397 ms
2022-10-26 18:32:38.688 [main] INFO  org.apache.coyote.http11.Http11NioProtocol -
				Starting ProtocolHandler ["http-nio-8080"]
2022-10-26 18:32:38.710 [main] INFO  o.s.boot.web.embedded.tomcat.TomcatWebServer -
				Tomcat started on port(s): 8080 (http) with context path ''
2022-10-26 18:32:38.722 [main] INFO  com.example.demo.DemoApplication -
				Started DemoApplication in 3.875 seconds (JVM running for 5.142)
2022-10-26 18:32:41.070 [http-nio-8080-exec-1] INFO  org.apache.tomcat.util.http.parser.Cookie -
				A cookie header was received [Hm_lvt_5804d09853fcc4866132fbc306348993=1655279936,1655287959;] that contained an invalid cookie. That cookie will be ignored.
 Note: further occurrences of this error will be logged at DEBUG level.
2022-10-26 18:32:41.093 [http-nio-8080-exec-1] INFO  o.a.c.core.ContainerBase.[Tomcat].[localhost].[/] -
				Initializing Spring DispatcherServlet 'dispatcherServlet'
2022-10-26 18:32:41.096 [http-nio-8080-exec-1] INFO  org.springframework.web.servlet.DispatcherServlet -
				Initializing Servlet 'dispatcherServlet'
2022-10-26 18:32:41.100 [http-nio-8080-exec-1] INFO  org.springframework.web.servlet.DispatcherServlet -
				Completed initialization in 4 ms
2022-10-26 18:32:41.708 [http-nio-8080-exec-1] INFO  com.zaxxer.hikari.HikariDataSource -
				HikariPool-1 - Starting...
2022-10-26 18:32:41.832 [http-nio-8080-exec-1] INFO  com.zaxxer.hikari.HikariDataSource -
				HikariPool-1 - Start completed.
2022-10-26 18:57:27.143 [SpringApplicationShutdownHook] INFO  com.zaxxer.hikari.HikariDataSource -
				HikariPool-1 - Shutdown initiated...
2022-10-26 18:57:27.163 [SpringApplicationShutdownHook] INFO  com.zaxxer.hikari.HikariDataSource -
				HikariPool-1 - Shutdown completed.
2022-10-26 18:57:33.838 [main] INFO  com.example.demo.DemoApplication -
				Starting DemoApplication using Java 15.0.7 on DESKTOP-UN3KSEH with PID 20804 (C:\Users\liu\Desktop\project\MyProject\demo\target\classes started by liu in C:\Users\liu\Desktop\project\MyProject\demo)
2022-10-26 18:57:33.841 [main] INFO  com.example.demo.DemoApplication -
				No active profile set, falling back to 1 default profile: "default"
2022-10-26 18:57:34.658 [main] INFO  o.s.d.r.config.RepositoryConfigurationDelegate -
				Multiple Spring Data modules found, entering strict repository configuration mode
2022-10-26 18:57:34.661 [main] INFO  o.s.d.r.config.RepositoryConfigurationDelegate -
				Bootstrapping Spring Data Redis repositories in DEFAULT mode.
2022-10-26 18:57:34.695 [main] INFO  o.s.d.r.config.RepositoryConfigurationDelegate -
				Finished Spring Data repository scanning in 19 ms. Found 0 Redis repository interfaces.
2022-10-26 18:57:35.263 [main] INFO  o.s.boot.web.embedded.tomcat.TomcatWebServer -
				Tomcat initialized with port(s): 8080 (http)
2022-10-26 18:57:35.272 [main] INFO  org.apache.coyote.http11.Http11NioProtocol -
				Initializing ProtocolHandler ["http-nio-8080"]
2022-10-26 18:57:35.272 [main] INFO  org.apache.catalina.core.StandardService -
				Starting service [Tomcat]
2022-10-26 18:57:35.272 [main] INFO  org.apache.catalina.core.StandardEngine -
				Starting Servlet engine: [Apache Tomcat/9.0.65]
2022-10-26 18:57:35.384 [main] INFO  o.a.c.core.ContainerBase.[Tomcat].[localhost].[/] -
				Initializing Spring embedded WebApplicationContext
2022-10-26 18:57:35.384 [main] INFO  o.s.b.w.s.c.ServletWebServerApplicationContext -
				Root WebApplicationContext: initialization completed in 1490 ms
2022-10-26 18:57:36.931 [main] INFO  org.apache.coyote.http11.Http11NioProtocol -
				Starting ProtocolHandler ["http-nio-8080"]
2022-10-26 18:57:36.951 [main] INFO  o.s.boot.web.embedded.tomcat.TomcatWebServer -
				Tomcat started on port(s): 8080 (http) with context path ''
2022-10-26 18:57:36.963 [main] INFO  com.example.demo.DemoApplication -
				Started DemoApplication in 3.71 seconds (JVM running for 4.566)
2022-10-26 18:58:04.175 [http-nio-8080-exec-1] INFO  o.a.c.core.ContainerBase.[Tomcat].[localhost].[/] -
				Initializing Spring DispatcherServlet 'dispatcherServlet'
2022-10-26 18:58:04.177 [http-nio-8080-exec-1] INFO  org.springframework.web.servlet.DispatcherServlet -
				Initializing Servlet 'dispatcherServlet'
2022-10-26 18:58:04.184 [http-nio-8080-exec-1] INFO  org.springframework.web.servlet.DispatcherServlet -
				Completed initialization in 4 ms
2022-10-26 18:58:04.254 [http-nio-8080-exec-2] INFO  org.apache.tomcat.util.http.parser.Cookie -
				A cookie header was received [Hm_lvt_5804d09853fcc4866132fbc306348993=1655279936,1655287959;] that contained an invalid cookie. That cookie will be ignored.
 Note: further occurrences of this error will be logged at DEBUG level.
2022-10-26 18:58:04.754 [http-nio-8080-exec-2] INFO  com.zaxxer.hikari.HikariDataSource -
				HikariPool-1 - Starting...
2022-10-26 18:58:04.910 [http-nio-8080-exec-2] INFO  com.zaxxer.hikari.HikariDataSource -
				HikariPool-1 - Start completed.
2022-10-26 19:11:52.250 [SpringApplicationShutdownHook] INFO  com.zaxxer.hikari.HikariDataSource -
				HikariPool-1 - Shutdown initiated...
2022-10-26 19:11:52.261 [SpringApplicationShutdownHook] INFO  com.zaxxer.hikari.HikariDataSource -
				HikariPool-1 - Shutdown completed.
2022-10-26 19:11:58.179 [main] INFO  com.example.demo.DemoApplication -
				Starting DemoApplication using Java 15.0.7 on DESKTOP-UN3KSEH with PID 19040 (C:\Users\liu\Desktop\project\MyProject\demo\target\classes started by liu in C:\Users\liu\Desktop\project\MyProject\demo)
2022-10-26 19:11:58.181 [main] INFO  com.example.demo.DemoApplication -
				No active profile set, falling back to 1 default profile: "default"
2022-10-26 19:11:58.908 [main] INFO  o.s.d.r.config.RepositoryConfigurationDelegate -
				Multiple Spring Data modules found, entering strict repository configuration mode
2022-10-26 19:11:58.911 [main] INFO  o.s.d.r.config.RepositoryConfigurationDelegate -
				Bootstrapping Spring Data Redis repositories in DEFAULT mode.
2022-10-26 19:11:58.943 [main] INFO  o.s.d.r.config.RepositoryConfigurationDelegate -
				Finished Spring Data repository scanning in 14 ms. Found 0 Redis repository interfaces.
2022-10-26 19:11:59.602 [main] INFO  o.s.boot.web.embedded.tomcat.TomcatWebServer -
				Tomcat initialized with port(s): 8080 (http)
2022-10-26 19:11:59.612 [main] INFO  org.apache.coyote.http11.Http11NioProtocol -
				Initializing ProtocolHandler ["http-nio-8080"]
2022-10-26 19:11:59.613 [main] INFO  org.apache.catalina.core.StandardService -
				Starting service [Tomcat]
2022-10-26 19:11:59.613 [main] INFO  org.apache.catalina.core.StandardEngine -
				Starting Servlet engine: [Apache Tomcat/9.0.65]
2022-10-26 19:11:59.726 [main] INFO  o.a.c.core.ContainerBase.[Tomcat].[localhost].[/] -
				Initializing Spring embedded WebApplicationContext
2022-10-26 19:11:59.726 [main] INFO  o.s.b.w.s.c.ServletWebServerApplicationContext -
				Root WebApplicationContext: initialization completed in 1505 ms
2022-10-26 19:12:01.082 [main] INFO  org.apache.coyote.http11.Http11NioProtocol -
				Starting ProtocolHandler ["http-nio-8080"]
2022-10-26 19:12:01.108 [main] INFO  o.s.boot.web.embedded.tomcat.TomcatWebServer -
				Tomcat started on port(s): 8080 (http) with context path ''
2022-10-26 19:12:01.121 [main] INFO  com.example.demo.DemoApplication -
				Started DemoApplication in 3.532 seconds (JVM running for 4.319)
2022-10-26 19:12:07.871 [http-nio-8080-exec-1] INFO  org.apache.tomcat.util.http.parser.Cookie -
				A cookie header was received [Hm_lvt_5804d09853fcc4866132fbc306348993=1655279936,1655287959;] that contained an invalid cookie. That cookie will be ignored.
 Note: further occurrences of this error will be logged at DEBUG level.
2022-10-26 19:12:07.887 [http-nio-8080-exec-1] INFO  o.a.c.core.ContainerBase.[Tomcat].[localhost].[/] -
				Initializing Spring DispatcherServlet 'dispatcherServlet'
2022-10-26 19:12:07.887 [http-nio-8080-exec-1] INFO  org.springframework.web.servlet.DispatcherServlet -
				Initializing Servlet 'dispatcherServlet'
2022-10-26 19:12:07.891 [http-nio-8080-exec-1] INFO  org.springframework.web.servlet.DispatcherServlet -
				Completed initialization in 3 ms
2022-10-26 19:12:08.374 [http-nio-8080-exec-1] INFO  com.zaxxer.hikari.HikariDataSource -
				HikariPool-1 - Starting...
2022-10-26 19:12:08.499 [http-nio-8080-exec-1] INFO  com.zaxxer.hikari.HikariDataSource -
				HikariPool-1 - Start completed.
2022-10-26 19:13:18.500 [SpringApplicationShutdownHook] INFO  com.zaxxer.hikari.HikariDataSource -
				HikariPool-1 - Shutdown initiated...
2022-10-26 19:13:18.513 [SpringApplicationShutdownHook] INFO  com.zaxxer.hikari.HikariDataSource -
				HikariPool-1 - Shutdown completed.
2022-10-26 19:13:25.225 [main] INFO  com.example.demo.DemoApplication -
				Starting DemoApplication using Java 15.0.7 on DESKTOP-UN3KSEH with PID 3004 (C:\Users\liu\Desktop\project\MyProject\demo\target\classes started by liu in C:\Users\liu\Desktop\project\MyProject\demo)
2022-10-26 19:13:25.227 [main] INFO  com.example.demo.DemoApplication -
				No active profile set, falling back to 1 default profile: "default"
2022-10-26 19:13:26.045 [main] INFO  o.s.d.r.config.RepositoryConfigurationDelegate -
				Multiple Spring Data modules found, entering strict repository configuration mode
2022-10-26 19:13:26.048 [main] INFO  o.s.d.r.config.RepositoryConfigurationDelegate -
				Bootstrapping Spring Data Redis repositories in DEFAULT mode.
2022-10-26 19:13:26.076 [main] INFO  o.s.d.r.config.RepositoryConfigurationDelegate -
				Finished Spring Data repository scanning in 14 ms. Found 0 Redis repository interfaces.
2022-10-26 19:13:26.621 [main] INFO  o.s.boot.web.embedded.tomcat.TomcatWebServer -
				Tomcat initialized with port(s): 8080 (http)
2022-10-26 19:13:26.628 [main] INFO  org.apache.coyote.http11.Http11NioProtocol -
				Initializing ProtocolHandler ["http-nio-8080"]
2022-10-26 19:13:26.628 [main] INFO  org.apache.catalina.core.StandardService -
				Starting service [Tomcat]
2022-10-26 19:13:26.629 [main] INFO  org.apache.catalina.core.StandardEngine -
				Starting Servlet engine: [Apache Tomcat/9.0.65]
2022-10-26 19:13:26.721 [main] INFO  o.a.c.core.ContainerBase.[Tomcat].[localhost].[/] -
				Initializing Spring embedded WebApplicationContext
2022-10-26 19:13:26.722 [main] INFO  o.s.b.w.s.c.ServletWebServerApplicationContext -
				Root WebApplicationContext: initialization completed in 1444 ms
2022-10-26 19:13:28.089 [main] INFO  org.apache.coyote.http11.Http11NioProtocol -
				Starting ProtocolHandler ["http-nio-8080"]
2022-10-26 19:13:28.109 [main] INFO  o.s.boot.web.embedded.tomcat.TomcatWebServer -
				Tomcat started on port(s): 8080 (http) with context path ''
2022-10-26 19:13:28.121 [main] INFO  com.example.demo.DemoApplication -
				Started DemoApplication in 3.556 seconds (JVM running for 4.66)
2022-10-26 19:13:31.061 [http-nio-8080-exec-1] INFO  org.apache.tomcat.util.http.parser.Cookie -
				A cookie header was received [Hm_lvt_5804d09853fcc4866132fbc306348993=1655279936,1655287959;] that contained an invalid cookie. That cookie will be ignored.
 Note: further occurrences of this error will be logged at DEBUG level.
2022-10-26 19:13:31.077 [http-nio-8080-exec-1] INFO  o.a.c.core.ContainerBase.[Tomcat].[localhost].[/] -
				Initializing Spring DispatcherServlet 'dispatcherServlet'
2022-10-26 19:13:31.079 [http-nio-8080-exec-1] INFO  org.springframework.web.servlet.DispatcherServlet -
				Initializing Servlet 'dispatcherServlet'
2022-10-26 19:13:31.081 [http-nio-8080-exec-1] INFO  org.springframework.web.servlet.DispatcherServlet -
				Completed initialization in 2 ms
2022-10-26 19:13:31.574 [http-nio-8080-exec-1] INFO  com.zaxxer.hikari.HikariDataSource -
				HikariPool-1 - Starting...
2022-10-26 19:13:31.701 [http-nio-8080-exec-1] INFO  com.zaxxer.hikari.HikariDataSource -
				HikariPool-1 - Start completed.
2022-10-26 19:31:09.804 [SpringApplicationShutdownHook] INFO  com.zaxxer.hikari.HikariDataSource -
				HikariPool-1 - Shutdown initiated...
2022-10-26 19:31:09.844 [SpringApplicationShutdownHook] INFO  com.zaxxer.hikari.HikariDataSource -
				HikariPool-1 - Shutdown completed.
2022-10-26 19:31:17.768 [main] INFO  com.example.demo.DemoApplication -
				Starting DemoApplication using Java 15.0.7 on DESKTOP-UN3KSEH with PID 10540 (C:\Users\liu\Desktop\project\MyProject\demo\target\classes started by liu in C:\Users\liu\Desktop\project\MyProject\demo)
2022-10-26 19:31:17.774 [main] INFO  com.example.demo.DemoApplication -
				No active profile set, falling back to 1 default profile: "default"
2022-10-26 19:31:18.725 [main] INFO  o.s.d.r.config.RepositoryConfigurationDelegate -
				Multiple Spring Data modules found, entering strict repository configuration mode
2022-10-26 19:31:18.731 [main] INFO  o.s.d.r.config.RepositoryConfigurationDelegate -
				Bootstrapping Spring Data Redis repositories in DEFAULT mode.
2022-10-26 19:31:18.781 [main] INFO  o.s.d.r.config.RepositoryConfigurationDelegate -
				Finished Spring Data repository scanning in 14 ms. Found 0 Redis repository interfaces.
2022-10-26 19:31:19.468 [main] INFO  o.s.boot.web.embedded.tomcat.TomcatWebServer -
				Tomcat initialized with port(s): 8080 (http)
2022-10-26 19:31:19.479 [main] INFO  org.apache.coyote.http11.Http11NioProtocol -
				Initializing ProtocolHandler ["http-nio-8080"]
2022-10-26 19:31:19.479 [main] INFO  org.apache.catalina.core.StandardService -
				Starting service [Tomcat]
2022-10-26 19:31:19.480 [main] INFO  org.apache.catalina.core.StandardEngine -
				Starting Servlet engine: [Apache Tomcat/9.0.65]
2022-10-26 19:31:19.632 [main] INFO  o.a.c.core.ContainerBase.[Tomcat].[localhost].[/] -
				Initializing Spring embedded WebApplicationContext
2022-10-26 19:31:19.633 [main] INFO  o.s.b.w.s.c.ServletWebServerApplicationContext -
				Root WebApplicationContext: initialization completed in 1785 ms
2022-10-26 19:31:21.308 [main] INFO  org.apache.coyote.http11.Http11NioProtocol -
				Starting ProtocolHandler ["http-nio-8080"]
2022-10-26 19:31:21.328 [main] INFO  o.s.boot.web.embedded.tomcat.TomcatWebServer -
				Tomcat started on port(s): 8080 (http) with context path ''
2022-10-26 19:31:21.340 [main] INFO  com.example.demo.DemoApplication -
				Started DemoApplication in 4.234 seconds (JVM running for 5.173)
2022-10-26 19:31:29.379 [http-nio-8080-exec-1] INFO  org.apache.tomcat.util.http.parser.Cookie -
				A cookie header was received [Hm_lvt_5804d09853fcc4866132fbc306348993=1655279936,1655287959;] that contained an invalid cookie. That cookie will be ignored.
 Note: further occurrences of this error will be logged at DEBUG level.
2022-10-26 19:31:29.393 [http-nio-8080-exec-1] INFO  o.a.c.core.ContainerBase.[Tomcat].[localhost].[/] -
				Initializing Spring DispatcherServlet 'dispatcherServlet'
2022-10-26 19:31:29.393 [http-nio-8080-exec-1] INFO  org.springframework.web.servlet.DispatcherServlet -
				Initializing Servlet 'dispatcherServlet'
2022-10-26 19:31:29.395 [http-nio-8080-exec-1] INFO  org.springframework.web.servlet.DispatcherServlet -
				Completed initialization in 1 ms
2022-10-26 19:31:30.086 [http-nio-8080-exec-1] INFO  com.zaxxer.hikari.HikariDataSource -
				HikariPool-1 - Starting...
2022-10-26 19:31:30.524 [http-nio-8080-exec-1] INFO  com.zaxxer.hikari.HikariDataSource -
				HikariPool-1 - Start completed.
2022-10-26 19:33:10.138 [SpringApplicationShutdownHook] INFO  com.zaxxer.hikari.HikariDataSource -
				HikariPool-1 - Shutdown initiated...
2022-10-26 19:33:10.146 [SpringApplicationShutdownHook] INFO  com.zaxxer.hikari.HikariDataSource -
				HikariPool-1 - Shutdown completed.
2022-10-26 19:33:16.162 [main] INFO  com.example.demo.DemoApplication -
				Starting DemoApplication using Java 15.0.7 on DESKTOP-UN3KSEH with PID 19968 (C:\Users\liu\Desktop\project\MyProject\demo\target\classes started by liu in C:\Users\liu\Desktop\project\MyProject\demo)
2022-10-26 19:33:16.164 [main] INFO  com.example.demo.DemoApplication -
				No active profile set, falling back to 1 default profile: "default"
2022-10-26 19:33:16.896 [main] INFO  o.s.d.r.config.RepositoryConfigurationDelegate -
				Multiple Spring Data modules found, entering strict repository configuration mode
2022-10-26 19:33:16.898 [main] INFO  o.s.d.r.config.RepositoryConfigurationDelegate -
				Bootstrapping Spring Data Redis repositories in DEFAULT mode.
2022-10-26 19:33:16.930 [main] INFO  o.s.d.r.config.RepositoryConfigurationDelegate -
				Finished Spring Data repository scanning in 14 ms. Found 0 Redis repository interfaces.
2022-10-26 19:33:17.549 [main] INFO  o.s.boot.web.embedded.tomcat.TomcatWebServer -
				Tomcat initialized with port(s): 8080 (http)
2022-10-26 19:33:17.557 [main] INFO  org.apache.coyote.http11.Http11NioProtocol -
				Initializing ProtocolHandler ["http-nio-8080"]
2022-10-26 19:33:17.558 [main] INFO  org.apache.catalina.core.StandardService -
				Starting service [Tomcat]
2022-10-26 19:33:17.558 [main] INFO  org.apache.catalina.core.StandardEngine -
				Starting Servlet engine: [Apache Tomcat/9.0.65]
2022-10-26 19:33:17.658 [main] INFO  o.a.c.core.ContainerBase.[Tomcat].[localhost].[/] -
				Initializing Spring embedded WebApplicationContext
2022-10-26 19:33:17.658 [main] INFO  o.s.b.w.s.c.ServletWebServerApplicationContext -
				Root WebApplicationContext: initialization completed in 1442 ms
2022-10-26 19:33:19.125 [main] INFO  org.apache.coyote.http11.Http11NioProtocol -
				Starting ProtocolHandler ["http-nio-8080"]
2022-10-26 19:33:19.151 [main] INFO  o.s.boot.web.embedded.tomcat.TomcatWebServer -
				Tomcat started on port(s): 8080 (http) with context path ''
2022-10-26 19:33:19.166 [main] INFO  com.example.demo.DemoApplication -
				Started DemoApplication in 3.623 seconds (JVM running for 4.33)
2022-10-26 19:33:40.882 [http-nio-8080-exec-1] INFO  org.apache.tomcat.util.http.parser.Cookie -
				A cookie header was received [Hm_lvt_5804d09853fcc4866132fbc306348993=1655279936,1655287959;] that contained an invalid cookie. That cookie will be ignored.
 Note: further occurrences of this error will be logged at DEBUG level.
2022-10-26 19:33:40.903 [http-nio-8080-exec-1] INFO  o.a.c.core.ContainerBase.[Tomcat].[localhost].[/] -
				Initializing Spring DispatcherServlet 'dispatcherServlet'
2022-10-26 19:33:40.904 [http-nio-8080-exec-1] INFO  org.springframework.web.servlet.DispatcherServlet -
				Initializing Servlet 'dispatcherServlet'
2022-10-26 19:33:40.907 [http-nio-8080-exec-1] INFO  org.springframework.web.servlet.DispatcherServlet -
				Completed initialization in 2 ms
2022-10-26 19:33:41.353 [http-nio-8080-exec-1] INFO  com.zaxxer.hikari.HikariDataSource -
				HikariPool-1 - Starting...
2022-10-26 19:33:41.468 [http-nio-8080-exec-1] INFO  com.zaxxer.hikari.HikariDataSource -
				HikariPool-1 - Start completed.
2022-10-26 19:47:44.104 [SpringApplicationShutdownHook] INFO  com.zaxxer.hikari.HikariDataSource -
				HikariPool-1 - Shutdown initiated...
2022-10-26 19:47:44.125 [SpringApplicationShutdownHook] INFO  com.zaxxer.hikari.HikariDataSource -
				HikariPool-1 - Shutdown completed.
2022-10-26 19:47:51.746 [main] INFO  com.example.demo.DemoApplication -
				Starting DemoApplication using Java 15.0.7 on DESKTOP-UN3KSEH with PID 9784 (C:\Users\liu\Desktop\project\MyProject\demo\target\classes started by liu in C:\Users\liu\Desktop\project\MyProject\demo)
2022-10-26 19:47:51.749 [main] INFO  com.example.demo.DemoApplication -
				No active profile set, falling back to 1 default profile: "default"
2022-10-26 19:47:52.484 [main] INFO  o.s.d.r.config.RepositoryConfigurationDelegate -
				Multiple Spring Data modules found, entering strict repository configuration mode
2022-10-26 19:47:52.487 [main] INFO  o.s.d.r.config.RepositoryConfigurationDelegate -
				Bootstrapping Spring Data Redis repositories in DEFAULT mode.
2022-10-26 19:47:52.522 [main] INFO  o.s.d.r.config.RepositoryConfigurationDelegate -
				Finished Spring Data repository scanning in 14 ms. Found 0 Redis repository interfaces.
2022-10-26 19:47:53.109 [main] INFO  o.s.boot.web.embedded.tomcat.TomcatWebServer -
				Tomcat initialized with port(s): 8080 (http)
2022-10-26 19:47:53.124 [main] INFO  org.apache.coyote.http11.Http11NioProtocol -
				Initializing ProtocolHandler ["http-nio-8080"]
2022-10-26 19:47:53.124 [main] INFO  org.apache.catalina.core.StandardService -
				Starting service [Tomcat]
2022-10-26 19:47:53.124 [main] INFO  org.apache.catalina.core.StandardEngine -
				Starting Servlet engine: [Apache Tomcat/9.0.65]
2022-10-26 19:47:53.286 [main] INFO  o.a.c.core.ContainerBase.[Tomcat].[localhost].[/] -
				Initializing Spring embedded WebApplicationContext
2022-10-26 19:47:53.287 [main] INFO  o.s.b.w.s.c.ServletWebServerApplicationContext -
				Root WebApplicationContext: initialization completed in 1495 ms
2022-10-26 19:47:54.902 [main] INFO  org.apache.coyote.http11.Http11NioProtocol -
				Starting ProtocolHandler ["http-nio-8080"]
2022-10-26 19:47:54.925 [main] INFO  o.s.boot.web.embedded.tomcat.TomcatWebServer -
				Tomcat started on port(s): 8080 (http) with context path ''
2022-10-26 19:47:54.936 [main] INFO  com.example.demo.DemoApplication -
				Started DemoApplication in 3.936 seconds (JVM running for 4.852)
2022-10-26 19:50:39.324 [http-nio-8080-exec-2] INFO  org.apache.tomcat.util.http.parser.Cookie -
				A cookie header was received [Hm_lvt_5804d09853fcc4866132fbc306348993=1655279936,1655287959;] that contained an invalid cookie. That cookie will be ignored.
 Note: further occurrences of this error will be logged at DEBUG level.
2022-10-26 19:50:39.341 [http-nio-8080-exec-2] INFO  o.a.c.core.ContainerBase.[Tomcat].[localhost].[/] -
				Initializing Spring DispatcherServlet 'dispatcherServlet'
2022-10-26 19:50:39.341 [http-nio-8080-exec-2] INFO  org.springframework.web.servlet.DispatcherServlet -
				Initializing Servlet 'dispatcherServlet'
2022-10-26 19:50:39.345 [http-nio-8080-exec-2] INFO  org.springframework.web.servlet.DispatcherServlet -
				Completed initialization in 4 ms
2022-10-26 19:50:40.099 [http-nio-8080-exec-2] INFO  com.zaxxer.hikari.HikariDataSource -
				HikariPool-1 - Starting...
2022-10-26 19:50:40.284 [http-nio-8080-exec-2] INFO  com.zaxxer.hikari.HikariDataSource -
				HikariPool-1 - Start completed.
2022-10-26 19:50:43.084 [SpringApplicationShutdownHook] INFO  com.zaxxer.hikari.HikariDataSource -
				HikariPool-1 - Shutdown initiated...
2022-10-26 19:50:43.091 [SpringApplicationShutdownHook] INFO  com.zaxxer.hikari.HikariDataSource -
				HikariPool-1 - Shutdown completed.
2022-10-26 19:50:50.283 [main] INFO  com.example.demo.DemoApplication -
				Starting DemoApplication using Java 15.0.7 on DESKTOP-UN3KSEH with PID 7520 (C:\Users\liu\Desktop\project\MyProject\demo\target\classes started by liu in C:\Users\liu\Desktop\project\MyProject\demo)
2022-10-26 19:50:50.288 [main] INFO  com.example.demo.DemoApplication -
				No active profile set, falling back to 1 default profile: "default"
2022-10-26 19:50:51.074 [main] INFO  o.s.d.r.config.RepositoryConfigurationDelegate -
				Multiple Spring Data modules found, entering strict repository configuration mode
2022-10-26 19:50:51.077 [main] INFO  o.s.d.r.config.RepositoryConfigurationDelegate -
				Bootstrapping Spring Data Redis repositories in DEFAULT mode.
2022-10-26 19:50:51.113 [main] INFO  o.s.d.r.config.RepositoryConfigurationDelegate -
				Finished Spring Data repository scanning in 16 ms. Found 0 Redis repository interfaces.
2022-10-26 19:50:51.783 [main] INFO  o.s.boot.web.embedded.tomcat.TomcatWebServer -
				Tomcat initialized with port(s): 8080 (http)
2022-10-26 19:50:51.799 [main] INFO  org.apache.coyote.http11.Http11NioProtocol -
				Initializing ProtocolHandler ["http-nio-8080"]
2022-10-26 19:50:51.800 [main] INFO  org.apache.catalina.core.StandardService -
				Starting service [Tomcat]
2022-10-26 19:50:51.801 [main] INFO  org.apache.catalina.core.StandardEngine -
				Starting Servlet engine: [Apache Tomcat/9.0.65]
2022-10-26 19:50:51.969 [main] INFO  o.a.c.core.ContainerBase.[Tomcat].[localhost].[/] -
				Initializing Spring embedded WebApplicationContext
2022-10-26 19:50:51.970 [main] INFO  o.s.b.w.s.c.ServletWebServerApplicationContext -
				Root WebApplicationContext: initialization completed in 1629 ms
2022-10-26 19:50:54.076 [main] INFO  org.apache.coyote.http11.Http11NioProtocol -
				Starting ProtocolHandler ["http-nio-8080"]
2022-10-26 19:50:54.100 [main] INFO  o.s.boot.web.embedded.tomcat.TomcatWebServer -
				Tomcat started on port(s): 8080 (http) with context path ''
2022-10-26 19:50:54.111 [main] INFO  com.example.demo.DemoApplication -
				Started DemoApplication in 4.514 seconds (JVM running for 5.603)
2022-10-26 19:50:57.739 [http-nio-8080-exec-1] INFO  org.apache.tomcat.util.http.parser.Cookie -
				A cookie header was received [Hm_lvt_5804d09853fcc4866132fbc306348993=1655279936,1655287959;] that contained an invalid cookie. That cookie will be ignored.
 Note: further occurrences of this error will be logged at DEBUG level.
2022-10-26 19:50:57.758 [http-nio-8080-exec-1] INFO  o.a.c.core.ContainerBase.[Tomcat].[localhost].[/] -
				Initializing Spring DispatcherServlet 'dispatcherServlet'
2022-10-26 19:50:57.759 [http-nio-8080-exec-1] INFO  org.springframework.web.servlet.DispatcherServlet -
				Initializing Servlet 'dispatcherServlet'
2022-10-26 19:50:57.769 [http-nio-8080-exec-1] INFO  org.springframework.web.servlet.DispatcherServlet -
				Completed initialization in 10 ms
2022-10-26 19:50:58.272 [http-nio-8080-exec-1] INFO  com.zaxxer.hikari.HikariDataSource -
				HikariPool-1 - Starting...
2022-10-26 19:50:58.450 [http-nio-8080-exec-1] INFO  com.zaxxer.hikari.HikariDataSource -
				HikariPool-1 - Start completed.
2022-10-26 19:52:58.385 [SpringApplicationShutdownHook] INFO  com.zaxxer.hikari.HikariDataSource -
				HikariPool-1 - Shutdown initiated...
2022-10-26 19:52:58.424 [SpringApplicationShutdownHook] INFO  com.zaxxer.hikari.HikariDataSource -
				HikariPool-1 - Shutdown completed.
2022-10-26 19:53:05.299 [main] INFO  com.example.demo.DemoApplication -
				Starting DemoApplication using Java 15.0.7 on DESKTOP-UN3KSEH with PID 13100 (C:\Users\liu\Desktop\project\MyProject\demo\target\classes started by liu in C:\Users\liu\Desktop\project\MyProject\demo)
2022-10-26 19:53:05.302 [main] INFO  com.example.demo.DemoApplication -
				No active profile set, falling back to 1 default profile: "default"
2022-10-26 19:53:05.981 [main] INFO  o.s.d.r.config.RepositoryConfigurationDelegate -
				Multiple Spring Data modules found, entering strict repository configuration mode
2022-10-26 19:53:05.984 [main] INFO  o.s.d.r.config.RepositoryConfigurationDelegate -
				Bootstrapping Spring Data Redis repositories in DEFAULT mode.
2022-10-26 19:53:06.024 [main] INFO  o.s.d.r.config.RepositoryConfigurationDelegate -
				Finished Spring Data repository scanning in 18 ms. Found 0 Redis repository interfaces.
2022-10-26 19:53:06.572 [main] INFO  o.s.boot.web.embedded.tomcat.TomcatWebServer -
				Tomcat initialized with port(s): 8080 (http)
2022-10-26 19:53:06.582 [main] INFO  org.apache.coyote.http11.Http11NioProtocol -
				Initializing ProtocolHandler ["http-nio-8080"]
2022-10-26 19:53:06.583 [main] INFO  org.apache.catalina.core.StandardService -
				Starting service [Tomcat]
2022-10-26 19:53:06.583 [main] INFO  org.apache.catalina.core.StandardEngine -
				Starting Servlet engine: [Apache Tomcat/9.0.65]
2022-10-26 19:53:06.691 [main] INFO  o.a.c.core.ContainerBase.[Tomcat].[localhost].[/] -
				Initializing Spring embedded WebApplicationContext
2022-10-26 19:53:06.691 [main] INFO  o.s.b.w.s.c.ServletWebServerApplicationContext -
				Root WebApplicationContext: initialization completed in 1343 ms
2022-10-26 19:53:08.067 [main] INFO  org.apache.coyote.http11.Http11NioProtocol -
				Starting ProtocolHandler ["http-nio-8080"]
2022-10-26 19:53:08.094 [main] INFO  o.s.boot.web.embedded.tomcat.TomcatWebServer -
				Tomcat started on port(s): 8080 (http) with context path ''
2022-10-26 19:53:08.105 [main] INFO  com.example.demo.DemoApplication -
				Started DemoApplication in 3.326 seconds (JVM running for 4.133)
2022-10-26 19:53:18.803 [http-nio-8080-exec-1] INFO  org.apache.tomcat.util.http.parser.Cookie -
				A cookie header was received [Hm_lvt_5804d09853fcc4866132fbc306348993=1655279936,1655287959;] that contained an invalid cookie. That cookie will be ignored.
 Note: further occurrences of this error will be logged at DEBUG level.
2022-10-26 19:53:18.816 [http-nio-8080-exec-1] INFO  o.a.c.core.ContainerBase.[Tomcat].[localhost].[/] -
				Initializing Spring DispatcherServlet 'dispatcherServlet'
2022-10-26 19:53:18.817 [http-nio-8080-exec-1] INFO  org.springframework.web.servlet.DispatcherServlet -
				Initializing Servlet 'dispatcherServlet'
2022-10-26 19:53:18.818 [http-nio-8080-exec-1] INFO  org.springframework.web.servlet.DispatcherServlet -
				Completed initialization in 1 ms
2022-10-26 19:53:19.264 [http-nio-8080-exec-1] INFO  com.zaxxer.hikari.HikariDataSource -
				HikariPool-1 - Starting...
2022-10-26 19:53:19.404 [http-nio-8080-exec-1] INFO  com.zaxxer.hikari.HikariDataSource -
				HikariPool-1 - Start completed.
2022-10-26 20:04:48.813 [SpringApplicationShutdownHook] INFO  com.zaxxer.hikari.HikariDataSource -
				HikariPool-1 - Shutdown initiated...
2022-10-26 20:04:48.831 [SpringApplicationShutdownHook] INFO  com.zaxxer.hikari.HikariDataSource -
				HikariPool-1 - Shutdown completed.
2022-10-26 20:04:55.757 [main] INFO  com.example.demo.DemoApplication -
				Starting DemoApplication using Java 15.0.7 on DESKTOP-UN3KSEH with PID 11072 (C:\Users\liu\Desktop\project\MyProject\demo\target\classes started by liu in C:\Users\liu\Desktop\project\MyProject\demo)
2022-10-26 20:04:55.760 [main] INFO  com.example.demo.DemoApplication -
				No active profile set, falling back to 1 default profile: "default"
2022-10-26 20:04:56.349 [main] INFO  o.s.d.r.config.RepositoryConfigurationDelegate -
				Multiple Spring Data modules found, entering strict repository configuration mode
2022-10-26 20:04:56.351 [main] INFO  o.s.d.r.config.RepositoryConfigurationDelegate -
				Bootstrapping Spring Data Redis repositories in DEFAULT mode.
2022-10-26 20:04:56.376 [main] INFO  o.s.d.r.config.RepositoryConfigurationDelegate -
				Finished Spring Data repository scanning in 14 ms. Found 0 Redis repository interfaces.
2022-10-26 20:04:56.873 [main] INFO  o.s.boot.web.embedded.tomcat.TomcatWebServer -
				Tomcat initialized with port(s): 8080 (http)
2022-10-26 20:04:56.886 [main] INFO  org.apache.coyote.http11.Http11NioProtocol -
				Initializing ProtocolHandler ["http-nio-8080"]
2022-10-26 20:04:56.886 [main] INFO  org.apache.catalina.core.StandardService -
				Starting service [Tomcat]
2022-10-26 20:04:56.887 [main] INFO  org.apache.catalina.core.StandardEngine -
				Starting Servlet engine: [Apache Tomcat/9.0.65]
2022-10-26 20:04:56.995 [main] INFO  o.a.c.core.ContainerBase.[Tomcat].[localhost].[/] -
				Initializing Spring embedded WebApplicationContext
2022-10-26 20:04:56.995 [main] INFO  o.s.b.w.s.c.ServletWebServerApplicationContext -
				Root WebApplicationContext: initialization completed in 1197 ms
2022-10-26 20:04:58.357 [main] INFO  org.apache.coyote.http11.Http11NioProtocol -
				Starting ProtocolHandler ["http-nio-8080"]
2022-10-26 20:04:58.386 [main] INFO  o.s.boot.web.embedded.tomcat.TomcatWebServer -
				Tomcat started on port(s): 8080 (http) with context path ''
2022-10-26 20:04:58.397 [main] INFO  com.example.demo.DemoApplication -
				Started DemoApplication in 3.155 seconds (JVM running for 3.985)
2022-10-26 20:05:54.511 [main] INFO  com.example.demo.DemoApplication -
				Starting DemoApplication using Java 15.0.7 on DESKTOP-UN3KSEH with PID 3852 (C:\Users\liu\Desktop\project\MyProject\demo\target\classes started by liu in C:\Users\liu\Desktop\project\MyProject\demo)
2022-10-26 20:05:54.516 [main] INFO  com.example.demo.DemoApplication -
				No active profile set, falling back to 1 default profile: "default"
2022-10-26 20:05:55.343 [main] INFO  o.s.d.r.config.RepositoryConfigurationDelegate -
				Multiple Spring Data modules found, entering strict repository configuration mode
2022-10-26 20:05:55.345 [main] INFO  o.s.d.r.config.RepositoryConfigurationDelegate -
				Bootstrapping Spring Data Redis repositories in DEFAULT mode.
2022-10-26 20:05:55.378 [main] INFO  o.s.d.r.config.RepositoryConfigurationDelegate -
				Finished Spring Data repository scanning in 15 ms. Found 0 Redis repository interfaces.
2022-10-26 20:05:56.073 [main] INFO  o.s.boot.web.embedded.tomcat.TomcatWebServer -
				Tomcat initialized with port(s): 8080 (http)
2022-10-26 20:05:56.086 [main] INFO  org.apache.coyote.http11.Http11NioProtocol -
				Initializing ProtocolHandler ["http-nio-8080"]
2022-10-26 20:05:56.086 [main] INFO  org.apache.catalina.core.StandardService -
				Starting service [Tomcat]
2022-10-26 20:05:56.086 [main] INFO  org.apache.catalina.core.StandardEngine -
				Starting Servlet engine: [Apache Tomcat/9.0.65]
2022-10-26 20:05:56.214 [main] INFO  o.a.c.core.ContainerBase.[Tomcat].[localhost].[/] -
				Initializing Spring embedded WebApplicationContext
2022-10-26 20:05:56.215 [main] INFO  o.s.b.w.s.c.ServletWebServerApplicationContext -
				Root WebApplicationContext: initialization completed in 1646 ms
2022-10-26 20:05:57.964 [main] INFO  org.apache.coyote.http11.Http11NioProtocol -
				Starting ProtocolHandler ["http-nio-8080"]
2022-10-26 20:05:57.986 [main] INFO  o.s.boot.web.embedded.tomcat.TomcatWebServer -
				Tomcat started on port(s): 8080 (http) with context path ''
2022-10-26 20:05:57.996 [main] INFO  com.example.demo.DemoApplication -
				Started DemoApplication in 4.517 seconds (JVM running for 6.423)
2022-10-26 20:06:17.326 [http-nio-8080-exec-1] INFO  o.a.c.core.ContainerBase.[Tomcat].[localhost].[/] -
				Initializing Spring DispatcherServlet 'dispatcherServlet'
2022-10-26 20:06:17.327 [http-nio-8080-exec-1] INFO  org.springframework.web.servlet.DispatcherServlet -
				Initializing Servlet 'dispatcherServlet'
2022-10-26 20:06:17.329 [http-nio-8080-exec-1] INFO  org.springframework.web.servlet.DispatcherServlet -
				Completed initialization in 1 ms
2022-10-26 20:06:17.389 [http-nio-8080-exec-2] INFO  org.apache.tomcat.util.http.parser.Cookie -
				A cookie header was received [Hm_lvt_5804d09853fcc4866132fbc306348993=1655279936,1655287959;] that contained an invalid cookie. That cookie will be ignored.
 Note: further occurrences of this error will be logged at DEBUG level.
2022-10-26 20:06:18.007 [http-nio-8080-exec-2] INFO  com.zaxxer.hikari.HikariDataSource -
				HikariPool-1 - Starting...
2022-10-26 20:06:18.231 [http-nio-8080-exec-2] INFO  com.zaxxer.hikari.HikariDataSource -
				HikariPool-1 - Start completed.
2022-10-26 21:50:13.431 [SpringApplicationShutdownHook] INFO  com.zaxxer.hikari.HikariDataSource -
				HikariPool-1 - Shutdown initiated...
2022-10-26 21:50:13.447 [SpringApplicationShutdownHook] INFO  com.zaxxer.hikari.HikariDataSource -
				HikariPool-1 - Shutdown completed.
