2022-10-17 19:15:31.481 [main] INFO  com.example.demo.DemoApplication -
				Starting DemoApplication using Java 1.8.0_202 on DESKTOP-UN3KSEH with PID 14524 (C:\Users\liu\Desktop\project\MyProject\demo\target\classes started by liu in C:\Users\liu\Desktop\project\MyProject\demo)
2022-10-17 19:15:31.487 [main] INFO  com.example.demo.DemoApplication -
				No active profile set, falling back to 1 default profile: "default"
2022-10-17 19:15:32.458 [main] INFO  o.s.d.r.config.RepositoryConfigurationDelegate -
				Multiple Spring Data modules found, entering strict repository configuration mode
2022-10-17 19:15:32.463 [main] INFO  o.s.d.r.config.RepositoryConfigurationDelegate -
				Bootstrapping Spring Data Redis repositories in DEFAULT mode.
2022-10-17 19:15:32.506 [main] INFO  o.s.d.r.config.RepositoryConfigurationDelegate -
				Finished Spring Data repository scanning in 17 ms. Found 0 Redis repository interfaces.
2022-10-17 19:15:33.220 [main] INFO  o.s.boot.web.embedded.tomcat.TomcatWebServer -
				Tomcat initialized with port(s): 8080 (http)
2022-10-17 19:15:33.230 [main] INFO  org.apache.coyote.http11.Http11NioProtocol -
				Initializing ProtocolHandler ["http-nio-8080"]
2022-10-17 19:15:33.230 [main] INFO  org.apache.catalina.core.StandardService -
				Starting service [Tomcat]
2022-10-17 19:15:33.231 [main] INFO  org.apache.catalina.core.StandardEngine -
				Starting Servlet engine: [Apache Tomcat/9.0.65]
2022-10-17 19:15:33.383 [main] INFO  o.a.c.core.ContainerBase.[Tomcat].[localhost].[/] -
				Initializing Spring embedded WebApplicationContext
2022-10-17 19:15:33.383 [main] INFO  o.s.b.w.s.c.ServletWebServerApplicationContext -
				Root WebApplicationContext: initialization completed in 1839 ms
2022-10-17 19:15:35.697 [main] INFO  org.apache.coyote.http11.Http11NioProtocol -
				Starting ProtocolHandler ["http-nio-8080"]
2022-10-17 19:15:35.723 [main] INFO  o.s.boot.web.embedded.tomcat.TomcatWebServer -
				Tomcat started on port(s): 8080 (http) with context path ''
2022-10-17 19:15:35.733 [main] INFO  com.example.demo.DemoApplication -
				Started DemoApplication in 5.254 seconds (JVM running for 7.315)
2022-10-17 19:15:43.259 [http-nio-8080-exec-1] INFO  o.a.c.core.ContainerBase.[Tomcat].[localhost].[/] -
				Initializing Spring DispatcherServlet 'dispatcherServlet'
2022-10-17 19:15:43.260 [http-nio-8080-exec-1] INFO  org.springframework.web.servlet.DispatcherServlet -
				Initializing Servlet 'dispatcherServlet'
2022-10-17 19:15:43.262 [http-nio-8080-exec-1] INFO  org.springframework.web.servlet.DispatcherServlet -
				Completed initialization in 1 ms
2022-10-17 19:15:43.633 [http-nio-8080-exec-2] INFO  com.zaxxer.hikari.HikariDataSource -
				HikariPool-1 - Starting...
2022-10-17 19:15:43.998 [http-nio-8080-exec-2] INFO  com.zaxxer.hikari.HikariDataSource -
				HikariPool-1 - Start completed.
2022-10-17 19:15:51.531 [http-nio-8080-exec-8] INFO  org.apache.tomcat.util.http.parser.Cookie -
				A cookie header was received [Hm_lvt_5804d09853fcc4866132fbc306348993=1655279936,1655287959;] that contained an invalid cookie. That cookie will be ignored.
 Note: further occurrences of this error will be logged at DEBUG level.
2022-10-17 19:15:51.530 [http-nio-8080-exec-7] INFO  org.apache.tomcat.util.http.parser.Cookie -
				A cookie header was received [Hm_lvt_5804d09853fcc4866132fbc306348993=1655279936,1655287959;] that contained an invalid cookie. That cookie will be ignored.
 Note: further occurrences of this error will be logged at DEBUG level.
2022-10-17 21:00:12.195 [SpringApplicationShutdownHook] INFO  com.zaxxer.hikari.HikariDataSource -
				HikariPool-1 - Shutdown initiated...
2022-10-17 21:00:12.212 [SpringApplicationShutdownHook] INFO  com.zaxxer.hikari.HikariDataSource -
				HikariPool-1 - Shutdown completed.
2022-10-17 21:00:19.882 [main] INFO  com.example.demo.DemoApplication -
				Starting DemoApplication using Java 1.8.0_202 on DESKTOP-UN3KSEH with PID 18384 (C:\Users\liu\Desktop\project\MyProject\demo\target\classes started by liu in C:\Users\liu\Desktop\project\MyProject\demo)
2022-10-17 21:00:19.885 [main] INFO  com.example.demo.DemoApplication -
				No active profile set, falling back to 1 default profile: "default"
2022-10-17 21:00:20.746 [main] INFO  o.s.d.r.config.RepositoryConfigurationDelegate -
				Multiple Spring Data modules found, entering strict repository configuration mode
2022-10-17 21:00:20.750 [main] INFO  o.s.d.r.config.RepositoryConfigurationDelegate -
				Bootstrapping Spring Data Redis repositories in DEFAULT mode.
2022-10-17 21:00:20.788 [main] INFO  o.s.d.r.config.RepositoryConfigurationDelegate -
				Finished Spring Data repository scanning in 17 ms. Found 0 Redis repository interfaces.
2022-10-17 21:00:21.407 [main] INFO  o.s.boot.web.embedded.tomcat.TomcatWebServer -
				Tomcat initialized with port(s): 8080 (http)
2022-10-17 21:00:21.416 [main] INFO  org.apache.coyote.http11.Http11NioProtocol -
				Initializing ProtocolHandler ["http-nio-8080"]
2022-10-17 21:00:21.416 [main] INFO  org.apache.catalina.core.StandardService -
				Starting service [Tomcat]
2022-10-17 21:00:21.417 [main] INFO  org.apache.catalina.core.StandardEngine -
				Starting Servlet engine: [Apache Tomcat/9.0.65]
2022-10-17 21:00:21.566 [main] INFO  o.a.c.core.ContainerBase.[Tomcat].[localhost].[/] -
				Initializing Spring embedded WebApplicationContext
2022-10-17 21:00:21.566 [main] INFO  o.s.b.w.s.c.ServletWebServerApplicationContext -
				Root WebApplicationContext: initialization completed in 1615 ms
2022-10-17 21:00:23.592 [main] INFO  org.apache.coyote.http11.Http11NioProtocol -
				Starting ProtocolHandler ["http-nio-8080"]
2022-10-17 21:00:23.611 [main] INFO  o.s.boot.web.embedded.tomcat.TomcatWebServer -
				Tomcat started on port(s): 8080 (http) with context path ''
2022-10-17 21:00:23.621 [main] INFO  com.example.demo.DemoApplication -
				Started DemoApplication in 4.369 seconds (JVM running for 5.657)
2022-10-17 21:00:38.283 [http-nio-8080-exec-1] INFO  o.a.c.core.ContainerBase.[Tomcat].[localhost].[/] -
				Initializing Spring DispatcherServlet 'dispatcherServlet'
2022-10-17 21:00:38.284 [http-nio-8080-exec-1] INFO  org.springframework.web.servlet.DispatcherServlet -
				Initializing Servlet 'dispatcherServlet'
2022-10-17 21:00:38.286 [http-nio-8080-exec-1] INFO  org.springframework.web.servlet.DispatcherServlet -
				Completed initialization in 2 ms
2022-10-17 21:03:10.220 [main] INFO  com.example.demo.DemoApplication -
				Starting DemoApplication using Java 1.8.0_202 on DESKTOP-UN3KSEH with PID 14640 (C:\Users\liu\Desktop\project\MyProject\demo\target\classes started by liu in C:\Users\liu\Desktop\project\MyProject\demo)
2022-10-17 21:03:10.224 [main] INFO  com.example.demo.DemoApplication -
				No active profile set, falling back to 1 default profile: "default"
2022-10-17 21:03:11.109 [main] INFO  o.s.d.r.config.RepositoryConfigurationDelegate -
				Multiple Spring Data modules found, entering strict repository configuration mode
2022-10-17 21:03:11.112 [main] INFO  o.s.d.r.config.RepositoryConfigurationDelegate -
				Bootstrapping Spring Data Redis repositories in DEFAULT mode.
2022-10-17 21:03:11.180 [main] INFO  o.s.d.r.config.RepositoryConfigurationDelegate -
				Finished Spring Data repository scanning in 32 ms. Found 0 Redis repository interfaces.
2022-10-17 21:03:12.012 [main] INFO  o.s.boot.web.embedded.tomcat.TomcatWebServer -
				Tomcat initialized with port(s): 8080 (http)
2022-10-17 21:03:12.028 [main] INFO  org.apache.coyote.http11.Http11NioProtocol -
				Initializing ProtocolHandler ["http-nio-8080"]
2022-10-17 21:03:12.029 [main] INFO  org.apache.catalina.core.StandardService -
				Starting service [Tomcat]
2022-10-17 21:03:12.030 [main] INFO  org.apache.catalina.core.StandardEngine -
				Starting Servlet engine: [Apache Tomcat/9.0.65]
2022-10-17 21:03:12.264 [main] INFO  o.a.c.core.ContainerBase.[Tomcat].[localhost].[/] -
				Initializing Spring embedded WebApplicationContext
2022-10-17 21:03:12.264 [main] INFO  o.s.b.w.s.c.ServletWebServerApplicationContext -
				Root WebApplicationContext: initialization completed in 1997 ms
2022-10-17 21:03:14.529 [main] INFO  org.apache.coyote.http11.Http11NioProtocol -
				Starting ProtocolHandler ["http-nio-8080"]
2022-10-17 21:03:14.553 [main] INFO  o.s.boot.web.embedded.tomcat.TomcatWebServer -
				Tomcat started on port(s): 8080 (http) with context path ''
2022-10-17 21:03:14.563 [main] INFO  com.example.demo.DemoApplication -
				Started DemoApplication in 4.925 seconds (JVM running for 6.371)
2022-10-17 21:08:33.161 [http-nio-8080-exec-1] INFO  o.a.c.core.ContainerBase.[Tomcat].[localhost].[/] -
				Initializing Spring DispatcherServlet 'dispatcherServlet'
2022-10-17 21:08:33.164 [http-nio-8080-exec-1] INFO  org.springframework.web.servlet.DispatcherServlet -
				Initializing Servlet 'dispatcherServlet'
2022-10-17 21:08:33.191 [http-nio-8080-exec-1] INFO  org.springframework.web.servlet.DispatcherServlet -
				Completed initialization in 26 ms
2022-10-17 21:08:45.017 [http-nio-8080-exec-6] INFO  com.zaxxer.hikari.HikariDataSource -
				HikariPool-1 - Starting...
2022-10-17 21:08:45.373 [http-nio-8080-exec-6] INFO  com.zaxxer.hikari.HikariDataSource -
				HikariPool-1 - Start completed.
2022-10-17 22:30:13.161 [SpringApplicationShutdownHook] INFO  com.zaxxer.hikari.HikariDataSource -
				HikariPool-1 - Shutdown initiated...
2022-10-17 22:30:13.198 [SpringApplicationShutdownHook] INFO  com.zaxxer.hikari.HikariDataSource -
				HikariPool-1 - Shutdown completed.
