2022-11-08 09:23:48.615 [main] INFO  com.example.demo.DemoApplication -
				Starting DemoApplication using Java 15.0.7 on DESKTOP-UN3KSEH with PID 15896 (C:\Users\liu\Desktop\MyProject\demo\target\classes started by liu in C:\Users\liu\Desktop\MyProject\demo)
2022-11-08 09:23:48.620 [main] INFO  com.example.demo.DemoApplication -
				No active profile set, falling back to 1 default profile: "default"
2022-11-08 09:23:49.521 [main] INFO  o.s.d.r.config.RepositoryConfigurationDelegate -
				Multiple Spring Data modules found, entering strict repository configuration mode
2022-11-08 09:23:49.527 [main] INFO  o.s.d.r.config.RepositoryConfigurationDelegate -
				Bootstrapping Spring Data Redis repositories in DEFAULT mode.
2022-11-08 09:23:49.588 [main] INFO  o.s.d.r.config.RepositoryConfigurationDelegate -
				Finished Spring Data repository scanning in 26 ms. Found 0 Redis repository interfaces.
2022-11-08 09:23:50.234 [main] INFO  o.s.boot.web.embedded.tomcat.TomcatWebServer -
				Tomcat initialized with port(s): 8080 (http)
2022-11-08 09:23:50.247 [main] INFO  org.apache.coyote.http11.Http11NioProtocol -
				Initializing ProtocolHandler ["http-nio-8080"]
2022-11-08 09:23:50.248 [main] INFO  org.apache.catalina.core.StandardService -
				Starting service [Tomcat]
2022-11-08 09:23:50.248 [main] INFO  org.apache.catalina.core.StandardEngine -
				Starting Servlet engine: [Apache Tomcat/9.0.65]
2022-11-08 09:23:50.379 [main] INFO  o.a.c.core.ContainerBase.[Tomcat].[localhost].[/] -
				Initializing Spring embedded WebApplicationContext
2022-11-08 09:23:50.379 [main] INFO  o.s.b.w.s.c.ServletWebServerApplicationContext -
				Root WebApplicationContext: initialization completed in 1706 ms
2022-11-08 09:23:52.195 [main] INFO  org.quartz.impl.StdSchedulerFactory -
				Using default implementation for ThreadExecutor
2022-11-08 09:23:52.206 [main] INFO  org.quartz.core.SchedulerSignalerImpl -
				Initialized Scheduler Signaller of type: class org.quartz.core.SchedulerSignalerImpl
2022-11-08 09:23:52.206 [main] INFO  org.quartz.core.QuartzScheduler -
				Quartz Scheduler v.2.3.2 created.
2022-11-08 09:23:52.207 [main] INFO  org.quartz.simpl.RAMJobStore -
				RAMJobStore initialized.
2022-11-08 09:23:52.208 [main] INFO  org.quartz.core.QuartzScheduler -
				Scheduler meta-data: Quartz Scheduler (v2.3.2) 'quartzScheduler' with instanceId 'NON_CLUSTERED'
  Scheduler class: 'org.quartz.core.QuartzScheduler' - running locally.
  NOT STARTED.
  Currently in standby mode.
  Number of jobs executed: 0
  Using thread pool 'org.quartz.simpl.SimpleThreadPool' - with 10 threads.
  Using job-store 'org.quartz.simpl.RAMJobStore' - which does not support persistence. and is not clustered.

2022-11-08 09:23:52.208 [main] INFO  org.quartz.impl.StdSchedulerFactory -
				Quartz scheduler 'quartzScheduler' initialized from an externally provided properties instance.
2022-11-08 09:23:52.208 [main] INFO  org.quartz.impl.StdSchedulerFactory -
				Quartz scheduler version: 2.3.2
2022-11-08 09:23:52.208 [main] INFO  org.quartz.core.QuartzScheduler -
				JobFactory set to: org.springframework.scheduling.quartz.SpringBeanJobFactory@11e24688
2022-11-08 09:23:52.252 [main] INFO  org.apache.coyote.http11.Http11NioProtocol -
				Starting ProtocolHandler ["http-nio-8080"]
2022-11-08 09:23:52.261 [main] INFO  o.s.boot.web.embedded.tomcat.TomcatWebServer -
				Tomcat started on port(s): 8080 (http) with context path ''
2022-11-08 09:23:52.263 [main] INFO  o.s.scheduling.quartz.SchedulerFactoryBean -
				Starting Quartz Scheduler now
2022-11-08 09:23:52.263 [main] INFO  org.quartz.core.QuartzScheduler -
				Scheduler quartzScheduler_$_NON_CLUSTERED started.
2022-11-08 09:23:52.275 [main] INFO  com.example.demo.DemoApplication -
				Started DemoApplication in 4.262 seconds (JVM running for 6.883)
2022-11-08 09:25:09.079 [http-nio-8080-exec-1] INFO  org.apache.tomcat.util.http.parser.Cookie -
				A cookie header was received [Hm_lvt_5804d09853fcc4866132fbc306348993=1655279936,1655287959;] that contained an invalid cookie. That cookie will be ignored.
 Note: further occurrences of this error will be logged at DEBUG level.
2022-11-08 09:25:09.093 [http-nio-8080-exec-1] INFO  o.a.c.core.ContainerBase.[Tomcat].[localhost].[/] -
				Initializing Spring DispatcherServlet 'dispatcherServlet'
2022-11-08 09:25:09.094 [http-nio-8080-exec-1] INFO  org.springframework.web.servlet.DispatcherServlet -
				Initializing Servlet 'dispatcherServlet'
2022-11-08 09:25:09.099 [http-nio-8080-exec-1] INFO  org.springframework.web.servlet.DispatcherServlet -
				Completed initialization in 5 ms
2022-11-08 09:26:32.549 [http-nio-8080-exec-3] INFO  com.zaxxer.hikari.HikariDataSource -
				HikariPool-1 - Starting...
2022-11-08 09:26:32.832 [http-nio-8080-exec-3] INFO  com.zaxxer.hikari.HikariDataSource -
				HikariPool-1 - Start completed.
2022-11-08 09:45:39.186 [SpringApplicationShutdownHook] INFO  org.quartz.core.QuartzScheduler -
				Scheduler quartzScheduler_$_NON_CLUSTERED paused.
2022-11-08 09:45:39.317 [SpringApplicationShutdownHook] INFO  o.s.scheduling.quartz.SchedulerFactoryBean -
				Shutting down Quartz Scheduler
2022-11-08 09:45:39.319 [SpringApplicationShutdownHook] INFO  org.quartz.core.QuartzScheduler -
				Scheduler quartzScheduler_$_NON_CLUSTERED shutting down.
2022-11-08 09:45:39.319 [SpringApplicationShutdownHook] INFO  org.quartz.core.QuartzScheduler -
				Scheduler quartzScheduler_$_NON_CLUSTERED paused.
2022-11-08 09:45:39.321 [SpringApplicationShutdownHook] INFO  org.quartz.core.QuartzScheduler -
				Scheduler quartzScheduler_$_NON_CLUSTERED shutdown complete.
2022-11-08 09:45:39.349 [SpringApplicationShutdownHook] INFO  com.zaxxer.hikari.HikariDataSource -
				HikariPool-1 - Shutdown initiated...
2022-11-08 09:45:39.437 [SpringApplicationShutdownHook] INFO  com.zaxxer.hikari.HikariDataSource -
				HikariPool-1 - Shutdown completed.
2022-11-08 09:45:47.173 [main] INFO  com.example.demo.DemoApplication -
				Starting DemoApplication using Java 15.0.7 on DESKTOP-UN3KSEH with PID 16324 (C:\Users\liu\Desktop\MyProject\demo\target\classes started by liu in C:\Users\liu\Desktop\MyProject\demo)
2022-11-08 09:45:47.176 [main] INFO  com.example.demo.DemoApplication -
				No active profile set, falling back to 1 default profile: "default"
2022-11-08 09:45:47.928 [main] INFO  o.s.d.r.config.RepositoryConfigurationDelegate -
				Multiple Spring Data modules found, entering strict repository configuration mode
2022-11-08 09:45:47.932 [main] INFO  o.s.d.r.config.RepositoryConfigurationDelegate -
				Bootstrapping Spring Data Redis repositories in DEFAULT mode.
2022-11-08 09:45:47.967 [main] INFO  o.s.d.r.config.RepositoryConfigurationDelegate -
				Finished Spring Data repository scanning in 20 ms. Found 0 Redis repository interfaces.
2022-11-08 09:45:48.593 [main] INFO  o.s.boot.web.embedded.tomcat.TomcatWebServer -
				Tomcat initialized with port(s): 8080 (http)
2022-11-08 09:45:48.606 [main] INFO  org.apache.coyote.http11.Http11NioProtocol -
				Initializing ProtocolHandler ["http-nio-8080"]
2022-11-08 09:45:48.607 [main] INFO  org.apache.catalina.core.StandardService -
				Starting service [Tomcat]
2022-11-08 09:45:48.609 [main] INFO  org.apache.catalina.core.StandardEngine -
				Starting Servlet engine: [Apache Tomcat/9.0.65]
2022-11-08 09:45:48.745 [main] INFO  o.a.c.core.ContainerBase.[Tomcat].[localhost].[/] -
				Initializing Spring embedded WebApplicationContext
2022-11-08 09:45:48.746 [main] INFO  o.s.b.w.s.c.ServletWebServerApplicationContext -
				Root WebApplicationContext: initialization completed in 1532 ms
2022-11-08 09:45:51.575 [main] INFO  org.quartz.impl.StdSchedulerFactory -
				Using default implementation for ThreadExecutor
2022-11-08 09:45:51.582 [main] INFO  org.quartz.core.SchedulerSignalerImpl -
				Initialized Scheduler Signaller of type: class org.quartz.core.SchedulerSignalerImpl
2022-11-08 09:45:51.583 [main] INFO  org.quartz.core.QuartzScheduler -
				Quartz Scheduler v.2.3.2 created.
2022-11-08 09:45:51.583 [main] INFO  org.quartz.simpl.RAMJobStore -
				RAMJobStore initialized.
2022-11-08 09:45:51.585 [main] INFO  org.quartz.core.QuartzScheduler -
				Scheduler meta-data: Quartz Scheduler (v2.3.2) 'quartzScheduler' with instanceId 'NON_CLUSTERED'
  Scheduler class: 'org.quartz.core.QuartzScheduler' - running locally.
  NOT STARTED.
  Currently in standby mode.
  Number of jobs executed: 0
  Using thread pool 'org.quartz.simpl.SimpleThreadPool' - with 10 threads.
  Using job-store 'org.quartz.simpl.RAMJobStore' - which does not support persistence. and is not clustered.

2022-11-08 09:45:51.586 [main] INFO  org.quartz.impl.StdSchedulerFactory -
				Quartz scheduler 'quartzScheduler' initialized from an externally provided properties instance.
2022-11-08 09:45:51.586 [main] INFO  org.quartz.impl.StdSchedulerFactory -
				Quartz scheduler version: 2.3.2
2022-11-08 09:45:51.586 [main] INFO  org.quartz.core.QuartzScheduler -
				JobFactory set to: org.springframework.scheduling.quartz.SpringBeanJobFactory@16d4024e
2022-11-08 09:45:51.630 [main] INFO  org.apache.coyote.http11.Http11NioProtocol -
				Starting ProtocolHandler ["http-nio-8080"]
2022-11-08 09:45:51.648 [main] INFO  o.s.boot.web.embedded.tomcat.TomcatWebServer -
				Tomcat started on port(s): 8080 (http) with context path ''
2022-11-08 09:45:51.651 [main] INFO  o.s.scheduling.quartz.SchedulerFactoryBean -
				Starting Quartz Scheduler now
2022-11-08 09:45:51.651 [main] INFO  org.quartz.core.QuartzScheduler -
				Scheduler quartzScheduler_$_NON_CLUSTERED started.
2022-11-08 09:45:51.664 [main] INFO  com.example.demo.DemoApplication -
				Started DemoApplication in 5.147 seconds (JVM running for 6.081)
2022-11-08 09:46:09.319 [http-nio-8080-exec-1] INFO  org.apache.tomcat.util.http.parser.Cookie -
				A cookie header was received [Hm_lvt_5804d09853fcc4866132fbc306348993=1655279936,1655287959;] that contained an invalid cookie. That cookie will be ignored.
 Note: further occurrences of this error will be logged at DEBUG level.
2022-11-08 09:46:09.324 [http-nio-8080-exec-1] INFO  o.a.c.core.ContainerBase.[Tomcat].[localhost].[/] -
				Initializing Spring DispatcherServlet 'dispatcherServlet'
2022-11-08 09:46:09.324 [http-nio-8080-exec-1] INFO  org.springframework.web.servlet.DispatcherServlet -
				Initializing Servlet 'dispatcherServlet'
2022-11-08 09:46:09.326 [http-nio-8080-exec-1] INFO  org.springframework.web.servlet.DispatcherServlet -
				Completed initialization in 1 ms
2022-11-08 09:46:53.726 [SpringApplicationShutdownHook] INFO  org.quartz.core.QuartzScheduler -
				Scheduler quartzScheduler_$_NON_CLUSTERED paused.
2022-11-08 09:46:53.762 [SpringApplicationShutdownHook] INFO  o.s.scheduling.quartz.SchedulerFactoryBean -
				Shutting down Quartz Scheduler
2022-11-08 09:46:53.763 [SpringApplicationShutdownHook] INFO  org.quartz.core.QuartzScheduler -
				Scheduler quartzScheduler_$_NON_CLUSTERED shutting down.
2022-11-08 09:46:53.763 [SpringApplicationShutdownHook] INFO  org.quartz.core.QuartzScheduler -
				Scheduler quartzScheduler_$_NON_CLUSTERED paused.
2022-11-08 09:46:53.765 [SpringApplicationShutdownHook] INFO  org.quartz.core.QuartzScheduler -
				Scheduler quartzScheduler_$_NON_CLUSTERED shutdown complete.
2022-11-08 09:46:59.743 [main] INFO  com.example.demo.DemoApplication -
				Starting DemoApplication using Java 15.0.7 on DESKTOP-UN3KSEH with PID 19816 (C:\Users\liu\Desktop\MyProject\demo\target\classes started by liu in C:\Users\liu\Desktop\MyProject\demo)
2022-11-08 09:46:59.746 [main] INFO  com.example.demo.DemoApplication -
				No active profile set, falling back to 1 default profile: "default"
2022-11-08 09:47:00.436 [main] INFO  o.s.d.r.config.RepositoryConfigurationDelegate -
				Multiple Spring Data modules found, entering strict repository configuration mode
2022-11-08 09:47:00.440 [main] INFO  o.s.d.r.config.RepositoryConfigurationDelegate -
				Bootstrapping Spring Data Redis repositories in DEFAULT mode.
2022-11-08 09:47:00.473 [main] INFO  o.s.d.r.config.RepositoryConfigurationDelegate -
				Finished Spring Data repository scanning in 16 ms. Found 0 Redis repository interfaces.
2022-11-08 09:47:01.011 [main] INFO  o.s.boot.web.embedded.tomcat.TomcatWebServer -
				Tomcat initialized with port(s): 8080 (http)
2022-11-08 09:47:01.020 [main] INFO  org.apache.coyote.http11.Http11NioProtocol -
				Initializing ProtocolHandler ["http-nio-8080"]
2022-11-08 09:47:01.021 [main] INFO  org.apache.catalina.core.StandardService -
				Starting service [Tomcat]
2022-11-08 09:47:01.022 [main] INFO  org.apache.catalina.core.StandardEngine -
				Starting Servlet engine: [Apache Tomcat/9.0.65]
2022-11-08 09:47:01.148 [main] INFO  o.a.c.core.ContainerBase.[Tomcat].[localhost].[/] -
				Initializing Spring embedded WebApplicationContext
2022-11-08 09:47:01.148 [main] INFO  o.s.b.w.s.c.ServletWebServerApplicationContext -
				Root WebApplicationContext: initialization completed in 1350 ms
2022-11-08 09:47:03.024 [main] INFO  org.quartz.impl.StdSchedulerFactory -
				Using default implementation for ThreadExecutor
2022-11-08 09:47:03.041 [main] INFO  org.quartz.core.SchedulerSignalerImpl -
				Initialized Scheduler Signaller of type: class org.quartz.core.SchedulerSignalerImpl
2022-11-08 09:47:03.042 [main] INFO  org.quartz.core.QuartzScheduler -
				Quartz Scheduler v.2.3.2 created.
2022-11-08 09:47:03.043 [main] INFO  org.quartz.simpl.RAMJobStore -
				RAMJobStore initialized.
2022-11-08 09:47:03.043 [main] INFO  org.quartz.core.QuartzScheduler -
				Scheduler meta-data: Quartz Scheduler (v2.3.2) 'quartzScheduler' with instanceId 'NON_CLUSTERED'
  Scheduler class: 'org.quartz.core.QuartzScheduler' - running locally.
  NOT STARTED.
  Currently in standby mode.
  Number of jobs executed: 0
  Using thread pool 'org.quartz.simpl.SimpleThreadPool' - with 10 threads.
  Using job-store 'org.quartz.simpl.RAMJobStore' - which does not support persistence. and is not clustered.

2022-11-08 09:47:03.044 [main] INFO  org.quartz.impl.StdSchedulerFactory -
				Quartz scheduler 'quartzScheduler' initialized from an externally provided properties instance.
2022-11-08 09:47:03.044 [main] INFO  org.quartz.impl.StdSchedulerFactory -
				Quartz scheduler version: 2.3.2
2022-11-08 09:47:03.044 [main] INFO  org.quartz.core.QuartzScheduler -
				JobFactory set to: org.springframework.scheduling.quartz.SpringBeanJobFactory@3e8afc2d
2022-11-08 09:47:03.104 [main] INFO  org.apache.coyote.http11.Http11NioProtocol -
				Starting ProtocolHandler ["http-nio-8080"]
2022-11-08 09:47:03.114 [main] INFO  o.s.boot.web.embedded.tomcat.TomcatWebServer -
				Tomcat started on port(s): 8080 (http) with context path ''
2022-11-08 09:47:03.115 [main] INFO  o.s.scheduling.quartz.SchedulerFactoryBean -
				Starting Quartz Scheduler now
2022-11-08 09:47:03.116 [main] INFO  org.quartz.core.QuartzScheduler -
				Scheduler quartzScheduler_$_NON_CLUSTERED started.
2022-11-08 09:47:03.128 [main] INFO  com.example.demo.DemoApplication -
				Started DemoApplication in 4.012 seconds (JVM running for 5.983)
2022-11-08 09:47:07.532 [http-nio-8080-exec-2] INFO  org.apache.tomcat.util.http.parser.Cookie -
				A cookie header was received [Hm_lvt_5804d09853fcc4866132fbc306348993=1655279936,1655287959;] that contained an invalid cookie. That cookie will be ignored.
 Note: further occurrences of this error will be logged at DEBUG level.
2022-11-08 09:47:07.532 [http-nio-8080-exec-1] INFO  org.apache.tomcat.util.http.parser.Cookie -
				A cookie header was received [Hm_lvt_5804d09853fcc4866132fbc306348993=1655279936,1655287959;] that contained an invalid cookie. That cookie will be ignored.
 Note: further occurrences of this error will be logged at DEBUG level.
2022-11-08 09:47:07.553 [http-nio-8080-exec-1] INFO  o.a.c.core.ContainerBase.[Tomcat].[localhost].[/] -
				Initializing Spring DispatcherServlet 'dispatcherServlet'
2022-11-08 09:47:07.553 [http-nio-8080-exec-1] INFO  org.springframework.web.servlet.DispatcherServlet -
				Initializing Servlet 'dispatcherServlet'
2022-11-08 09:47:07.557 [http-nio-8080-exec-1] INFO  org.springframework.web.servlet.DispatcherServlet -
				Completed initialization in 3 ms
2022-11-08 09:48:19.875 [SpringApplicationShutdownHook] INFO  org.quartz.core.QuartzScheduler -
				Scheduler quartzScheduler_$_NON_CLUSTERED paused.
2022-11-08 09:48:20.100 [SpringApplicationShutdownHook] INFO  o.s.scheduling.quartz.SchedulerFactoryBean -
				Shutting down Quartz Scheduler
2022-11-08 09:48:20.101 [SpringApplicationShutdownHook] INFO  org.quartz.core.QuartzScheduler -
				Scheduler quartzScheduler_$_NON_CLUSTERED shutting down.
2022-11-08 09:48:20.105 [SpringApplicationShutdownHook] INFO  org.quartz.core.QuartzScheduler -
				Scheduler quartzScheduler_$_NON_CLUSTERED paused.
2022-11-08 09:48:20.112 [SpringApplicationShutdownHook] INFO  org.quartz.core.QuartzScheduler -
				Scheduler quartzScheduler_$_NON_CLUSTERED shutdown complete.
2022-11-08 09:48:27.064 [main] INFO  com.example.demo.DemoApplication -
				Starting DemoApplication using Java 15.0.7 on DESKTOP-UN3KSEH with PID 19252 (C:\Users\liu\Desktop\MyProject\demo\target\classes started by liu in C:\Users\liu\Desktop\MyProject\demo)
2022-11-08 09:48:27.066 [main] INFO  com.example.demo.DemoApplication -
				No active profile set, falling back to 1 default profile: "default"
2022-11-08 09:48:27.626 [main] INFO  o.s.d.r.config.RepositoryConfigurationDelegate -
				Multiple Spring Data modules found, entering strict repository configuration mode
2022-11-08 09:48:27.628 [main] INFO  o.s.d.r.config.RepositoryConfigurationDelegate -
				Bootstrapping Spring Data Redis repositories in DEFAULT mode.
2022-11-08 09:48:27.650 [main] INFO  o.s.d.r.config.RepositoryConfigurationDelegate -
				Finished Spring Data repository scanning in 12 ms. Found 0 Redis repository interfaces.
2022-11-08 09:48:28.107 [main] INFO  o.s.boot.web.embedded.tomcat.TomcatWebServer -
				Tomcat initialized with port(s): 8080 (http)
2022-11-08 09:48:28.115 [main] INFO  org.apache.coyote.http11.Http11NioProtocol -
				Initializing ProtocolHandler ["http-nio-8080"]
2022-11-08 09:48:28.115 [main] INFO  org.apache.catalina.core.StandardService -
				Starting service [Tomcat]
2022-11-08 09:48:28.116 [main] INFO  org.apache.catalina.core.StandardEngine -
				Starting Servlet engine: [Apache Tomcat/9.0.65]
2022-11-08 09:48:28.268 [main] INFO  o.a.c.core.ContainerBase.[Tomcat].[localhost].[/] -
				Initializing Spring embedded WebApplicationContext
2022-11-08 09:48:28.269 [main] INFO  o.s.b.w.s.c.ServletWebServerApplicationContext -
				Root WebApplicationContext: initialization completed in 1168 ms
2022-11-08 09:48:31.072 [main] INFO  org.quartz.impl.StdSchedulerFactory -
				Using default implementation for ThreadExecutor
2022-11-08 09:48:31.082 [main] INFO  org.quartz.core.SchedulerSignalerImpl -
				Initialized Scheduler Signaller of type: class org.quartz.core.SchedulerSignalerImpl
2022-11-08 09:48:31.083 [main] INFO  org.quartz.core.QuartzScheduler -
				Quartz Scheduler v.2.3.2 created.
2022-11-08 09:48:31.083 [main] INFO  org.quartz.simpl.RAMJobStore -
				RAMJobStore initialized.
2022-11-08 09:48:31.085 [main] INFO  org.quartz.core.QuartzScheduler -
				Scheduler meta-data: Quartz Scheduler (v2.3.2) 'quartzScheduler' with instanceId 'NON_CLUSTERED'
  Scheduler class: 'org.quartz.core.QuartzScheduler' - running locally.
  NOT STARTED.
  Currently in standby mode.
  Number of jobs executed: 0
  Using thread pool 'org.quartz.simpl.SimpleThreadPool' - with 10 threads.
  Using job-store 'org.quartz.simpl.RAMJobStore' - which does not support persistence. and is not clustered.

2022-11-08 09:48:31.085 [main] INFO  org.quartz.impl.StdSchedulerFactory -
				Quartz scheduler 'quartzScheduler' initialized from an externally provided properties instance.
2022-11-08 09:48:31.085 [main] INFO  org.quartz.impl.StdSchedulerFactory -
				Quartz scheduler version: 2.3.2
2022-11-08 09:48:31.085 [main] INFO  org.quartz.core.QuartzScheduler -
				JobFactory set to: org.springframework.scheduling.quartz.SpringBeanJobFactory@16d4024e
2022-11-08 09:48:31.134 [main] INFO  org.apache.coyote.http11.Http11NioProtocol -
				Starting ProtocolHandler ["http-nio-8080"]
2022-11-08 09:48:31.151 [main] INFO  o.s.boot.web.embedded.tomcat.TomcatWebServer -
				Tomcat started on port(s): 8080 (http) with context path ''
2022-11-08 09:48:31.152 [main] INFO  o.s.scheduling.quartz.SchedulerFactoryBean -
				Starting Quartz Scheduler now
2022-11-08 09:48:31.153 [main] INFO  org.quartz.core.QuartzScheduler -
				Scheduler quartzScheduler_$_NON_CLUSTERED started.
2022-11-08 09:48:31.164 [main] INFO  com.example.demo.DemoApplication -
				Started DemoApplication in 4.712 seconds (JVM running for 5.715)
2022-11-08 09:48:34.912 [http-nio-8080-exec-1] INFO  org.apache.tomcat.util.http.parser.Cookie -
				A cookie header was received [Hm_lvt_5804d09853fcc4866132fbc306348993=1655279936,1655287959;] that contained an invalid cookie. That cookie will be ignored.
 Note: further occurrences of this error will be logged at DEBUG level.
2022-11-08 09:48:34.912 [http-nio-8080-exec-2] INFO  org.apache.tomcat.util.http.parser.Cookie -
				A cookie header was received [Hm_lvt_5804d09853fcc4866132fbc306348993=1655279936,1655287959;] that contained an invalid cookie. That cookie will be ignored.
 Note: further occurrences of this error will be logged at DEBUG level.
2022-11-08 09:48:34.924 [http-nio-8080-exec-2] INFO  o.a.c.core.ContainerBase.[Tomcat].[localhost].[/] -
				Initializing Spring DispatcherServlet 'dispatcherServlet'
2022-11-08 09:48:34.925 [http-nio-8080-exec-2] INFO  org.springframework.web.servlet.DispatcherServlet -
				Initializing Servlet 'dispatcherServlet'
2022-11-08 09:48:34.926 [http-nio-8080-exec-2] INFO  org.springframework.web.servlet.DispatcherServlet -
				Completed initialization in 1 ms
2022-11-08 09:48:35.390 [http-nio-8080-exec-1] INFO  com.zaxxer.hikari.HikariDataSource -
				HikariPool-1 - Starting...
2022-11-08 09:48:35.552 [http-nio-8080-exec-1] INFO  com.zaxxer.hikari.HikariDataSource -
				HikariPool-1 - Start completed.
2022-11-08 10:58:10.289 [SpringApplicationShutdownHook] INFO  org.quartz.core.QuartzScheduler -
				Scheduler quartzScheduler_$_NON_CLUSTERED paused.
2022-11-08 10:58:10.491 [SpringApplicationShutdownHook] INFO  o.s.scheduling.quartz.SchedulerFactoryBean -
				Shutting down Quartz Scheduler
2022-11-08 10:58:10.492 [SpringApplicationShutdownHook] INFO  org.quartz.core.QuartzScheduler -
				Scheduler quartzScheduler_$_NON_CLUSTERED shutting down.
2022-11-08 10:58:10.492 [SpringApplicationShutdownHook] INFO  org.quartz.core.QuartzScheduler -
				Scheduler quartzScheduler_$_NON_CLUSTERED paused.
2022-11-08 10:58:10.493 [SpringApplicationShutdownHook] INFO  org.quartz.core.QuartzScheduler -
				Scheduler quartzScheduler_$_NON_CLUSTERED shutdown complete.
2022-11-08 10:58:10.514 [SpringApplicationShutdownHook] INFO  com.zaxxer.hikari.HikariDataSource -
				HikariPool-1 - Shutdown initiated...
2022-11-08 10:58:10.543 [SpringApplicationShutdownHook] INFO  com.zaxxer.hikari.HikariDataSource -
				HikariPool-1 - Shutdown completed.
2022-11-08 10:58:30.146 [main] INFO  com.example.demo.DemoApplication -
				Starting DemoApplication using Java 15.0.7 on DESKTOP-UN3KSEH with PID 12252 (C:\Users\liu\Desktop\MyProject\demo\target\classes started by liu in C:\Users\liu\Desktop\MyProject\demo)
2022-11-08 10:58:30.153 [main] INFO  com.example.demo.DemoApplication -
				No active profile set, falling back to 1 default profile: "default"
2022-11-08 10:58:32.161 [main] INFO  o.s.d.r.config.RepositoryConfigurationDelegate -
				Multiple Spring Data modules found, entering strict repository configuration mode
2022-11-08 10:58:32.167 [main] INFO  o.s.d.r.config.RepositoryConfigurationDelegate -
				Bootstrapping Spring Data Redis repositories in DEFAULT mode.
2022-11-08 10:58:32.231 [main] INFO  o.s.d.r.config.RepositoryConfigurationDelegate -
				Finished Spring Data repository scanning in 32 ms. Found 0 Redis repository interfaces.
2022-11-08 10:58:33.540 [main] INFO  o.s.boot.web.embedded.tomcat.TomcatWebServer -
				Tomcat initialized with port(s): 8080 (http)
2022-11-08 10:58:33.586 [main] INFO  org.apache.coyote.http11.Http11NioProtocol -
				Initializing ProtocolHandler ["http-nio-8080"]
2022-11-08 10:58:33.591 [main] INFO  org.apache.catalina.core.StandardService -
				Starting service [Tomcat]
2022-11-08 10:58:33.592 [main] INFO  org.apache.catalina.core.StandardEngine -
				Starting Servlet engine: [Apache Tomcat/9.0.65]
2022-11-08 10:58:34.114 [main] INFO  o.a.c.core.ContainerBase.[Tomcat].[localhost].[/] -
				Initializing Spring embedded WebApplicationContext
2022-11-08 10:58:34.115 [main] INFO  o.s.b.w.s.c.ServletWebServerApplicationContext -
				Root WebApplicationContext: initialization completed in 3828 ms
2022-11-08 10:58:39.207 [main] INFO  org.quartz.impl.StdSchedulerFactory -
				Using default implementation for ThreadExecutor
2022-11-08 10:58:39.236 [main] INFO  org.quartz.core.SchedulerSignalerImpl -
				Initialized Scheduler Signaller of type: class org.quartz.core.SchedulerSignalerImpl
2022-11-08 10:58:39.236 [main] INFO  org.quartz.core.QuartzScheduler -
				Quartz Scheduler v.2.3.2 created.
2022-11-08 10:58:39.238 [main] INFO  org.quartz.simpl.RAMJobStore -
				RAMJobStore initialized.
2022-11-08 10:58:39.240 [main] INFO  org.quartz.core.QuartzScheduler -
				Scheduler meta-data: Quartz Scheduler (v2.3.2) 'quartzScheduler' with instanceId 'NON_CLUSTERED'
  Scheduler class: 'org.quartz.core.QuartzScheduler' - running locally.
  NOT STARTED.
  Currently in standby mode.
  Number of jobs executed: 0
  Using thread pool 'org.quartz.simpl.SimpleThreadPool' - with 10 threads.
  Using job-store 'org.quartz.simpl.RAMJobStore' - which does not support persistence. and is not clustered.

2022-11-08 10:58:39.241 [main] INFO  org.quartz.impl.StdSchedulerFactory -
				Quartz scheduler 'quartzScheduler' initialized from an externally provided properties instance.
2022-11-08 10:58:39.241 [main] INFO  org.quartz.impl.StdSchedulerFactory -
				Quartz scheduler version: 2.3.2
2022-11-08 10:58:39.242 [main] INFO  org.quartz.core.QuartzScheduler -
				JobFactory set to: org.springframework.scheduling.quartz.SpringBeanJobFactory@6d7e2795
2022-11-08 10:58:39.352 [main] INFO  org.apache.coyote.http11.Http11NioProtocol -
				Starting ProtocolHandler ["http-nio-8080"]
2022-11-08 10:58:39.375 [main] INFO  o.s.boot.web.embedded.tomcat.TomcatWebServer -
				Tomcat started on port(s): 8080 (http) with context path ''
2022-11-08 10:58:39.378 [main] INFO  o.s.scheduling.quartz.SchedulerFactoryBean -
				Starting Quartz Scheduler now
2022-11-08 10:58:39.379 [main] INFO  org.quartz.core.QuartzScheduler -
				Scheduler quartzScheduler_$_NON_CLUSTERED started.
2022-11-08 10:58:39.404 [main] INFO  com.example.demo.DemoApplication -
				Started DemoApplication in 10.365 seconds (JVM running for 12.978)
2022-11-08 11:01:25.928 [SpringApplicationShutdownHook] INFO  org.quartz.core.QuartzScheduler -
				Scheduler quartzScheduler_$_NON_CLUSTERED paused.
2022-11-08 11:01:26.028 [SpringApplicationShutdownHook] INFO  o.s.scheduling.quartz.SchedulerFactoryBean -
				Shutting down Quartz Scheduler
2022-11-08 11:01:26.030 [SpringApplicationShutdownHook] INFO  org.quartz.core.QuartzScheduler -
				Scheduler quartzScheduler_$_NON_CLUSTERED shutting down.
2022-11-08 11:01:26.030 [SpringApplicationShutdownHook] INFO  org.quartz.core.QuartzScheduler -
				Scheduler quartzScheduler_$_NON_CLUSTERED paused.
2022-11-08 11:01:26.031 [SpringApplicationShutdownHook] INFO  org.quartz.core.QuartzScheduler -
				Scheduler quartzScheduler_$_NON_CLUSTERED shutdown complete.
2022-11-08 11:01:35.700 [main] INFO  com.example.demo.DemoApplication -
				Starting DemoApplication using Java 15.0.7 on DESKTOP-UN3KSEH with PID 18316 (C:\Users\liu\Desktop\MyProject\demo\target\classes started by liu in C:\Users\liu\Desktop\MyProject\demo)
2022-11-08 11:01:35.714 [main] INFO  com.example.demo.DemoApplication -
				No active profile set, falling back to 1 default profile: "default"
2022-11-08 11:01:36.915 [main] INFO  o.s.d.r.config.RepositoryConfigurationDelegate -
				Multiple Spring Data modules found, entering strict repository configuration mode
2022-11-08 11:01:36.918 [main] INFO  o.s.d.r.config.RepositoryConfigurationDelegate -
				Bootstrapping Spring Data Redis repositories in DEFAULT mode.
2022-11-08 11:01:36.948 [main] INFO  o.s.d.r.config.RepositoryConfigurationDelegate -
				Finished Spring Data repository scanning in 13 ms. Found 0 Redis repository interfaces.
2022-11-08 11:01:37.486 [main] INFO  o.s.boot.web.embedded.tomcat.TomcatWebServer -
				Tomcat initialized with port(s): 8080 (http)
2022-11-08 11:01:37.631 [main] INFO  o.s.b.w.s.c.ServletWebServerApplicationContext -
				Root WebApplicationContext: initialization completed in 1843 ms
2022-11-08 11:01:39.823 [main] INFO  org.quartz.impl.StdSchedulerFactory -
				Using default implementation for ThreadExecutor
2022-11-08 11:01:39.837 [main] INFO  org.quartz.core.SchedulerSignalerImpl -
				Initialized Scheduler Signaller of type: class org.quartz.core.SchedulerSignalerImpl
2022-11-08 11:01:39.838 [main] INFO  org.quartz.core.QuartzScheduler -
				Quartz Scheduler v.2.3.2 created.
2022-11-08 11:01:39.839 [main] INFO  org.quartz.simpl.RAMJobStore -
				RAMJobStore initialized.
2022-11-08 11:01:39.840 [main] INFO  org.quartz.core.QuartzScheduler -
				Scheduler meta-data: Quartz Scheduler (v2.3.2) 'quartzScheduler' with instanceId 'NON_CLUSTERED'
  Scheduler class: 'org.quartz.core.QuartzScheduler' - running locally.
  NOT STARTED.
  Currently in standby mode.
  Number of jobs executed: 0
  Using thread pool 'org.quartz.simpl.SimpleThreadPool' - with 10 threads.
  Using job-store 'org.quartz.simpl.RAMJobStore' - which does not support persistence. and is not clustered.

2022-11-08 11:01:39.840 [main] INFO  org.quartz.impl.StdSchedulerFactory -
				Quartz scheduler 'quartzScheduler' initialized from an externally provided properties instance.
2022-11-08 11:01:39.840 [main] INFO  org.quartz.impl.StdSchedulerFactory -
				Quartz scheduler version: 2.3.2
2022-11-08 11:01:39.840 [main] INFO  org.quartz.core.QuartzScheduler -
				JobFactory set to: org.springframework.scheduling.quartz.SpringBeanJobFactory@1bea7b0
2022-11-08 11:01:39.938 [main] INFO  o.s.boot.web.embedded.tomcat.TomcatWebServer -
				Tomcat started on port(s): 8080 (http) with context path ''
2022-11-08 11:01:39.940 [main] INFO  o.s.scheduling.quartz.SchedulerFactoryBean -
				Starting Quartz Scheduler now
2022-11-08 11:01:39.941 [main] INFO  org.quartz.core.QuartzScheduler -
				Scheduler quartzScheduler_$_NON_CLUSTERED started.
2022-11-08 11:01:39.959 [main] INFO  com.example.demo.DemoApplication -
				Started DemoApplication in 4.996 seconds (JVM running for 6.12)
2022-11-08 11:01:39.960 [SpringApplicationShutdownHook] INFO  org.quartz.core.QuartzScheduler -
				Scheduler quartzScheduler_$_NON_CLUSTERED paused.
2022-11-08 11:01:39.987 [SpringApplicationShutdownHook] INFO  o.s.scheduling.quartz.SchedulerFactoryBean -
				Shutting down Quartz Scheduler
2022-11-08 11:01:39.988 [SpringApplicationShutdownHook] INFO  org.quartz.core.QuartzScheduler -
				Scheduler quartzScheduler_$_NON_CLUSTERED shutting down.
2022-11-08 11:01:39.988 [SpringApplicationShutdownHook] INFO  org.quartz.core.QuartzScheduler -
				Scheduler quartzScheduler_$_NON_CLUSTERED paused.
2022-11-08 11:01:39.988 [SpringApplicationShutdownHook] INFO  org.quartz.core.QuartzScheduler -
				Scheduler quartzScheduler_$_NON_CLUSTERED shutdown complete.
2022-11-08 11:01:50.395 [main] INFO  com.example.demo.DemoApplication -
				Starting DemoApplication using Java 15.0.7 on DESKTOP-UN3KSEH with PID 11320 (C:\Users\liu\Desktop\MyProject\demo\target\classes started by liu in C:\Users\liu\Desktop\MyProject\demo)
2022-11-08 11:01:50.399 [main] INFO  com.example.demo.DemoApplication -
				No active profile set, falling back to 1 default profile: "default"
2022-11-08 11:01:51.166 [main] INFO  o.s.d.r.config.RepositoryConfigurationDelegate -
				Multiple Spring Data modules found, entering strict repository configuration mode
2022-11-08 11:01:51.168 [main] INFO  o.s.d.r.config.RepositoryConfigurationDelegate -
				Bootstrapping Spring Data Redis repositories in DEFAULT mode.
2022-11-08 11:01:51.203 [main] INFO  o.s.d.r.config.RepositoryConfigurationDelegate -
				Finished Spring Data repository scanning in 17 ms. Found 0 Redis repository interfaces.
2022-11-08 11:01:51.769 [main] INFO  o.s.boot.web.embedded.tomcat.TomcatWebServer -
				Tomcat initialized with port(s): 8080 (http)
2022-11-08 11:01:51.781 [main] INFO  org.apache.coyote.http11.Http11NioProtocol -
				Initializing ProtocolHandler ["http-nio-8080"]
2022-11-08 11:01:51.781 [main] INFO  org.apache.catalina.core.StandardService -
				Starting service [Tomcat]
2022-11-08 11:01:51.782 [main] INFO  org.apache.catalina.core.StandardEngine -
				Starting Servlet engine: [Apache Tomcat/9.0.65]
2022-11-08 11:01:51.924 [main] INFO  o.a.c.core.ContainerBase.[Tomcat].[localhost].[/] -
				Initializing Spring embedded WebApplicationContext
2022-11-08 11:01:51.924 [main] INFO  o.s.b.w.s.c.ServletWebServerApplicationContext -
				Root WebApplicationContext: initialization completed in 1472 ms
2022-11-08 11:01:53.718 [main] INFO  org.quartz.impl.StdSchedulerFactory -
				Using default implementation for ThreadExecutor
2022-11-08 11:01:53.725 [main] INFO  org.quartz.core.SchedulerSignalerImpl -
				Initialized Scheduler Signaller of type: class org.quartz.core.SchedulerSignalerImpl
2022-11-08 11:01:53.725 [main] INFO  org.quartz.core.QuartzScheduler -
				Quartz Scheduler v.2.3.2 created.
2022-11-08 11:01:53.726 [main] INFO  org.quartz.simpl.RAMJobStore -
				RAMJobStore initialized.
2022-11-08 11:01:53.727 [main] INFO  org.quartz.core.QuartzScheduler -
				Scheduler meta-data: Quartz Scheduler (v2.3.2) 'quartzScheduler' with instanceId 'NON_CLUSTERED'
  Scheduler class: 'org.quartz.core.QuartzScheduler' - running locally.
  NOT STARTED.
  Currently in standby mode.
  Number of jobs executed: 0
  Using thread pool 'org.quartz.simpl.SimpleThreadPool' - with 10 threads.
  Using job-store 'org.quartz.simpl.RAMJobStore' - which does not support persistence. and is not clustered.

2022-11-08 11:01:53.728 [main] INFO  org.quartz.impl.StdSchedulerFactory -
				Quartz scheduler 'quartzScheduler' initialized from an externally provided properties instance.
2022-11-08 11:01:53.728 [main] INFO  org.quartz.impl.StdSchedulerFactory -
				Quartz scheduler version: 2.3.2
2022-11-08 11:01:53.728 [main] INFO  org.quartz.core.QuartzScheduler -
				JobFactory set to: org.springframework.scheduling.quartz.SpringBeanJobFactory@878feb2
2022-11-08 11:01:53.785 [main] INFO  org.apache.coyote.http11.Http11NioProtocol -
				Starting ProtocolHandler ["http-nio-8080"]
2022-11-08 11:01:53.795 [main] INFO  o.s.boot.web.embedded.tomcat.TomcatWebServer -
				Tomcat started on port(s): 8080 (http) with context path ''
2022-11-08 11:01:53.796 [main] INFO  o.s.scheduling.quartz.SchedulerFactoryBean -
				Starting Quartz Scheduler now
2022-11-08 11:01:53.797 [main] INFO  org.quartz.core.QuartzScheduler -
				Scheduler quartzScheduler_$_NON_CLUSTERED started.
2022-11-08 11:01:53.809 [main] INFO  com.example.demo.DemoApplication -
				Started DemoApplication in 4.13 seconds (JVM running for 5.419)
2022-11-08 13:56:22.355 [http-nio-8080-exec-1] INFO  o.a.c.core.ContainerBase.[Tomcat].[localhost].[/] -
				Initializing Spring DispatcherServlet 'dispatcherServlet'
2022-11-08 13:56:22.369 [http-nio-8080-exec-1] INFO  org.springframework.web.servlet.DispatcherServlet -
				Initializing Servlet 'dispatcherServlet'
2022-11-08 13:56:22.446 [http-nio-8080-exec-1] INFO  org.springframework.web.servlet.DispatcherServlet -
				Completed initialization in 76 ms
2022-11-08 13:56:22.599 [http-nio-8080-exec-2] INFO  org.apache.tomcat.util.http.parser.Cookie -
				A cookie header was received [Hm_lvt_5804d09853fcc4866132fbc306348993=1655279936,1655287959;] that contained an invalid cookie. That cookie will be ignored.
 Note: further occurrences of this error will be logged at DEBUG level.
2022-11-08 13:58:40.670 [SpringApplicationShutdownHook] INFO  org.quartz.core.QuartzScheduler -
				Scheduler quartzScheduler_$_NON_CLUSTERED paused.
2022-11-08 13:58:41.052 [SpringApplicationShutdownHook] INFO  o.s.scheduling.quartz.SchedulerFactoryBean -
				Shutting down Quartz Scheduler
2022-11-08 13:58:41.058 [SpringApplicationShutdownHook] INFO  org.quartz.core.QuartzScheduler -
				Scheduler quartzScheduler_$_NON_CLUSTERED shutting down.
2022-11-08 13:58:41.064 [SpringApplicationShutdownHook] INFO  org.quartz.core.QuartzScheduler -
				Scheduler quartzScheduler_$_NON_CLUSTERED paused.
2022-11-08 13:58:41.070 [SpringApplicationShutdownHook] INFO  org.quartz.core.QuartzScheduler -
				Scheduler quartzScheduler_$_NON_CLUSTERED shutdown complete.
2022-11-08 18:03:03.026 [main] INFO  com.example.demo.DemoApplication -
				Starting DemoApplication using Java 15.0.7 on DESKTOP-UN3KSEH with PID 2664 (C:\Users\liu\Desktop\MyProject\demo\target\classes started by liu in C:\Users\liu\Desktop\MyProject\demo)
2022-11-08 18:03:03.033 [main] INFO  com.example.demo.DemoApplication -
				No active profile set, falling back to 1 default profile: "default"
2022-11-08 18:03:04.072 [main] INFO  o.s.d.r.config.RepositoryConfigurationDelegate -
				Multiple Spring Data modules found, entering strict repository configuration mode
2022-11-08 18:03:04.076 [main] INFO  o.s.d.r.config.RepositoryConfigurationDelegate -
				Bootstrapping Spring Data Redis repositories in DEFAULT mode.
2022-11-08 18:03:04.118 [main] INFO  o.s.d.r.config.RepositoryConfigurationDelegate -
				Finished Spring Data repository scanning in 19 ms. Found 0 Redis repository interfaces.
2022-11-08 18:03:05.713 [main] INFO  o.s.boot.web.embedded.tomcat.TomcatWebServer -
				Tomcat initialized with port(s): 8080 (http)
2022-11-08 18:03:05.725 [main] INFO  org.apache.coyote.http11.Http11NioProtocol -
				Initializing ProtocolHandler ["http-nio-8080"]
2022-11-08 18:03:05.726 [main] INFO  org.apache.catalina.core.StandardService -
				Starting service [Tomcat]
2022-11-08 18:03:05.727 [main] INFO  org.apache.catalina.core.StandardEngine -
				Starting Servlet engine: [Apache Tomcat/9.0.65]
2022-11-08 18:03:05.909 [main] INFO  o.a.c.core.ContainerBase.[Tomcat].[localhost].[/] -
				Initializing Spring embedded WebApplicationContext
2022-11-08 18:03:05.911 [main] INFO  o.s.b.w.s.c.ServletWebServerApplicationContext -
				Root WebApplicationContext: initialization completed in 2796 ms
2022-11-08 18:03:08.379 [main] INFO  org.quartz.impl.StdSchedulerFactory -
				Using default implementation for ThreadExecutor
2022-11-08 18:03:08.389 [main] INFO  org.quartz.core.SchedulerSignalerImpl -
				Initialized Scheduler Signaller of type: class org.quartz.core.SchedulerSignalerImpl
2022-11-08 18:03:08.389 [main] INFO  org.quartz.core.QuartzScheduler -
				Quartz Scheduler v.2.3.2 created.
2022-11-08 18:03:08.391 [main] INFO  org.quartz.simpl.RAMJobStore -
				RAMJobStore initialized.
2022-11-08 18:03:08.393 [main] INFO  org.quartz.core.QuartzScheduler -
				Scheduler meta-data: Quartz Scheduler (v2.3.2) 'quartzScheduler' with instanceId 'NON_CLUSTERED'
  Scheduler class: 'org.quartz.core.QuartzScheduler' - running locally.
  NOT STARTED.
  Currently in standby mode.
  Number of jobs executed: 0
  Using thread pool 'org.quartz.simpl.SimpleThreadPool' - with 10 threads.
  Using job-store 'org.quartz.simpl.RAMJobStore' - which does not support persistence. and is not clustered.

2022-11-08 18:03:08.394 [main] INFO  org.quartz.impl.StdSchedulerFactory -
				Quartz scheduler 'quartzScheduler' initialized from an externally provided properties instance.
2022-11-08 18:03:08.395 [main] INFO  org.quartz.impl.StdSchedulerFactory -
				Quartz scheduler version: 2.3.2
2022-11-08 18:03:08.396 [main] INFO  org.quartz.core.QuartzScheduler -
				JobFactory set to: org.springframework.scheduling.quartz.SpringBeanJobFactory@63f3366a
2022-11-08 18:03:08.469 [main] INFO  org.apache.coyote.http11.Http11NioProtocol -
				Starting ProtocolHandler ["http-nio-8080"]
2022-11-08 18:03:08.480 [main] INFO  o.s.boot.web.embedded.tomcat.TomcatWebServer -
				Tomcat started on port(s): 8080 (http) with context path ''
2022-11-08 18:03:08.482 [main] INFO  o.s.scheduling.quartz.SchedulerFactoryBean -
				Starting Quartz Scheduler now
2022-11-08 18:03:08.482 [main] INFO  org.quartz.core.QuartzScheduler -
				Scheduler quartzScheduler_$_NON_CLUSTERED started.
2022-11-08 18:03:08.496 [main] INFO  com.example.demo.DemoApplication -
				Started DemoApplication in 6.527 seconds (JVM running for 8.157)
2022-11-08 18:03:08.573 [http-nio-8080-exec-2] INFO  org.apache.tomcat.util.http.parser.Cookie -
				A cookie header was received [Hm_lvt_5804d09853fcc4866132fbc306348993=1655279936,1655287959;] that contained an invalid cookie. That cookie will be ignored.
 Note: further occurrences of this error will be logged at DEBUG level.
2022-11-08 18:03:08.581 [http-nio-8080-exec-2] INFO  o.a.c.core.ContainerBase.[Tomcat].[localhost].[/] -
				Initializing Spring DispatcherServlet 'dispatcherServlet'
2022-11-08 18:03:08.581 [http-nio-8080-exec-2] INFO  org.springframework.web.servlet.DispatcherServlet -
				Initializing Servlet 'dispatcherServlet'
2022-11-08 18:03:08.582 [http-nio-8080-exec-2] INFO  org.springframework.web.servlet.DispatcherServlet -
				Completed initialization in 1 ms
2022-11-08 18:03:13.732 [http-nio-8080-exec-5] INFO  com.zaxxer.hikari.HikariDataSource -
				HikariPool-1 - Starting...
2022-11-08 18:03:13.934 [http-nio-8080-exec-5] INFO  com.zaxxer.hikari.HikariDataSource -
				HikariPool-1 - Start completed.
2022-11-08 18:32:03.671 [SpringApplicationShutdownHook] INFO  org.quartz.core.QuartzScheduler -
				Scheduler quartzScheduler_$_NON_CLUSTERED paused.
2022-11-08 18:32:03.838 [SpringApplicationShutdownHook] INFO  o.s.scheduling.quartz.SchedulerFactoryBean -
				Shutting down Quartz Scheduler
2022-11-08 18:32:03.842 [SpringApplicationShutdownHook] INFO  org.quartz.core.QuartzScheduler -
				Scheduler quartzScheduler_$_NON_CLUSTERED shutting down.
2022-11-08 18:32:03.848 [SpringApplicationShutdownHook] INFO  org.quartz.core.QuartzScheduler -
				Scheduler quartzScheduler_$_NON_CLUSTERED paused.
2022-11-08 18:32:03.850 [SpringApplicationShutdownHook] INFO  org.quartz.core.QuartzScheduler -
				Scheduler quartzScheduler_$_NON_CLUSTERED shutdown complete.
2022-11-08 18:32:03.868 [SpringApplicationShutdownHook] INFO  com.zaxxer.hikari.HikariDataSource -
				HikariPool-1 - Shutdown initiated...
2022-11-08 18:32:03.924 [SpringApplicationShutdownHook] INFO  com.zaxxer.hikari.HikariDataSource -
				HikariPool-1 - Shutdown completed.
2022-11-08 18:32:13.593 [main] INFO  com.example.demo.DemoApplication -
				Starting DemoApplication using Java 15.0.7 on DESKTOP-UN3KSEH with PID 2064 (C:\Users\liu\Desktop\MyProject\demo\target\classes started by liu in C:\Users\liu\Desktop\MyProject\demo)
2022-11-08 18:32:13.600 [main] INFO  com.example.demo.DemoApplication -
				No active profile set, falling back to 1 default profile: "default"
2022-11-08 18:32:14.799 [main] INFO  o.s.d.r.config.RepositoryConfigurationDelegate -
				Multiple Spring Data modules found, entering strict repository configuration mode
2022-11-08 18:32:14.802 [main] INFO  o.s.d.r.config.RepositoryConfigurationDelegate -
				Bootstrapping Spring Data Redis repositories in DEFAULT mode.
2022-11-08 18:32:14.838 [main] INFO  o.s.d.r.config.RepositoryConfigurationDelegate -
				Finished Spring Data repository scanning in 18 ms. Found 0 Redis repository interfaces.
2022-11-08 18:32:15.582 [main] INFO  o.s.boot.web.embedded.tomcat.TomcatWebServer -
				Tomcat initialized with port(s): 8080 (http)
2022-11-08 18:32:15.592 [main] INFO  org.apache.coyote.http11.Http11NioProtocol -
				Initializing ProtocolHandler ["http-nio-8080"]
2022-11-08 18:32:15.593 [main] INFO  org.apache.catalina.core.StandardService -
				Starting service [Tomcat]
2022-11-08 18:32:15.595 [main] INFO  org.apache.catalina.core.StandardEngine -
				Starting Servlet engine: [Apache Tomcat/9.0.65]
2022-11-08 18:32:15.789 [main] INFO  o.a.c.core.ContainerBase.[Tomcat].[localhost].[/] -
				Initializing Spring embedded WebApplicationContext
2022-11-08 18:32:15.789 [main] INFO  o.s.b.w.s.c.ServletWebServerApplicationContext -
				Root WebApplicationContext: initialization completed in 2106 ms
2022-11-08 18:32:20.698 [main] INFO  org.quartz.impl.StdSchedulerFactory -
				Using default implementation for ThreadExecutor
2022-11-08 18:32:20.715 [main] INFO  org.quartz.core.SchedulerSignalerImpl -
				Initialized Scheduler Signaller of type: class org.quartz.core.SchedulerSignalerImpl
2022-11-08 18:32:20.715 [main] INFO  org.quartz.core.QuartzScheduler -
				Quartz Scheduler v.2.3.2 created.
2022-11-08 18:32:20.717 [main] INFO  org.quartz.simpl.RAMJobStore -
				RAMJobStore initialized.
2022-11-08 18:32:20.718 [main] INFO  org.quartz.core.QuartzScheduler -
				Scheduler meta-data: Quartz Scheduler (v2.3.2) 'quartzScheduler' with instanceId 'NON_CLUSTERED'
  Scheduler class: 'org.quartz.core.QuartzScheduler' - running locally.
  NOT STARTED.
  Currently in standby mode.
  Number of jobs executed: 0
  Using thread pool 'org.quartz.simpl.SimpleThreadPool' - with 10 threads.
  Using job-store 'org.quartz.simpl.RAMJobStore' - which does not support persistence. and is not clustered.

2022-11-08 18:32:20.719 [main] INFO  org.quartz.impl.StdSchedulerFactory -
				Quartz scheduler 'quartzScheduler' initialized from an externally provided properties instance.
2022-11-08 18:32:20.719 [main] INFO  org.quartz.impl.StdSchedulerFactory -
				Quartz scheduler version: 2.3.2
2022-11-08 18:32:20.719 [main] INFO  org.quartz.core.QuartzScheduler -
				JobFactory set to: org.springframework.scheduling.quartz.SpringBeanJobFactory@67593f7b
2022-11-08 18:32:20.803 [main] INFO  org.apache.coyote.http11.Http11NioProtocol -
				Starting ProtocolHandler ["http-nio-8080"]
2022-11-08 18:32:20.821 [main] INFO  o.s.boot.web.embedded.tomcat.TomcatWebServer -
				Tomcat started on port(s): 8080 (http) with context path ''
2022-11-08 18:32:20.824 [main] INFO  o.s.scheduling.quartz.SchedulerFactoryBean -
				Starting Quartz Scheduler now
2022-11-08 18:32:20.824 [main] INFO  org.quartz.core.QuartzScheduler -
				Scheduler quartzScheduler_$_NON_CLUSTERED started.
2022-11-08 18:32:20.842 [main] INFO  com.example.demo.DemoApplication -
				Started DemoApplication in 8.239 seconds (JVM running for 11.498)
2022-11-08 18:32:28.739 [http-nio-8080-exec-2] INFO  o.a.c.core.ContainerBase.[Tomcat].[localhost].[/] -
				Initializing Spring DispatcherServlet 'dispatcherServlet'
2022-11-08 18:32:28.739 [http-nio-8080-exec-2] INFO  org.springframework.web.servlet.DispatcherServlet -
				Initializing Servlet 'dispatcherServlet'
2022-11-08 18:32:28.741 [http-nio-8080-exec-2] INFO  org.springframework.web.servlet.DispatcherServlet -
				Completed initialization in 1 ms
2022-11-08 18:32:29.382 [http-nio-8080-exec-3] INFO  org.apache.tomcat.util.http.parser.Cookie -
				A cookie header was received [Hm_lvt_5804d09853fcc4866132fbc306348993=1655279936,1655287959;] that contained an invalid cookie. That cookie will be ignored.
 Note: further occurrences of this error will be logged at DEBUG level.
2022-11-08 18:33:13.911 [http-nio-8080-exec-3] INFO  com.zaxxer.hikari.HikariDataSource -
				HikariPool-1 - Starting...
2022-11-08 18:33:14.361 [http-nio-8080-exec-3] INFO  com.zaxxer.hikari.HikariDataSource -
				HikariPool-1 - Start completed.
2022-11-08 18:35:12.343 [SpringApplicationShutdownHook] INFO  org.quartz.core.QuartzScheduler -
				Scheduler quartzScheduler_$_NON_CLUSTERED paused.
2022-11-08 18:35:12.374 [SpringApplicationShutdownHook] INFO  o.s.scheduling.quartz.SchedulerFactoryBean -
				Shutting down Quartz Scheduler
2022-11-08 18:35:12.376 [SpringApplicationShutdownHook] INFO  org.quartz.core.QuartzScheduler -
				Scheduler quartzScheduler_$_NON_CLUSTERED shutting down.
2022-11-08 18:35:12.377 [SpringApplicationShutdownHook] INFO  org.quartz.core.QuartzScheduler -
				Scheduler quartzScheduler_$_NON_CLUSTERED paused.
2022-11-08 18:35:12.378 [SpringApplicationShutdownHook] INFO  org.quartz.core.QuartzScheduler -
				Scheduler quartzScheduler_$_NON_CLUSTERED shutdown complete.
2022-11-08 18:35:12.393 [SpringApplicationShutdownHook] INFO  com.zaxxer.hikari.HikariDataSource -
				HikariPool-1 - Shutdown initiated...
2022-11-08 18:35:12.405 [SpringApplicationShutdownHook] INFO  com.zaxxer.hikari.HikariDataSource -
				HikariPool-1 - Shutdown completed.
2022-11-08 18:35:22.667 [main] INFO  com.example.demo.DemoApplication -
				Starting DemoApplication using Java 15.0.7 on DESKTOP-UN3KSEH with PID 3932 (C:\Users\liu\Desktop\MyProject\demo\target\classes started by liu in C:\Users\liu\Desktop\MyProject\demo)
2022-11-08 18:35:22.672 [main] INFO  com.example.demo.DemoApplication -
				No active profile set, falling back to 1 default profile: "default"
2022-11-08 18:35:23.853 [main] INFO  o.s.d.r.config.RepositoryConfigurationDelegate -
				Multiple Spring Data modules found, entering strict repository configuration mode
2022-11-08 18:35:23.857 [main] INFO  o.s.d.r.config.RepositoryConfigurationDelegate -
				Bootstrapping Spring Data Redis repositories in DEFAULT mode.
2022-11-08 18:35:23.902 [main] INFO  o.s.d.r.config.RepositoryConfigurationDelegate -
				Finished Spring Data repository scanning in 23 ms. Found 0 Redis repository interfaces.
2022-11-08 18:35:24.729 [main] INFO  o.s.boot.web.embedded.tomcat.TomcatWebServer -
				Tomcat initialized with port(s): 8080 (http)
2022-11-08 18:35:24.742 [main] INFO  org.apache.coyote.http11.Http11NioProtocol -
				Initializing ProtocolHandler ["http-nio-8080"]
2022-11-08 18:35:24.742 [main] INFO  org.apache.catalina.core.StandardService -
				Starting service [Tomcat]
2022-11-08 18:35:24.743 [main] INFO  org.apache.catalina.core.StandardEngine -
				Starting Servlet engine: [Apache Tomcat/9.0.65]
2022-11-08 18:35:24.922 [main] INFO  o.a.c.core.ContainerBase.[Tomcat].[localhost].[/] -
				Initializing Spring embedded WebApplicationContext
2022-11-08 18:35:24.923 [main] INFO  o.s.b.w.s.c.ServletWebServerApplicationContext -
				Root WebApplicationContext: initialization completed in 2185 ms
2022-11-08 18:35:27.380 [main] INFO  org.quartz.impl.StdSchedulerFactory -
				Using default implementation for ThreadExecutor
2022-11-08 18:35:27.391 [main] INFO  org.quartz.core.SchedulerSignalerImpl -
				Initialized Scheduler Signaller of type: class org.quartz.core.SchedulerSignalerImpl
2022-11-08 18:35:27.391 [main] INFO  org.quartz.core.QuartzScheduler -
				Quartz Scheduler v.2.3.2 created.
2022-11-08 18:35:27.393 [main] INFO  org.quartz.simpl.RAMJobStore -
				RAMJobStore initialized.
2022-11-08 18:35:27.393 [main] INFO  org.quartz.core.QuartzScheduler -
				Scheduler meta-data: Quartz Scheduler (v2.3.2) 'quartzScheduler' with instanceId 'NON_CLUSTERED'
  Scheduler class: 'org.quartz.core.QuartzScheduler' - running locally.
  NOT STARTED.
  Currently in standby mode.
  Number of jobs executed: 0
  Using thread pool 'org.quartz.simpl.SimpleThreadPool' - with 10 threads.
  Using job-store 'org.quartz.simpl.RAMJobStore' - which does not support persistence. and is not clustered.

2022-11-08 18:35:27.395 [main] INFO  org.quartz.impl.StdSchedulerFactory -
				Quartz scheduler 'quartzScheduler' initialized from an externally provided properties instance.
2022-11-08 18:35:27.395 [main] INFO  org.quartz.impl.StdSchedulerFactory -
				Quartz scheduler version: 2.3.2
2022-11-08 18:35:27.395 [main] INFO  org.quartz.core.QuartzScheduler -
				JobFactory set to: org.springframework.scheduling.quartz.SpringBeanJobFactory@c87787d
2022-11-08 18:35:27.476 [main] INFO  org.apache.coyote.http11.Http11NioProtocol -
				Starting ProtocolHandler ["http-nio-8080"]
2022-11-08 18:35:27.496 [main] INFO  o.s.boot.web.embedded.tomcat.TomcatWebServer -
				Tomcat started on port(s): 8080 (http) with context path ''
2022-11-08 18:35:27.499 [main] INFO  o.s.scheduling.quartz.SchedulerFactoryBean -
				Starting Quartz Scheduler now
2022-11-08 18:35:27.500 [main] INFO  org.quartz.core.QuartzScheduler -
				Scheduler quartzScheduler_$_NON_CLUSTERED started.
2022-11-08 18:35:27.521 [main] INFO  com.example.demo.DemoApplication -
				Started DemoApplication in 5.801 seconds (JVM running for 7.633)
2022-11-08 18:35:34.492 [http-nio-8080-exec-1] INFO  o.a.c.core.ContainerBase.[Tomcat].[localhost].[/] -
				Initializing Spring DispatcherServlet 'dispatcherServlet'
2022-11-08 18:35:34.492 [http-nio-8080-exec-1] INFO  org.springframework.web.servlet.DispatcherServlet -
				Initializing Servlet 'dispatcherServlet'
2022-11-08 18:35:34.495 [http-nio-8080-exec-1] INFO  org.springframework.web.servlet.DispatcherServlet -
				Completed initialization in 2 ms
2022-11-08 18:35:35.004 [http-nio-8080-exec-2] INFO  org.apache.tomcat.util.http.parser.Cookie -
				A cookie header was received [Hm_lvt_5804d09853fcc4866132fbc306348993=1655279936,1655287959;] that contained an invalid cookie. That cookie will be ignored.
 Note: further occurrences of this error will be logged at DEBUG level.
2022-11-08 18:35:35.088 [http-nio-8080-exec-2] INFO  com.zaxxer.hikari.HikariDataSource -
				HikariPool-1 - Starting...
2022-11-08 18:35:35.209 [http-nio-8080-exec-2] INFO  com.zaxxer.hikari.HikariDataSource -
				HikariPool-1 - Start completed.
2022-11-08 19:09:37.480 [SpringApplicationShutdownHook] INFO  org.quartz.core.QuartzScheduler -
				Scheduler quartzScheduler_$_NON_CLUSTERED paused.
2022-11-08 19:09:37.550 [SpringApplicationShutdownHook] INFO  o.s.scheduling.quartz.SchedulerFactoryBean -
				Shutting down Quartz Scheduler
2022-11-08 19:09:37.551 [SpringApplicationShutdownHook] INFO  org.quartz.core.QuartzScheduler -
				Scheduler quartzScheduler_$_NON_CLUSTERED shutting down.
2022-11-08 19:09:37.551 [SpringApplicationShutdownHook] INFO  org.quartz.core.QuartzScheduler -
				Scheduler quartzScheduler_$_NON_CLUSTERED paused.
2022-11-08 19:09:37.552 [SpringApplicationShutdownHook] INFO  org.quartz.core.QuartzScheduler -
				Scheduler quartzScheduler_$_NON_CLUSTERED shutdown complete.
2022-11-08 19:09:37.567 [SpringApplicationShutdownHook] INFO  com.zaxxer.hikari.HikariDataSource -
				HikariPool-1 - Shutdown initiated...
2022-11-08 19:09:37.578 [SpringApplicationShutdownHook] INFO  com.zaxxer.hikari.HikariDataSource -
				HikariPool-1 - Shutdown completed.
2022-11-08 19:10:05.173 [main] INFO  com.example.demo.DemoApplication -
				Starting DemoApplication using Java 15.0.7 on DESKTOP-UN3KSEH with PID 4036 (C:\Users\liu\Desktop\MyProject\demo\target\classes started by liu in C:\Users\liu\Desktop\MyProject\demo)
2022-11-08 19:10:05.176 [main] INFO  com.example.demo.DemoApplication -
				No active profile set, falling back to 1 default profile: "default"
2022-11-08 19:10:05.887 [main] INFO  o.s.d.r.config.RepositoryConfigurationDelegate -
				Multiple Spring Data modules found, entering strict repository configuration mode
2022-11-08 19:10:05.892 [main] INFO  o.s.d.r.config.RepositoryConfigurationDelegate -
				Bootstrapping Spring Data Redis repositories in DEFAULT mode.
2022-11-08 19:10:06.053 [main] INFO  o.s.d.r.config.RepositoryConfigurationDelegate -
				Finished Spring Data repository scanning in 57 ms. Found 0 Redis repository interfaces.
2022-11-08 19:10:06.935 [main] INFO  o.s.boot.web.embedded.tomcat.TomcatWebServer -
				Tomcat initialized with port(s): 8080 (http)
2022-11-08 19:10:06.946 [main] INFO  org.apache.coyote.http11.Http11NioProtocol -
				Initializing ProtocolHandler ["http-nio-8080"]
2022-11-08 19:10:06.949 [main] INFO  org.apache.catalina.core.StandardService -
				Starting service [Tomcat]
2022-11-08 19:10:06.949 [main] INFO  org.apache.catalina.core.StandardEngine -
				Starting Servlet engine: [Apache Tomcat/9.0.65]
2022-11-08 19:10:07.110 [main] INFO  o.a.c.core.ContainerBase.[Tomcat].[localhost].[/] -
				Initializing Spring embedded WebApplicationContext
2022-11-08 19:10:07.110 [main] INFO  o.s.b.w.s.c.ServletWebServerApplicationContext -
				Root WebApplicationContext: initialization completed in 1889 ms
2022-11-08 19:10:11.730 [main] INFO  org.quartz.impl.StdSchedulerFactory -
				Using default implementation for ThreadExecutor
2022-11-08 19:10:11.751 [main] INFO  org.quartz.core.SchedulerSignalerImpl -
				Initialized Scheduler Signaller of type: class org.quartz.core.SchedulerSignalerImpl
2022-11-08 19:10:11.752 [main] INFO  org.quartz.core.QuartzScheduler -
				Quartz Scheduler v.2.3.2 created.
2022-11-08 19:10:11.754 [main] INFO  org.quartz.simpl.RAMJobStore -
				RAMJobStore initialized.
2022-11-08 19:10:11.755 [main] INFO  org.quartz.core.QuartzScheduler -
				Scheduler meta-data: Quartz Scheduler (v2.3.2) 'quartzScheduler' with instanceId 'NON_CLUSTERED'
  Scheduler class: 'org.quartz.core.QuartzScheduler' - running locally.
  NOT STARTED.
  Currently in standby mode.
  Number of jobs executed: 0
  Using thread pool 'org.quartz.simpl.SimpleThreadPool' - with 10 threads.
  Using job-store 'org.quartz.simpl.RAMJobStore' - which does not support persistence. and is not clustered.

2022-11-08 19:10:11.757 [main] INFO  org.quartz.impl.StdSchedulerFactory -
				Quartz scheduler 'quartzScheduler' initialized from an externally provided properties instance.
2022-11-08 19:10:11.757 [main] INFO  org.quartz.impl.StdSchedulerFactory -
				Quartz scheduler version: 2.3.2
2022-11-08 19:10:11.758 [main] INFO  org.quartz.core.QuartzScheduler -
				JobFactory set to: org.springframework.scheduling.quartz.SpringBeanJobFactory@1a02ebe0
2022-11-08 19:10:11.891 [main] INFO  org.apache.coyote.http11.Http11NioProtocol -
				Starting ProtocolHandler ["http-nio-8080"]
2022-11-08 19:10:11.911 [main] INFO  o.s.boot.web.embedded.tomcat.TomcatWebServer -
				Tomcat started on port(s): 8080 (http) with context path ''
2022-11-08 19:10:11.914 [main] INFO  o.s.scheduling.quartz.SchedulerFactoryBean -
				Starting Quartz Scheduler now
2022-11-08 19:10:11.914 [main] INFO  org.quartz.core.QuartzScheduler -
				Scheduler quartzScheduler_$_NON_CLUSTERED started.
2022-11-08 19:10:11.940 [main] INFO  com.example.demo.DemoApplication -
				Started DemoApplication in 7.436 seconds (JVM running for 9.094)
2022-11-08 19:11:04.931 [http-nio-8080-exec-1] INFO  org.apache.tomcat.util.http.parser.Cookie -
				A cookie header was received [Hm_lvt_5804d09853fcc4866132fbc306348993=1655279936,1655287959;] that contained an invalid cookie. That cookie will be ignored.
 Note: further occurrences of this error will be logged at DEBUG level.
2022-11-08 19:11:04.940 [http-nio-8080-exec-1] INFO  o.a.c.core.ContainerBase.[Tomcat].[localhost].[/] -
				Initializing Spring DispatcherServlet 'dispatcherServlet'
2022-11-08 19:11:04.941 [http-nio-8080-exec-1] INFO  org.springframework.web.servlet.DispatcherServlet -
				Initializing Servlet 'dispatcherServlet'
2022-11-08 19:11:04.948 [http-nio-8080-exec-1] INFO  org.springframework.web.servlet.DispatcherServlet -
				Completed initialization in 5 ms
2022-11-08 19:11:05.970 [http-nio-8080-exec-3] INFO  com.zaxxer.hikari.HikariDataSource -
				HikariPool-1 - Starting...
2022-11-08 19:11:06.210 [http-nio-8080-exec-3] INFO  com.zaxxer.hikari.HikariDataSource -
				HikariPool-1 - Start completed.
2022-11-08 19:44:03.881 [SpringApplicationShutdownHook] INFO  org.quartz.core.QuartzScheduler -
				Scheduler quartzScheduler_$_NON_CLUSTERED paused.
2022-11-08 19:44:04.006 [SpringApplicationShutdownHook] INFO  o.s.scheduling.quartz.SchedulerFactoryBean -
				Shutting down Quartz Scheduler
2022-11-08 19:44:04.007 [SpringApplicationShutdownHook] INFO  org.quartz.core.QuartzScheduler -
				Scheduler quartzScheduler_$_NON_CLUSTERED shutting down.
2022-11-08 19:44:04.007 [SpringApplicationShutdownHook] INFO  org.quartz.core.QuartzScheduler -
				Scheduler quartzScheduler_$_NON_CLUSTERED paused.
2022-11-08 19:44:04.009 [SpringApplicationShutdownHook] INFO  org.quartz.core.QuartzScheduler -
				Scheduler quartzScheduler_$_NON_CLUSTERED shutdown complete.
2022-11-08 19:44:04.026 [SpringApplicationShutdownHook] INFO  com.zaxxer.hikari.HikariDataSource -
				HikariPool-1 - Shutdown initiated...
2022-11-08 19:44:04.048 [SpringApplicationShutdownHook] INFO  com.zaxxer.hikari.HikariDataSource -
				HikariPool-1 - Shutdown completed.
2022-11-08 19:44:15.908 [main] INFO  com.example.demo.DemoApplication -
				Starting DemoApplication using Java 15.0.7 on DESKTOP-UN3KSEH with PID 3224 (C:\Users\liu\Desktop\MyProject\demo\target\classes started by liu in C:\Users\liu\Desktop\MyProject\demo)
2022-11-08 19:44:15.912 [main] INFO  com.example.demo.DemoApplication -
				No active profile set, falling back to 1 default profile: "default"
2022-11-08 19:44:17.691 [main] INFO  o.s.d.r.config.RepositoryConfigurationDelegate -
				Multiple Spring Data modules found, entering strict repository configuration mode
2022-11-08 19:44:17.694 [main] INFO  o.s.d.r.config.RepositoryConfigurationDelegate -
				Bootstrapping Spring Data Redis repositories in DEFAULT mode.
2022-11-08 19:44:17.732 [main] INFO  o.s.d.r.config.RepositoryConfigurationDelegate -
				Finished Spring Data repository scanning in 16 ms. Found 0 Redis repository interfaces.
2022-11-08 19:44:18.378 [main] INFO  o.s.boot.web.embedded.tomcat.TomcatWebServer -
				Tomcat initialized with port(s): 8080 (http)
2022-11-08 19:44:18.392 [main] INFO  org.apache.coyote.http11.Http11NioProtocol -
				Initializing ProtocolHandler ["http-nio-8080"]
2022-11-08 19:44:18.393 [main] INFO  org.apache.catalina.core.StandardService -
				Starting service [Tomcat]
2022-11-08 19:44:18.393 [main] INFO  org.apache.catalina.core.StandardEngine -
				Starting Servlet engine: [Apache Tomcat/9.0.65]
2022-11-08 19:44:18.556 [main] INFO  o.a.c.core.ContainerBase.[Tomcat].[localhost].[/] -
				Initializing Spring embedded WebApplicationContext
2022-11-08 19:44:18.556 [main] INFO  o.s.b.w.s.c.ServletWebServerApplicationContext -
				Root WebApplicationContext: initialization completed in 2593 ms
2022-11-08 19:44:20.936 [main] INFO  org.quartz.impl.StdSchedulerFactory -
				Using default implementation for ThreadExecutor
2022-11-08 19:44:20.947 [main] INFO  org.quartz.core.SchedulerSignalerImpl -
				Initialized Scheduler Signaller of type: class org.quartz.core.SchedulerSignalerImpl
2022-11-08 19:44:20.947 [main] INFO  org.quartz.core.QuartzScheduler -
				Quartz Scheduler v.2.3.2 created.
2022-11-08 19:44:20.948 [main] INFO  org.quartz.simpl.RAMJobStore -
				RAMJobStore initialized.
2022-11-08 19:44:20.949 [main] INFO  org.quartz.core.QuartzScheduler -
				Scheduler meta-data: Quartz Scheduler (v2.3.2) 'quartzScheduler' with instanceId 'NON_CLUSTERED'
  Scheduler class: 'org.quartz.core.QuartzScheduler' - running locally.
  NOT STARTED.
  Currently in standby mode.
  Number of jobs executed: 0
  Using thread pool 'org.quartz.simpl.SimpleThreadPool' - with 10 threads.
  Using job-store 'org.quartz.simpl.RAMJobStore' - which does not support persistence. and is not clustered.

2022-11-08 19:44:20.949 [main] INFO  org.quartz.impl.StdSchedulerFactory -
				Quartz scheduler 'quartzScheduler' initialized from an externally provided properties instance.
2022-11-08 19:44:20.949 [main] INFO  org.quartz.impl.StdSchedulerFactory -
				Quartz scheduler version: 2.3.2
2022-11-08 19:44:20.950 [main] INFO  org.quartz.core.QuartzScheduler -
				JobFactory set to: org.springframework.scheduling.quartz.SpringBeanJobFactory@651cedfb
2022-11-08 19:44:21.014 [main] INFO  org.apache.coyote.http11.Http11NioProtocol -
				Starting ProtocolHandler ["http-nio-8080"]
2022-11-08 19:44:21.024 [main] INFO  o.s.boot.web.embedded.tomcat.TomcatWebServer -
				Tomcat started on port(s): 8080 (http) with context path ''
2022-11-08 19:44:21.026 [main] INFO  o.s.scheduling.quartz.SchedulerFactoryBean -
				Starting Quartz Scheduler now
2022-11-08 19:44:21.026 [main] INFO  org.quartz.core.QuartzScheduler -
				Scheduler quartzScheduler_$_NON_CLUSTERED started.
2022-11-08 19:44:21.044 [main] INFO  com.example.demo.DemoApplication -
				Started DemoApplication in 5.938 seconds (JVM running for 8.297)
2022-11-08 19:44:28.903 [http-nio-8080-exec-1] INFO  o.a.c.core.ContainerBase.[Tomcat].[localhost].[/] -
				Initializing Spring DispatcherServlet 'dispatcherServlet'
2022-11-08 19:44:28.904 [http-nio-8080-exec-1] INFO  org.springframework.web.servlet.DispatcherServlet -
				Initializing Servlet 'dispatcherServlet'
2022-11-08 19:44:28.907 [http-nio-8080-exec-1] INFO  org.springframework.web.servlet.DispatcherServlet -
				Completed initialization in 2 ms
2022-11-08 19:44:28.953 [http-nio-8080-exec-2] INFO  org.apache.tomcat.util.http.parser.Cookie -
				A cookie header was received [Hm_lvt_5804d09853fcc4866132fbc306348993=1655279936,1655287959;] that contained an invalid cookie. That cookie will be ignored.
 Note: further occurrences of this error will be logged at DEBUG level.
2022-11-08 19:44:29.685 [http-nio-8080-exec-2] INFO  com.zaxxer.hikari.HikariDataSource -
				HikariPool-1 - Starting...
2022-11-08 19:44:29.862 [http-nio-8080-exec-2] INFO  com.zaxxer.hikari.HikariDataSource -
				HikariPool-1 - Start completed.
2022-11-08 19:47:11.063 [SpringApplicationShutdownHook] INFO  org.quartz.core.QuartzScheduler -
				Scheduler quartzScheduler_$_NON_CLUSTERED paused.
2022-11-08 19:47:11.133 [SpringApplicationShutdownHook] INFO  o.s.scheduling.quartz.SchedulerFactoryBean -
				Shutting down Quartz Scheduler
2022-11-08 19:47:11.134 [SpringApplicationShutdownHook] INFO  org.quartz.core.QuartzScheduler -
				Scheduler quartzScheduler_$_NON_CLUSTERED shutting down.
2022-11-08 19:47:11.134 [SpringApplicationShutdownHook] INFO  org.quartz.core.QuartzScheduler -
				Scheduler quartzScheduler_$_NON_CLUSTERED paused.
2022-11-08 19:47:11.136 [SpringApplicationShutdownHook] INFO  org.quartz.core.QuartzScheduler -
				Scheduler quartzScheduler_$_NON_CLUSTERED shutdown complete.
2022-11-08 19:47:11.147 [SpringApplicationShutdownHook] INFO  com.zaxxer.hikari.HikariDataSource -
				HikariPool-1 - Shutdown initiated...
2022-11-08 19:47:11.161 [SpringApplicationShutdownHook] INFO  com.zaxxer.hikari.HikariDataSource -
				HikariPool-1 - Shutdown completed.
2022-11-08 19:47:15.524 [main] INFO  com.example.demo.DemoApplication -
				Starting DemoApplication using Java 15.0.7 on DESKTOP-UN3KSEH with PID 12868 (C:\Users\liu\Desktop\MyProject\demo\target\classes started by liu in C:\Users\liu\Desktop\MyProject\demo)
2022-11-08 19:47:15.528 [main] INFO  com.example.demo.DemoApplication -
				No active profile set, falling back to 1 default profile: "default"
2022-11-08 19:47:16.155 [main] INFO  o.s.d.r.config.RepositoryConfigurationDelegate -
				Multiple Spring Data modules found, entering strict repository configuration mode
2022-11-08 19:47:16.157 [main] INFO  o.s.d.r.config.RepositoryConfigurationDelegate -
				Bootstrapping Spring Data Redis repositories in DEFAULT mode.
2022-11-08 19:47:16.184 [main] INFO  o.s.d.r.config.RepositoryConfigurationDelegate -
				Finished Spring Data repository scanning in 15 ms. Found 0 Redis repository interfaces.
2022-11-08 19:47:16.724 [main] INFO  o.s.boot.web.embedded.tomcat.TomcatWebServer -
				Tomcat initialized with port(s): 8080 (http)
2022-11-08 19:47:16.733 [main] INFO  org.apache.coyote.http11.Http11NioProtocol -
				Initializing ProtocolHandler ["http-nio-8080"]
2022-11-08 19:47:16.734 [main] INFO  org.apache.catalina.core.StandardService -
				Starting service [Tomcat]
2022-11-08 19:47:16.735 [main] INFO  org.apache.catalina.core.StandardEngine -
				Starting Servlet engine: [Apache Tomcat/9.0.65]
2022-11-08 19:47:16.861 [main] INFO  o.a.c.core.ContainerBase.[Tomcat].[localhost].[/] -
				Initializing Spring embedded WebApplicationContext
2022-11-08 19:47:16.862 [main] INFO  o.s.b.w.s.c.ServletWebServerApplicationContext -
				Root WebApplicationContext: initialization completed in 1295 ms
2022-11-08 19:47:18.467 [main] INFO  org.quartz.impl.StdSchedulerFactory -
				Using default implementation for ThreadExecutor
2022-11-08 19:47:18.475 [main] INFO  org.quartz.core.SchedulerSignalerImpl -
				Initialized Scheduler Signaller of type: class org.quartz.core.SchedulerSignalerImpl
2022-11-08 19:47:18.475 [main] INFO  org.quartz.core.QuartzScheduler -
				Quartz Scheduler v.2.3.2 created.
2022-11-08 19:47:18.476 [main] INFO  org.quartz.simpl.RAMJobStore -
				RAMJobStore initialized.
2022-11-08 19:47:18.477 [main] INFO  org.quartz.core.QuartzScheduler -
				Scheduler meta-data: Quartz Scheduler (v2.3.2) 'quartzScheduler' with instanceId 'NON_CLUSTERED'
  Scheduler class: 'org.quartz.core.QuartzScheduler' - running locally.
  NOT STARTED.
  Currently in standby mode.
  Number of jobs executed: 0
  Using thread pool 'org.quartz.simpl.SimpleThreadPool' - with 10 threads.
  Using job-store 'org.quartz.simpl.RAMJobStore' - which does not support persistence. and is not clustered.

2022-11-08 19:47:18.477 [main] INFO  org.quartz.impl.StdSchedulerFactory -
				Quartz scheduler 'quartzScheduler' initialized from an externally provided properties instance.
2022-11-08 19:47:18.477 [main] INFO  org.quartz.impl.StdSchedulerFactory -
				Quartz scheduler version: 2.3.2
2022-11-08 19:47:18.478 [main] INFO  org.quartz.core.QuartzScheduler -
				JobFactory set to: org.springframework.scheduling.quartz.SpringBeanJobFactory@5cdda548
2022-11-08 19:47:18.528 [main] INFO  org.apache.coyote.http11.Http11NioProtocol -
				Starting ProtocolHandler ["http-nio-8080"]
2022-11-08 19:47:18.542 [main] INFO  o.s.boot.web.embedded.tomcat.TomcatWebServer -
				Tomcat started on port(s): 8080 (http) with context path ''
2022-11-08 19:47:18.543 [main] INFO  o.s.scheduling.quartz.SchedulerFactoryBean -
				Starting Quartz Scheduler now
2022-11-08 19:47:18.544 [main] INFO  org.quartz.core.QuartzScheduler -
				Scheduler quartzScheduler_$_NON_CLUSTERED started.
2022-11-08 19:47:18.554 [main] INFO  com.example.demo.DemoApplication -
				Started DemoApplication in 3.573 seconds (JVM running for 4.585)
2022-11-08 19:47:21.102 [SpringApplicationShutdownHook] INFO  org.quartz.core.QuartzScheduler -
				Scheduler quartzScheduler_$_NON_CLUSTERED paused.
2022-11-08 19:47:21.139 [SpringApplicationShutdownHook] INFO  o.s.scheduling.quartz.SchedulerFactoryBean -
				Shutting down Quartz Scheduler
2022-11-08 19:47:21.140 [SpringApplicationShutdownHook] INFO  org.quartz.core.QuartzScheduler -
				Scheduler quartzScheduler_$_NON_CLUSTERED shutting down.
2022-11-08 19:47:21.140 [SpringApplicationShutdownHook] INFO  org.quartz.core.QuartzScheduler -
				Scheduler quartzScheduler_$_NON_CLUSTERED paused.
2022-11-08 19:47:21.141 [SpringApplicationShutdownHook] INFO  org.quartz.core.QuartzScheduler -
				Scheduler quartzScheduler_$_NON_CLUSTERED shutdown complete.
2022-11-08 19:47:25.915 [main] INFO  com.example.demo.DemoApplication -
				Starting DemoApplication using Java 15.0.7 on DESKTOP-UN3KSEH with PID 16720 (C:\Users\liu\Desktop\MyProject\demo\target\classes started by liu in C:\Users\liu\Desktop\MyProject\demo)
2022-11-08 19:47:25.919 [main] INFO  com.example.demo.DemoApplication -
				No active profile set, falling back to 1 default profile: "default"
2022-11-08 19:47:26.809 [main] INFO  o.s.d.r.config.RepositoryConfigurationDelegate -
				Multiple Spring Data modules found, entering strict repository configuration mode
2022-11-08 19:47:26.813 [main] INFO  o.s.d.r.config.RepositoryConfigurationDelegate -
				Bootstrapping Spring Data Redis repositories in DEFAULT mode.
2022-11-08 19:47:26.842 [main] INFO  o.s.d.r.config.RepositoryConfigurationDelegate -
				Finished Spring Data repository scanning in 15 ms. Found 0 Redis repository interfaces.
2022-11-08 19:47:27.973 [main] INFO  o.s.boot.web.embedded.tomcat.TomcatWebServer -
				Tomcat initialized with port(s): 8080 (http)
2022-11-08 19:47:27.981 [main] INFO  org.apache.coyote.http11.Http11NioProtocol -
				Initializing ProtocolHandler ["http-nio-8080"]
2022-11-08 19:47:27.982 [main] INFO  org.apache.catalina.core.StandardService -
				Starting service [Tomcat]
2022-11-08 19:47:27.982 [main] INFO  org.apache.catalina.core.StandardEngine -
				Starting Servlet engine: [Apache Tomcat/9.0.65]
2022-11-08 19:47:28.119 [main] INFO  o.a.c.core.ContainerBase.[Tomcat].[localhost].[/] -
				Initializing Spring embedded WebApplicationContext
2022-11-08 19:47:28.119 [main] INFO  o.s.b.w.s.c.ServletWebServerApplicationContext -
				Root WebApplicationContext: initialization completed in 2092 ms
2022-11-08 19:47:29.803 [main] INFO  org.quartz.impl.StdSchedulerFactory -
				Using default implementation for ThreadExecutor
2022-11-08 19:47:29.816 [main] INFO  org.quartz.core.SchedulerSignalerImpl -
				Initialized Scheduler Signaller of type: class org.quartz.core.SchedulerSignalerImpl
2022-11-08 19:47:29.816 [main] INFO  org.quartz.core.QuartzScheduler -
				Quartz Scheduler v.2.3.2 created.
2022-11-08 19:47:29.817 [main] INFO  org.quartz.simpl.RAMJobStore -
				RAMJobStore initialized.
2022-11-08 19:47:29.818 [main] INFO  org.quartz.core.QuartzScheduler -
				Scheduler meta-data: Quartz Scheduler (v2.3.2) 'quartzScheduler' with instanceId 'NON_CLUSTERED'
  Scheduler class: 'org.quartz.core.QuartzScheduler' - running locally.
  NOT STARTED.
  Currently in standby mode.
  Number of jobs executed: 0
  Using thread pool 'org.quartz.simpl.SimpleThreadPool' - with 10 threads.
  Using job-store 'org.quartz.simpl.RAMJobStore' - which does not support persistence. and is not clustered.

2022-11-08 19:47:29.818 [main] INFO  org.quartz.impl.StdSchedulerFactory -
				Quartz scheduler 'quartzScheduler' initialized from an externally provided properties instance.
2022-11-08 19:47:29.818 [main] INFO  org.quartz.impl.StdSchedulerFactory -
				Quartz scheduler version: 2.3.2
2022-11-08 19:47:29.818 [main] INFO  org.quartz.core.QuartzScheduler -
				JobFactory set to: org.springframework.scheduling.quartz.SpringBeanJobFactory@454e9d65
2022-11-08 19:47:29.864 [main] INFO  org.apache.coyote.http11.Http11NioProtocol -
				Starting ProtocolHandler ["http-nio-8080"]
2022-11-08 19:47:29.878 [main] INFO  o.s.boot.web.embedded.tomcat.TomcatWebServer -
				Tomcat started on port(s): 8080 (http) with context path ''
2022-11-08 19:47:29.879 [main] INFO  o.s.scheduling.quartz.SchedulerFactoryBean -
				Starting Quartz Scheduler now
2022-11-08 19:47:29.880 [main] INFO  org.quartz.core.QuartzScheduler -
				Scheduler quartzScheduler_$_NON_CLUSTERED started.
2022-11-08 19:47:29.891 [main] INFO  com.example.demo.DemoApplication -
				Started DemoApplication in 4.689 seconds (JVM running for 6.268)
2022-11-08 19:48:07.297 [http-nio-8080-exec-1] INFO  org.apache.tomcat.util.http.parser.Cookie -
				A cookie header was received [Hm_lvt_5804d09853fcc4866132fbc306348993=1655279936,1655287959;] that contained an invalid cookie. That cookie will be ignored.
 Note: further occurrences of this error will be logged at DEBUG level.
2022-11-08 19:48:07.307 [http-nio-8080-exec-1] INFO  o.a.c.core.ContainerBase.[Tomcat].[localhost].[/] -
				Initializing Spring DispatcherServlet 'dispatcherServlet'
2022-11-08 19:48:07.308 [http-nio-8080-exec-1] INFO  org.springframework.web.servlet.DispatcherServlet -
				Initializing Servlet 'dispatcherServlet'
2022-11-08 19:48:07.309 [http-nio-8080-exec-1] INFO  org.springframework.web.servlet.DispatcherServlet -
				Completed initialization in 1 ms
2022-11-08 19:48:07.982 [http-nio-8080-exec-1] INFO  com.zaxxer.hikari.HikariDataSource -
				HikariPool-1 - Starting...
2022-11-08 19:48:08.251 [http-nio-8080-exec-1] INFO  com.zaxxer.hikari.HikariDataSource -
				HikariPool-1 - Start completed.
2022-11-08 19:49:52.944 [SpringApplicationShutdownHook] INFO  org.quartz.core.QuartzScheduler -
				Scheduler quartzScheduler_$_NON_CLUSTERED paused.
2022-11-08 19:49:52.981 [SpringApplicationShutdownHook] INFO  o.s.scheduling.quartz.SchedulerFactoryBean -
				Shutting down Quartz Scheduler
2022-11-08 19:49:52.983 [SpringApplicationShutdownHook] INFO  org.quartz.core.QuartzScheduler -
				Scheduler quartzScheduler_$_NON_CLUSTERED shutting down.
2022-11-08 19:49:52.983 [SpringApplicationShutdownHook] INFO  org.quartz.core.QuartzScheduler -
				Scheduler quartzScheduler_$_NON_CLUSTERED paused.
2022-11-08 19:49:52.985 [SpringApplicationShutdownHook] INFO  org.quartz.core.QuartzScheduler -
				Scheduler quartzScheduler_$_NON_CLUSTERED shutdown complete.
2022-11-08 19:49:52.992 [SpringApplicationShutdownHook] INFO  com.zaxxer.hikari.HikariDataSource -
				HikariPool-1 - Shutdown initiated...
2022-11-08 19:49:52.998 [SpringApplicationShutdownHook] INFO  com.zaxxer.hikari.HikariDataSource -
				HikariPool-1 - Shutdown completed.
2022-11-08 19:49:59.517 [main] INFO  com.example.demo.DemoApplication -
				Starting DemoApplication using Java 15.0.7 on DESKTOP-UN3KSEH with PID 6212 (C:\Users\liu\Desktop\MyProject\demo\target\classes started by liu in C:\Users\liu\Desktop\MyProject\demo)
2022-11-08 19:49:59.519 [main] INFO  com.example.demo.DemoApplication -
				No active profile set, falling back to 1 default profile: "default"
2022-11-08 19:50:00.133 [main] INFO  o.s.d.r.config.RepositoryConfigurationDelegate -
				Multiple Spring Data modules found, entering strict repository configuration mode
2022-11-08 19:50:00.135 [main] INFO  o.s.d.r.config.RepositoryConfigurationDelegate -
				Bootstrapping Spring Data Redis repositories in DEFAULT mode.
2022-11-08 19:50:00.164 [main] INFO  o.s.d.r.config.RepositoryConfigurationDelegate -
				Finished Spring Data repository scanning in 15 ms. Found 0 Redis repository interfaces.
2022-11-08 19:50:00.639 [main] INFO  o.s.boot.web.embedded.tomcat.TomcatWebServer -
				Tomcat initialized with port(s): 8080 (http)
2022-11-08 19:50:00.652 [main] INFO  org.apache.coyote.http11.Http11NioProtocol -
				Initializing ProtocolHandler ["http-nio-8080"]
2022-11-08 19:50:00.653 [main] INFO  org.apache.catalina.core.StandardService -
				Starting service [Tomcat]
2022-11-08 19:50:00.653 [main] INFO  org.apache.catalina.core.StandardEngine -
				Starting Servlet engine: [Apache Tomcat/9.0.65]
2022-11-08 19:50:00.761 [main] INFO  o.a.c.core.ContainerBase.[Tomcat].[localhost].[/] -
				Initializing Spring embedded WebApplicationContext
2022-11-08 19:50:00.762 [main] INFO  o.s.b.w.s.c.ServletWebServerApplicationContext -
				Root WebApplicationContext: initialization completed in 1196 ms
2022-11-08 19:50:02.477 [main] INFO  org.quartz.impl.StdSchedulerFactory -
				Using default implementation for ThreadExecutor
2022-11-08 19:50:02.487 [main] INFO  org.quartz.core.SchedulerSignalerImpl -
				Initialized Scheduler Signaller of type: class org.quartz.core.SchedulerSignalerImpl
2022-11-08 19:50:02.488 [main] INFO  org.quartz.core.QuartzScheduler -
				Quartz Scheduler v.2.3.2 created.
2022-11-08 19:50:02.489 [main] INFO  org.quartz.simpl.RAMJobStore -
				RAMJobStore initialized.
2022-11-08 19:50:02.491 [main] INFO  org.quartz.core.QuartzScheduler -
				Scheduler meta-data: Quartz Scheduler (v2.3.2) 'quartzScheduler' with instanceId 'NON_CLUSTERED'
  Scheduler class: 'org.quartz.core.QuartzScheduler' - running locally.
  NOT STARTED.
  Currently in standby mode.
  Number of jobs executed: 0
  Using thread pool 'org.quartz.simpl.SimpleThreadPool' - with 10 threads.
  Using job-store 'org.quartz.simpl.RAMJobStore' - which does not support persistence. and is not clustered.

2022-11-08 19:50:02.491 [main] INFO  org.quartz.impl.StdSchedulerFactory -
				Quartz scheduler 'quartzScheduler' initialized from an externally provided properties instance.
2022-11-08 19:50:02.491 [main] INFO  org.quartz.impl.StdSchedulerFactory -
				Quartz scheduler version: 2.3.2
2022-11-08 19:50:02.491 [main] INFO  org.quartz.core.QuartzScheduler -
				JobFactory set to: org.springframework.scheduling.quartz.SpringBeanJobFactory@5cdda548
2022-11-08 19:50:02.545 [main] INFO  org.apache.coyote.http11.Http11NioProtocol -
				Starting ProtocolHandler ["http-nio-8080"]
2022-11-08 19:50:02.553 [main] INFO  o.s.boot.web.embedded.tomcat.TomcatWebServer -
				Tomcat started on port(s): 8080 (http) with context path ''
2022-11-08 19:50:02.555 [main] INFO  o.s.scheduling.quartz.SchedulerFactoryBean -
				Starting Quartz Scheduler now
2022-11-08 19:50:02.555 [main] INFO  org.quartz.core.QuartzScheduler -
				Scheduler quartzScheduler_$_NON_CLUSTERED started.
2022-11-08 19:50:02.565 [main] INFO  com.example.demo.DemoApplication -
				Started DemoApplication in 3.569 seconds (JVM running for 4.869)
2022-11-08 19:50:05.860 [http-nio-8080-exec-4] INFO  org.apache.tomcat.util.http.parser.Cookie -
				A cookie header was received [Hm_lvt_5804d09853fcc4866132fbc306348993=1655279936,1655287959;] that contained an invalid cookie. That cookie will be ignored.
 Note: further occurrences of this error will be logged at DEBUG level.
2022-11-08 19:50:05.866 [http-nio-8080-exec-4] INFO  o.a.c.core.ContainerBase.[Tomcat].[localhost].[/] -
				Initializing Spring DispatcherServlet 'dispatcherServlet'
2022-11-08 19:50:05.866 [http-nio-8080-exec-4] INFO  org.springframework.web.servlet.DispatcherServlet -
				Initializing Servlet 'dispatcherServlet'
2022-11-08 19:50:05.867 [http-nio-8080-exec-4] INFO  org.springframework.web.servlet.DispatcherServlet -
				Completed initialization in 1 ms
2022-11-08 19:50:06.433 [http-nio-8080-exec-4] INFO  com.zaxxer.hikari.HikariDataSource -
				HikariPool-1 - Starting...
2022-11-08 19:50:06.542 [http-nio-8080-exec-4] INFO  com.zaxxer.hikari.HikariDataSource -
				HikariPool-1 - Start completed.
2022-11-08 19:53:01.717 [SpringApplicationShutdownHook] INFO  org.quartz.core.QuartzScheduler -
				Scheduler quartzScheduler_$_NON_CLUSTERED paused.
2022-11-08 19:53:01.763 [SpringApplicationShutdownHook] INFO  o.s.scheduling.quartz.SchedulerFactoryBean -
				Shutting down Quartz Scheduler
2022-11-08 19:53:01.764 [SpringApplicationShutdownHook] INFO  org.quartz.core.QuartzScheduler -
				Scheduler quartzScheduler_$_NON_CLUSTERED shutting down.
2022-11-08 19:53:01.764 [SpringApplicationShutdownHook] INFO  org.quartz.core.QuartzScheduler -
				Scheduler quartzScheduler_$_NON_CLUSTERED paused.
2022-11-08 19:53:01.765 [SpringApplicationShutdownHook] INFO  org.quartz.core.QuartzScheduler -
				Scheduler quartzScheduler_$_NON_CLUSTERED shutdown complete.
2022-11-08 19:53:01.770 [SpringApplicationShutdownHook] INFO  com.zaxxer.hikari.HikariDataSource -
				HikariPool-1 - Shutdown initiated...
2022-11-08 19:53:01.780 [SpringApplicationShutdownHook] INFO  com.zaxxer.hikari.HikariDataSource -
				HikariPool-1 - Shutdown completed.
2022-11-08 19:53:07.556 [main] INFO  com.example.demo.DemoApplication -
				Starting DemoApplication using Java 15.0.7 on DESKTOP-UN3KSEH with PID 18912 (C:\Users\liu\Desktop\MyProject\demo\target\classes started by liu in C:\Users\liu\Desktop\MyProject\demo)
2022-11-08 19:53:07.561 [main] INFO  com.example.demo.DemoApplication -
				No active profile set, falling back to 1 default profile: "default"
2022-11-08 19:53:08.673 [main] INFO  o.s.d.r.config.RepositoryConfigurationDelegate -
				Multiple Spring Data modules found, entering strict repository configuration mode
2022-11-08 19:53:08.676 [main] INFO  o.s.d.r.config.RepositoryConfigurationDelegate -
				Bootstrapping Spring Data Redis repositories in DEFAULT mode.
2022-11-08 19:53:08.709 [main] INFO  o.s.d.r.config.RepositoryConfigurationDelegate -
				Finished Spring Data repository scanning in 18 ms. Found 0 Redis repository interfaces.
2022-11-08 19:53:09.548 [main] INFO  o.s.boot.web.embedded.tomcat.TomcatWebServer -
				Tomcat initialized with port(s): 8080 (http)
2022-11-08 19:53:09.561 [main] INFO  org.apache.coyote.http11.Http11NioProtocol -
				Initializing ProtocolHandler ["http-nio-8080"]
2022-11-08 19:53:09.562 [main] INFO  org.apache.catalina.core.StandardService -
				Starting service [Tomcat]
2022-11-08 19:53:09.562 [main] INFO  org.apache.catalina.core.StandardEngine -
				Starting Servlet engine: [Apache Tomcat/9.0.65]
2022-11-08 19:53:09.728 [main] INFO  o.a.c.core.ContainerBase.[Tomcat].[localhost].[/] -
				Initializing Spring embedded WebApplicationContext
2022-11-08 19:53:09.728 [main] INFO  o.s.b.w.s.c.ServletWebServerApplicationContext -
				Root WebApplicationContext: initialization completed in 2113 ms
2022-11-08 19:53:12.300 [main] INFO  org.quartz.impl.StdSchedulerFactory -
				Using default implementation for ThreadExecutor
2022-11-08 19:53:12.317 [main] INFO  org.quartz.core.SchedulerSignalerImpl -
				Initialized Scheduler Signaller of type: class org.quartz.core.SchedulerSignalerImpl
2022-11-08 19:53:12.317 [main] INFO  org.quartz.core.QuartzScheduler -
				Quartz Scheduler v.2.3.2 created.
2022-11-08 19:53:12.318 [main] INFO  org.quartz.simpl.RAMJobStore -
				RAMJobStore initialized.
2022-11-08 19:53:12.319 [main] INFO  org.quartz.core.QuartzScheduler -
				Scheduler meta-data: Quartz Scheduler (v2.3.2) 'quartzScheduler' with instanceId 'NON_CLUSTERED'
  Scheduler class: 'org.quartz.core.QuartzScheduler' - running locally.
  NOT STARTED.
  Currently in standby mode.
  Number of jobs executed: 0
  Using thread pool 'org.quartz.simpl.SimpleThreadPool' - with 10 threads.
  Using job-store 'org.quartz.simpl.RAMJobStore' - which does not support persistence. and is not clustered.

2022-11-08 19:53:12.321 [main] INFO  org.quartz.impl.StdSchedulerFactory -
				Quartz scheduler 'quartzScheduler' initialized from an externally provided properties instance.
2022-11-08 19:53:12.321 [main] INFO  org.quartz.impl.StdSchedulerFactory -
				Quartz scheduler version: 2.3.2
2022-11-08 19:53:12.321 [main] INFO  org.quartz.core.QuartzScheduler -
				JobFactory set to: org.springframework.scheduling.quartz.SpringBeanJobFactory@14b48f39
2022-11-08 19:53:12.416 [main] INFO  org.apache.coyote.http11.Http11NioProtocol -
				Starting ProtocolHandler ["http-nio-8080"]
2022-11-08 19:53:12.431 [main] INFO  o.s.boot.web.embedded.tomcat.TomcatWebServer -
				Tomcat started on port(s): 8080 (http) with context path ''
2022-11-08 19:53:12.434 [main] INFO  o.s.scheduling.quartz.SchedulerFactoryBean -
				Starting Quartz Scheduler now
2022-11-08 19:53:12.435 [main] INFO  org.quartz.core.QuartzScheduler -
				Scheduler quartzScheduler_$_NON_CLUSTERED started.
2022-11-08 19:53:12.455 [main] INFO  com.example.demo.DemoApplication -
				Started DemoApplication in 5.901 seconds (JVM running for 7.356)
2022-11-08 19:53:15.790 [http-nio-8080-exec-1] INFO  org.apache.tomcat.util.http.parser.Cookie -
				A cookie header was received [Hm_lvt_5804d09853fcc4866132fbc306348993=1655279936,1655287959;] that contained an invalid cookie. That cookie will be ignored.
 Note: further occurrences of this error will be logged at DEBUG level.
2022-11-08 19:53:15.796 [http-nio-8080-exec-1] INFO  o.a.c.core.ContainerBase.[Tomcat].[localhost].[/] -
				Initializing Spring DispatcherServlet 'dispatcherServlet'
2022-11-08 19:53:15.797 [http-nio-8080-exec-1] INFO  org.springframework.web.servlet.DispatcherServlet -
				Initializing Servlet 'dispatcherServlet'
2022-11-08 19:53:15.798 [http-nio-8080-exec-1] INFO  org.springframework.web.servlet.DispatcherServlet -
				Completed initialization in 1 ms
2022-11-08 19:53:16.193 [http-nio-8080-exec-1] INFO  com.zaxxer.hikari.HikariDataSource -
				HikariPool-1 - Starting...
2022-11-08 19:53:16.322 [http-nio-8080-exec-1] INFO  com.zaxxer.hikari.HikariDataSource -
				HikariPool-1 - Start completed.
2022-11-08 22:25:48.702 [SpringApplicationShutdownHook] INFO  org.quartz.core.QuartzScheduler -
				Scheduler quartzScheduler_$_NON_CLUSTERED paused.
2022-11-08 22:25:48.825 [SpringApplicationShutdownHook] INFO  o.s.scheduling.quartz.SchedulerFactoryBean -
				Shutting down Quartz Scheduler
2022-11-08 22:25:48.828 [SpringApplicationShutdownHook] INFO  org.quartz.core.QuartzScheduler -
				Scheduler quartzScheduler_$_NON_CLUSTERED shutting down.
2022-11-08 22:25:48.829 [SpringApplicationShutdownHook] INFO  org.quartz.core.QuartzScheduler -
				Scheduler quartzScheduler_$_NON_CLUSTERED paused.
2022-11-08 22:25:48.829 [SpringApplicationShutdownHook] INFO  org.quartz.core.QuartzScheduler -
				Scheduler quartzScheduler_$_NON_CLUSTERED shutdown complete.
2022-11-08 22:25:48.842 [SpringApplicationShutdownHook] INFO  com.zaxxer.hikari.HikariDataSource -
				HikariPool-1 - Shutdown initiated...
2022-11-08 22:25:48.858 [SpringApplicationShutdownHook] INFO  com.zaxxer.hikari.HikariDataSource -
				HikariPool-1 - Shutdown completed.
