2022-10-27 19:19:03.410 [main] INFO  com.example.demo.DemoApplication -
				Starting DemoApplication using Java 15.0.7 on DESKTOP-UN3KSEH with PID 8300 (C:\Users\liu\Desktop\project\MyProject\demo\target\classes started by liu in C:\Users\liu\Desktop\project\MyProject\demo)
2022-10-27 19:19:03.417 [main] INFO  com.example.demo.DemoApplication -
				No active profile set, falling back to 1 default profile: "default"
2022-10-27 19:19:04.182 [main] INFO  o.s.d.r.config.RepositoryConfigurationDelegate -
				Multiple Spring Data modules found, entering strict repository configuration mode
2022-10-27 19:19:04.184 [main] INFO  o.s.d.r.config.RepositoryConfigurationDelegate -
				Bootstrapping Spring Data Redis repositories in DEFAULT mode.
2022-10-27 19:19:04.213 [main] INFO  o.s.d.r.config.RepositoryConfigurationDelegate -
				Finished Spring Data repository scanning in 13 ms. Found 0 Redis repository interfaces.
2022-10-27 19:19:04.748 [main] INFO  o.s.boot.web.embedded.tomcat.TomcatWebServer -
				Tomcat initialized with port(s): 8080 (http)
2022-10-27 19:19:04.763 [main] INFO  org.apache.coyote.http11.Http11NioProtocol -
				Initializing ProtocolHandler ["http-nio-8080"]
2022-10-27 19:19:04.763 [main] INFO  org.apache.catalina.core.StandardService -
				Starting service [Tomcat]
2022-10-27 19:19:04.764 [main] INFO  org.apache.catalina.core.StandardEngine -
				Starting Servlet engine: [Apache Tomcat/9.0.65]
2022-10-27 19:19:04.891 [main] INFO  o.a.c.core.ContainerBase.[Tomcat].[localhost].[/] -
				Initializing Spring embedded WebApplicationContext
2022-10-27 19:19:04.891 [main] INFO  o.s.b.w.s.c.ServletWebServerApplicationContext -
				Root WebApplicationContext: initialization completed in 1409 ms
2022-10-27 19:19:06.685 [main] INFO  org.quartz.impl.StdSchedulerFactory -
				Using default implementation for ThreadExecutor
2022-10-27 19:19:06.713 [main] INFO  org.quartz.core.SchedulerSignalerImpl -
				Initialized Scheduler Signaller of type: class org.quartz.core.SchedulerSignalerImpl
2022-10-27 19:19:06.714 [main] INFO  org.quartz.core.QuartzScheduler -
				Quartz Scheduler v.2.3.2 created.
2022-10-27 19:19:06.715 [main] INFO  org.quartz.simpl.RAMJobStore -
				RAMJobStore initialized.
2022-10-27 19:19:06.716 [main] INFO  org.quartz.core.QuartzScheduler -
				Scheduler meta-data: Quartz Scheduler (v2.3.2) 'quartzScheduler' with instanceId 'NON_CLUSTERED'
  Scheduler class: 'org.quartz.core.QuartzScheduler' - running locally.
  NOT STARTED.
  Currently in standby mode.
  Number of jobs executed: 0
  Using thread pool 'org.quartz.simpl.SimpleThreadPool' - with 10 threads.
  Using job-store 'org.quartz.simpl.RAMJobStore' - which does not support persistence. and is not clustered.

2022-10-27 19:19:06.716 [main] INFO  org.quartz.impl.StdSchedulerFactory -
				Quartz scheduler 'quartzScheduler' initialized from an externally provided properties instance.
2022-10-27 19:19:06.716 [main] INFO  org.quartz.impl.StdSchedulerFactory -
				Quartz scheduler version: 2.3.2
2022-10-27 19:19:06.716 [main] INFO  org.quartz.core.QuartzScheduler -
				JobFactory set to: org.springframework.scheduling.quartz.SpringBeanJobFactory@165aa43a
2022-10-27 19:19:06.787 [main] INFO  org.apache.coyote.http11.Http11NioProtocol -
				Starting ProtocolHandler ["http-nio-8080"]
2022-10-27 19:19:06.813 [main] INFO  o.s.boot.web.embedded.tomcat.TomcatWebServer -
				Tomcat started on port(s): 8080 (http) with context path ''
2022-10-27 19:19:06.815 [main] INFO  o.s.scheduling.quartz.SchedulerFactoryBean -
				Starting Quartz Scheduler now
2022-10-27 19:19:06.815 [main] INFO  org.quartz.core.QuartzScheduler -
				Scheduler quartzScheduler_$_NON_CLUSTERED started.
2022-10-27 19:19:06.828 [main] INFO  com.example.demo.DemoApplication -
				Started DemoApplication in 4.444 seconds (JVM running for 5.587)
2022-10-27 19:24:31.794 [http-nio-8080-exec-1] INFO  o.a.c.core.ContainerBase.[Tomcat].[localhost].[/] -
				Initializing Spring DispatcherServlet 'dispatcherServlet'
2022-10-27 19:24:31.796 [http-nio-8080-exec-1] INFO  org.springframework.web.servlet.DispatcherServlet -
				Initializing Servlet 'dispatcherServlet'
2022-10-27 19:24:31.798 [http-nio-8080-exec-1] INFO  org.springframework.web.servlet.DispatcherServlet -
				Completed initialization in 2 ms
2022-10-27 19:24:31.862 [http-nio-8080-exec-2] INFO  org.apache.tomcat.util.http.parser.Cookie -
				A cookie header was received [Hm_lvt_5804d09853fcc4866132fbc306348993=1655279936,1655287959;] that contained an invalid cookie. That cookie will be ignored.
 Note: further occurrences of this error will be logged at DEBUG level.
2022-10-27 19:24:32.059 [http-nio-8080-exec-2] INFO  com.zaxxer.hikari.HikariDataSource -
				HikariPool-1 - Starting...
2022-10-27 19:24:32.281 [http-nio-8080-exec-2] INFO  com.zaxxer.hikari.HikariDataSource -
				HikariPool-1 - Start completed.
2022-10-27 19:28:20.100 [lettuce-nioEventLoop-4-1] INFO  io.lettuce.core.protocol.CommandHandler -
				null Unexpected exception during request: java.net.SocketException: Connection reset
java.net.SocketException: Connection reset
	at java.base/sun.nio.ch.SocketChannelImpl.throwConnectionReset(SocketChannelImpl.java:367)
	at java.base/sun.nio.ch.SocketChannelImpl.read(SocketChannelImpl.java:398)
	at io.netty.buffer.PooledByteBuf.setBytes(PooledByteBuf.java:258)
	at io.netty.buffer.AbstractByteBuf.writeBytes(AbstractByteBuf.java:1132)
	at io.netty.channel.socket.nio.NioSocketChannel.doReadBytes(NioSocketChannel.java:357)
	at io.netty.channel.nio.AbstractNioByteChannel$NioByteUnsafe.read(AbstractNioByteChannel.java:151)
	at io.netty.channel.nio.NioEventLoop.processSelectedKey(NioEventLoop.java:722)
	at io.netty.channel.nio.NioEventLoop.processSelectedKeysOptimized(NioEventLoop.java:658)
	at io.netty.channel.nio.NioEventLoop.processSelectedKeys(NioEventLoop.java:584)
	at io.netty.channel.nio.NioEventLoop.run(NioEventLoop.java:496)
	at io.netty.util.concurrent.SingleThreadEventExecutor$4.run(SingleThreadEventExecutor.java:997)
	at io.netty.util.internal.ThreadExecutorMap$2.run(ThreadExecutorMap.java:74)
	at io.netty.util.concurrent.FastThreadLocalRunnable.run(FastThreadLocalRunnable.java:30)
	at java.base/java.lang.Thread.run(Thread.java:832)
2022-10-27 19:28:20.218 [lettuce-eventExecutorLoop-1-5] INFO  io.lettuce.core.protocol.ConnectionWatchdog -
				Reconnecting, last destination was /127.0.0.1:6379
2022-10-27 19:28:26.213 [lettuce-eventExecutorLoop-1-7] INFO  io.lettuce.core.protocol.ConnectionWatchdog -
				Reconnecting, last destination was 127.0.0.1/<unresolved>:6379
2022-10-27 19:28:31.815 [lettuce-eventExecutorLoop-1-7] INFO  io.lettuce.core.protocol.ConnectionWatchdog -
				Reconnecting, last destination was 127.0.0.1/<unresolved>:6379
2022-10-27 19:28:34.519 [lettuce-nioEventLoop-4-4] INFO  io.lettuce.core.protocol.ReconnectionHandler -
				Reconnected to 127.0.0.1/<unresolved>:6379
2022-10-27 19:28:55.085 [lettuce-nioEventLoop-4-4] INFO  io.lettuce.core.protocol.CommandHandler -
				null Unexpected exception during request: java.net.SocketException: Connection reset
java.net.SocketException: Connection reset
	at java.base/sun.nio.ch.SocketChannelImpl.throwConnectionReset(SocketChannelImpl.java:367)
	at java.base/sun.nio.ch.SocketChannelImpl.read(SocketChannelImpl.java:398)
	at io.netty.buffer.PooledByteBuf.setBytes(PooledByteBuf.java:258)
	at io.netty.buffer.AbstractByteBuf.writeBytes(AbstractByteBuf.java:1132)
	at io.netty.channel.socket.nio.NioSocketChannel.doReadBytes(NioSocketChannel.java:357)
	at io.netty.channel.nio.AbstractNioByteChannel$NioByteUnsafe.read(AbstractNioByteChannel.java:151)
	at io.netty.channel.nio.NioEventLoop.processSelectedKey(NioEventLoop.java:722)
	at io.netty.channel.nio.NioEventLoop.processSelectedKeysOptimized(NioEventLoop.java:658)
	at io.netty.channel.nio.NioEventLoop.processSelectedKeys(NioEventLoop.java:584)
	at io.netty.channel.nio.NioEventLoop.run(NioEventLoop.java:496)
	at io.netty.util.concurrent.SingleThreadEventExecutor$4.run(SingleThreadEventExecutor.java:997)
	at io.netty.util.internal.ThreadExecutorMap$2.run(ThreadExecutorMap.java:74)
	at io.netty.util.concurrent.FastThreadLocalRunnable.run(FastThreadLocalRunnable.java:30)
	at java.base/java.lang.Thread.run(Thread.java:832)
2022-10-27 19:28:55.114 [lettuce-eventExecutorLoop-1-6] INFO  io.lettuce.core.protocol.ConnectionWatchdog -
				Reconnecting, last destination was /127.0.0.1:6379
2022-10-27 19:28:57.331 [lettuce-nioEventLoop-4-6] INFO  io.lettuce.core.protocol.ReconnectionHandler -
				Reconnected to 127.0.0.1/<unresolved>:6379
2022-10-27 19:29:06.356 [lettuce-nioEventLoop-4-6] INFO  io.lettuce.core.protocol.CommandHandler -
				null Unexpected exception during request: java.net.SocketException: Connection reset
java.net.SocketException: Connection reset
	at java.base/sun.nio.ch.SocketChannelImpl.throwConnectionReset(SocketChannelImpl.java:367)
	at java.base/sun.nio.ch.SocketChannelImpl.read(SocketChannelImpl.java:398)
	at io.netty.buffer.PooledByteBuf.setBytes(PooledByteBuf.java:258)
	at io.netty.buffer.AbstractByteBuf.writeBytes(AbstractByteBuf.java:1132)
	at io.netty.channel.socket.nio.NioSocketChannel.doReadBytes(NioSocketChannel.java:357)
	at io.netty.channel.nio.AbstractNioByteChannel$NioByteUnsafe.read(AbstractNioByteChannel.java:151)
	at io.netty.channel.nio.NioEventLoop.processSelectedKey(NioEventLoop.java:722)
	at io.netty.channel.nio.NioEventLoop.processSelectedKeysOptimized(NioEventLoop.java:658)
	at io.netty.channel.nio.NioEventLoop.processSelectedKeys(NioEventLoop.java:584)
	at io.netty.channel.nio.NioEventLoop.run(NioEventLoop.java:496)
	at io.netty.util.concurrent.SingleThreadEventExecutor$4.run(SingleThreadEventExecutor.java:997)
	at io.netty.util.internal.ThreadExecutorMap$2.run(ThreadExecutorMap.java:74)
	at io.netty.util.concurrent.FastThreadLocalRunnable.run(FastThreadLocalRunnable.java:30)
	at java.base/java.lang.Thread.run(Thread.java:832)
2022-10-27 19:29:06.413 [lettuce-eventExecutorLoop-1-5] INFO  io.lettuce.core.protocol.ConnectionWatchdog -
				Reconnecting, last destination was /127.0.0.1:6379
2022-10-27 19:29:12.413 [lettuce-eventExecutorLoop-1-8] INFO  io.lettuce.core.protocol.ConnectionWatchdog -
				Reconnecting, last destination was 127.0.0.1/<unresolved>:6379
2022-10-27 19:29:13.616 [lettuce-nioEventLoop-4-5] INFO  io.lettuce.core.protocol.ReconnectionHandler -
				Reconnected to 127.0.0.1/<unresolved>:6379
2022-10-27 21:20:28.568 [SpringApplicationShutdownHook] INFO  org.quartz.core.QuartzScheduler -
				Scheduler quartzScheduler_$_NON_CLUSTERED paused.
2022-10-27 21:20:28.664 [SpringApplicationShutdownHook] INFO  o.s.scheduling.quartz.SchedulerFactoryBean -
				Shutting down Quartz Scheduler
2022-10-27 21:20:28.664 [SpringApplicationShutdownHook] INFO  org.quartz.core.QuartzScheduler -
				Scheduler quartzScheduler_$_NON_CLUSTERED shutting down.
2022-10-27 21:20:28.665 [SpringApplicationShutdownHook] INFO  org.quartz.core.QuartzScheduler -
				Scheduler quartzScheduler_$_NON_CLUSTERED paused.
2022-10-27 21:20:28.665 [SpringApplicationShutdownHook] INFO  org.quartz.core.QuartzScheduler -
				Scheduler quartzScheduler_$_NON_CLUSTERED shutdown complete.
2022-10-27 21:20:28.674 [SpringApplicationShutdownHook] INFO  com.zaxxer.hikari.HikariDataSource -
				HikariPool-1 - Shutdown initiated...
2022-10-27 21:20:28.691 [SpringApplicationShutdownHook] INFO  com.zaxxer.hikari.HikariDataSource -
				HikariPool-1 - Shutdown completed.
2022-10-27 21:20:40.046 [main] INFO  com.example.demo.DemoApplication -
				Starting DemoApplication using Java 15.0.7 on DESKTOP-UN3KSEH with PID 16268 (C:\Users\liu\Desktop\project\MyProject\demo\target\classes started by liu in C:\Users\liu\Desktop\project\MyProject\demo)
2022-10-27 21:20:40.050 [main] INFO  com.example.demo.DemoApplication -
				No active profile set, falling back to 1 default profile: "default"
2022-10-27 21:20:40.850 [main] INFO  o.s.d.r.config.RepositoryConfigurationDelegate -
				Multiple Spring Data modules found, entering strict repository configuration mode
2022-10-27 21:20:40.853 [main] INFO  o.s.d.r.config.RepositoryConfigurationDelegate -
				Bootstrapping Spring Data Redis repositories in DEFAULT mode.
2022-10-27 21:20:40.886 [main] INFO  o.s.d.r.config.RepositoryConfigurationDelegate -
				Finished Spring Data repository scanning in 14 ms. Found 0 Redis repository interfaces.
2022-10-27 21:20:41.457 [main] INFO  o.s.boot.web.embedded.tomcat.TomcatWebServer -
				Tomcat initialized with port(s): 8080 (http)
2022-10-27 21:20:41.466 [main] INFO  org.apache.coyote.http11.Http11NioProtocol -
				Initializing ProtocolHandler ["http-nio-8080"]
2022-10-27 21:20:41.467 [main] INFO  org.apache.catalina.core.StandardService -
				Starting service [Tomcat]
2022-10-27 21:20:41.467 [main] INFO  org.apache.catalina.core.StandardEngine -
				Starting Servlet engine: [Apache Tomcat/9.0.65]
2022-10-27 21:20:41.592 [main] INFO  o.a.c.core.ContainerBase.[Tomcat].[localhost].[/] -
				Initializing Spring embedded WebApplicationContext
2022-10-27 21:20:41.592 [main] INFO  o.s.b.w.s.c.ServletWebServerApplicationContext -
				Root WebApplicationContext: initialization completed in 1490 ms
2022-10-27 21:20:43.152 [main] INFO  org.quartz.impl.StdSchedulerFactory -
				Using default implementation for ThreadExecutor
2022-10-27 21:20:43.162 [main] INFO  org.quartz.core.SchedulerSignalerImpl -
				Initialized Scheduler Signaller of type: class org.quartz.core.SchedulerSignalerImpl
2022-10-27 21:20:43.162 [main] INFO  org.quartz.core.QuartzScheduler -
				Quartz Scheduler v.2.3.2 created.
2022-10-27 21:20:43.163 [main] INFO  org.quartz.simpl.RAMJobStore -
				RAMJobStore initialized.
2022-10-27 21:20:43.163 [main] INFO  org.quartz.core.QuartzScheduler -
				Scheduler meta-data: Quartz Scheduler (v2.3.2) 'quartzScheduler' with instanceId 'NON_CLUSTERED'
  Scheduler class: 'org.quartz.core.QuartzScheduler' - running locally.
  NOT STARTED.
  Currently in standby mode.
  Number of jobs executed: 0
  Using thread pool 'org.quartz.simpl.SimpleThreadPool' - with 10 threads.
  Using job-store 'org.quartz.simpl.RAMJobStore' - which does not support persistence. and is not clustered.

2022-10-27 21:20:43.164 [main] INFO  org.quartz.impl.StdSchedulerFactory -
				Quartz scheduler 'quartzScheduler' initialized from an externally provided properties instance.
2022-10-27 21:20:43.164 [main] INFO  org.quartz.impl.StdSchedulerFactory -
				Quartz scheduler version: 2.3.2
2022-10-27 21:20:43.164 [main] INFO  org.quartz.core.QuartzScheduler -
				JobFactory set to: org.springframework.scheduling.quartz.SpringBeanJobFactory@9f2376f
2022-10-27 21:20:43.211 [main] INFO  org.apache.coyote.http11.Http11NioProtocol -
				Starting ProtocolHandler ["http-nio-8080"]
2022-10-27 21:20:43.232 [main] INFO  o.s.boot.web.embedded.tomcat.TomcatWebServer -
				Tomcat started on port(s): 8080 (http) with context path ''
2022-10-27 21:20:43.233 [main] INFO  o.s.scheduling.quartz.SchedulerFactoryBean -
				Starting Quartz Scheduler now
2022-10-27 21:20:43.233 [main] INFO  org.quartz.core.QuartzScheduler -
				Scheduler quartzScheduler_$_NON_CLUSTERED started.
2022-10-27 21:20:43.245 [main] INFO  com.example.demo.DemoApplication -
				Started DemoApplication in 3.961 seconds (JVM running for 4.95)
2022-10-27 21:20:46.126 [http-nio-8080-exec-1] INFO  org.apache.tomcat.util.http.parser.Cookie -
				A cookie header was received [Hm_lvt_5804d09853fcc4866132fbc306348993=1655279936,1655287959;] that contained an invalid cookie. That cookie will be ignored.
 Note: further occurrences of this error will be logged at DEBUG level.
2022-10-27 21:20:46.132 [http-nio-8080-exec-1] INFO  o.a.c.core.ContainerBase.[Tomcat].[localhost].[/] -
				Initializing Spring DispatcherServlet 'dispatcherServlet'
2022-10-27 21:20:46.133 [http-nio-8080-exec-1] INFO  org.springframework.web.servlet.DispatcherServlet -
				Initializing Servlet 'dispatcherServlet'
2022-10-27 21:20:46.133 [http-nio-8080-exec-1] INFO  org.springframework.web.servlet.DispatcherServlet -
				Completed initialization in 0 ms
2022-10-27 21:21:16.378 [http-nio-8080-exec-8] INFO  com.zaxxer.hikari.HikariDataSource -
				HikariPool-1 - Starting...
2022-10-27 21:21:16.547 [http-nio-8080-exec-8] INFO  com.zaxxer.hikari.HikariDataSource -
				HikariPool-1 - Start completed.
2022-10-27 21:23:26.314 [SpringApplicationShutdownHook] INFO  org.quartz.core.QuartzScheduler -
				Scheduler quartzScheduler_$_NON_CLUSTERED paused.
2022-10-27 21:23:26.389 [SpringApplicationShutdownHook] INFO  o.s.scheduling.quartz.SchedulerFactoryBean -
				Shutting down Quartz Scheduler
2022-10-27 21:23:26.390 [SpringApplicationShutdownHook] INFO  org.quartz.core.QuartzScheduler -
				Scheduler quartzScheduler_$_NON_CLUSTERED shutting down.
2022-10-27 21:23:26.390 [SpringApplicationShutdownHook] INFO  org.quartz.core.QuartzScheduler -
				Scheduler quartzScheduler_$_NON_CLUSTERED paused.
2022-10-27 21:23:26.391 [SpringApplicationShutdownHook] INFO  org.quartz.core.QuartzScheduler -
				Scheduler quartzScheduler_$_NON_CLUSTERED shutdown complete.
2022-10-27 21:23:26.402 [SpringApplicationShutdownHook] INFO  com.zaxxer.hikari.HikariDataSource -
				HikariPool-1 - Shutdown initiated...
2022-10-27 21:23:26.415 [SpringApplicationShutdownHook] INFO  com.zaxxer.hikari.HikariDataSource -
				HikariPool-1 - Shutdown completed.
2022-10-27 21:23:36.821 [main] INFO  com.example.demo.DemoApplication -
				Starting DemoApplication using Java 15.0.7 on DESKTOP-UN3KSEH with PID 8176 (C:\Users\liu\Desktop\project\MyProject\demo\target\classes started by liu in C:\Users\liu\Desktop\project\MyProject\demo)
2022-10-27 21:23:36.824 [main] INFO  com.example.demo.DemoApplication -
				No active profile set, falling back to 1 default profile: "default"
2022-10-27 21:23:37.451 [main] INFO  o.s.d.r.config.RepositoryConfigurationDelegate -
				Multiple Spring Data modules found, entering strict repository configuration mode
2022-10-27 21:23:37.453 [main] INFO  o.s.d.r.config.RepositoryConfigurationDelegate -
				Bootstrapping Spring Data Redis repositories in DEFAULT mode.
2022-10-27 21:23:37.478 [main] INFO  o.s.d.r.config.RepositoryConfigurationDelegate -
				Finished Spring Data repository scanning in 13 ms. Found 0 Redis repository interfaces.
2022-10-27 21:23:37.956 [main] INFO  o.s.boot.web.embedded.tomcat.TomcatWebServer -
				Tomcat initialized with port(s): 8080 (http)
2022-10-27 21:23:37.966 [main] INFO  org.apache.coyote.http11.Http11NioProtocol -
				Initializing ProtocolHandler ["http-nio-8080"]
2022-10-27 21:23:37.966 [main] INFO  org.apache.catalina.core.StandardService -
				Starting service [Tomcat]
2022-10-27 21:23:37.967 [main] INFO  org.apache.catalina.core.StandardEngine -
				Starting Servlet engine: [Apache Tomcat/9.0.65]
2022-10-27 21:23:38.074 [main] INFO  o.a.c.core.ContainerBase.[Tomcat].[localhost].[/] -
				Initializing Spring embedded WebApplicationContext
2022-10-27 21:23:38.074 [main] INFO  o.s.b.w.s.c.ServletWebServerApplicationContext -
				Root WebApplicationContext: initialization completed in 1202 ms
2022-10-27 21:23:39.490 [main] INFO  org.quartz.impl.StdSchedulerFactory -
				Using default implementation for ThreadExecutor
2022-10-27 21:23:39.500 [main] INFO  org.quartz.core.SchedulerSignalerImpl -
				Initialized Scheduler Signaller of type: class org.quartz.core.SchedulerSignalerImpl
2022-10-27 21:23:39.500 [main] INFO  org.quartz.core.QuartzScheduler -
				Quartz Scheduler v.2.3.2 created.
2022-10-27 21:23:39.501 [main] INFO  org.quartz.simpl.RAMJobStore -
				RAMJobStore initialized.
2022-10-27 21:23:39.502 [main] INFO  org.quartz.core.QuartzScheduler -
				Scheduler meta-data: Quartz Scheduler (v2.3.2) 'quartzScheduler' with instanceId 'NON_CLUSTERED'
  Scheduler class: 'org.quartz.core.QuartzScheduler' - running locally.
  NOT STARTED.
  Currently in standby mode.
  Number of jobs executed: 0
  Using thread pool 'org.quartz.simpl.SimpleThreadPool' - with 10 threads.
  Using job-store 'org.quartz.simpl.RAMJobStore' - which does not support persistence. and is not clustered.

2022-10-27 21:23:39.502 [main] INFO  org.quartz.impl.StdSchedulerFactory -
				Quartz scheduler 'quartzScheduler' initialized from an externally provided properties instance.
2022-10-27 21:23:39.502 [main] INFO  org.quartz.impl.StdSchedulerFactory -
				Quartz scheduler version: 2.3.2
2022-10-27 21:23:39.503 [main] INFO  org.quartz.core.QuartzScheduler -
				JobFactory set to: org.springframework.scheduling.quartz.SpringBeanJobFactory@9bf63d2
2022-10-27 21:23:39.558 [main] INFO  org.apache.coyote.http11.Http11NioProtocol -
				Starting ProtocolHandler ["http-nio-8080"]
2022-10-27 21:23:39.580 [main] INFO  o.s.boot.web.embedded.tomcat.TomcatWebServer -
				Tomcat started on port(s): 8080 (http) with context path ''
2022-10-27 21:23:39.582 [main] INFO  o.s.scheduling.quartz.SchedulerFactoryBean -
				Starting Quartz Scheduler now
2022-10-27 21:23:39.582 [main] INFO  org.quartz.core.QuartzScheduler -
				Scheduler quartzScheduler_$_NON_CLUSTERED started.
2022-10-27 21:23:39.592 [main] INFO  com.example.demo.DemoApplication -
				Started DemoApplication in 3.806 seconds (JVM running for 4.633)
2022-10-27 21:23:50.891 [http-nio-8080-exec-1] INFO  org.apache.tomcat.util.http.parser.Cookie -
				A cookie header was received [Hm_lvt_5804d09853fcc4866132fbc306348993=1655279936,1655287959;] that contained an invalid cookie. That cookie will be ignored.
 Note: further occurrences of this error will be logged at DEBUG level.
2022-10-27 21:23:50.898 [http-nio-8080-exec-1] INFO  o.a.c.core.ContainerBase.[Tomcat].[localhost].[/] -
				Initializing Spring DispatcherServlet 'dispatcherServlet'
2022-10-27 21:23:50.898 [http-nio-8080-exec-1] INFO  org.springframework.web.servlet.DispatcherServlet -
				Initializing Servlet 'dispatcherServlet'
2022-10-27 21:23:50.899 [http-nio-8080-exec-1] INFO  org.springframework.web.servlet.DispatcherServlet -
				Completed initialization in 1 ms
2022-10-27 21:23:51.381 [http-nio-8080-exec-1] INFO  com.zaxxer.hikari.HikariDataSource -
				HikariPool-1 - Starting...
2022-10-27 21:23:51.517 [http-nio-8080-exec-1] INFO  com.zaxxer.hikari.HikariDataSource -
				HikariPool-1 - Start completed.
2022-10-27 21:25:14.056 [SpringApplicationShutdownHook] INFO  org.quartz.core.QuartzScheduler -
				Scheduler quartzScheduler_$_NON_CLUSTERED paused.
2022-10-27 21:25:14.079 [SpringApplicationShutdownHook] INFO  o.s.scheduling.quartz.SchedulerFactoryBean -
				Shutting down Quartz Scheduler
2022-10-27 21:25:14.079 [SpringApplicationShutdownHook] INFO  org.quartz.core.QuartzScheduler -
				Scheduler quartzScheduler_$_NON_CLUSTERED shutting down.
2022-10-27 21:25:14.079 [SpringApplicationShutdownHook] INFO  org.quartz.core.QuartzScheduler -
				Scheduler quartzScheduler_$_NON_CLUSTERED paused.
2022-10-27 21:25:14.080 [SpringApplicationShutdownHook] INFO  org.quartz.core.QuartzScheduler -
				Scheduler quartzScheduler_$_NON_CLUSTERED shutdown complete.
2022-10-27 21:25:14.087 [SpringApplicationShutdownHook] INFO  com.zaxxer.hikari.HikariDataSource -
				HikariPool-1 - Shutdown initiated...
2022-10-27 21:25:14.096 [SpringApplicationShutdownHook] INFO  com.zaxxer.hikari.HikariDataSource -
				HikariPool-1 - Shutdown completed.
2022-10-27 21:25:20.349 [main] INFO  com.example.demo.DemoApplication -
				Starting DemoApplication using Java 15.0.7 on DESKTOP-UN3KSEH with PID 17604 (C:\Users\liu\Desktop\project\MyProject\demo\target\classes started by liu in C:\Users\liu\Desktop\project\MyProject\demo)
2022-10-27 21:25:20.351 [main] INFO  com.example.demo.DemoApplication -
				No active profile set, falling back to 1 default profile: "default"
2022-10-27 21:25:20.876 [main] INFO  o.s.d.r.config.RepositoryConfigurationDelegate -
				Multiple Spring Data modules found, entering strict repository configuration mode
2022-10-27 21:25:20.878 [main] INFO  o.s.d.r.config.RepositoryConfigurationDelegate -
				Bootstrapping Spring Data Redis repositories in DEFAULT mode.
2022-10-27 21:25:20.902 [main] INFO  o.s.d.r.config.RepositoryConfigurationDelegate -
				Finished Spring Data repository scanning in 12 ms. Found 0 Redis repository interfaces.
2022-10-27 21:25:21.373 [main] INFO  o.s.boot.web.embedded.tomcat.TomcatWebServer -
				Tomcat initialized with port(s): 8080 (http)
2022-10-27 21:25:21.380 [main] INFO  org.apache.coyote.http11.Http11NioProtocol -
				Initializing ProtocolHandler ["http-nio-8080"]
2022-10-27 21:25:21.380 [main] INFO  org.apache.catalina.core.StandardService -
				Starting service [Tomcat]
2022-10-27 21:25:21.380 [main] INFO  org.apache.catalina.core.StandardEngine -
				Starting Servlet engine: [Apache Tomcat/9.0.65]
2022-10-27 21:25:21.468 [main] INFO  o.a.c.core.ContainerBase.[Tomcat].[localhost].[/] -
				Initializing Spring embedded WebApplicationContext
2022-10-27 21:25:21.468 [main] INFO  o.s.b.w.s.c.ServletWebServerApplicationContext -
				Root WebApplicationContext: initialization completed in 1082 ms
2022-10-27 21:25:22.820 [main] INFO  org.quartz.impl.StdSchedulerFactory -
				Using default implementation for ThreadExecutor
2022-10-27 21:25:22.829 [main] INFO  org.quartz.core.SchedulerSignalerImpl -
				Initialized Scheduler Signaller of type: class org.quartz.core.SchedulerSignalerImpl
2022-10-27 21:25:22.829 [main] INFO  org.quartz.core.QuartzScheduler -
				Quartz Scheduler v.2.3.2 created.
2022-10-27 21:25:22.830 [main] INFO  org.quartz.simpl.RAMJobStore -
				RAMJobStore initialized.
2022-10-27 21:25:22.830 [main] INFO  org.quartz.core.QuartzScheduler -
				Scheduler meta-data: Quartz Scheduler (v2.3.2) 'quartzScheduler' with instanceId 'NON_CLUSTERED'
  Scheduler class: 'org.quartz.core.QuartzScheduler' - running locally.
  NOT STARTED.
  Currently in standby mode.
  Number of jobs executed: 0
  Using thread pool 'org.quartz.simpl.SimpleThreadPool' - with 10 threads.
  Using job-store 'org.quartz.simpl.RAMJobStore' - which does not support persistence. and is not clustered.

2022-10-27 21:25:22.831 [main] INFO  org.quartz.impl.StdSchedulerFactory -
				Quartz scheduler 'quartzScheduler' initialized from an externally provided properties instance.
2022-10-27 21:25:22.831 [main] INFO  org.quartz.impl.StdSchedulerFactory -
				Quartz scheduler version: 2.3.2
2022-10-27 21:25:22.831 [main] INFO  org.quartz.core.QuartzScheduler -
				JobFactory set to: org.springframework.scheduling.quartz.SpringBeanJobFactory@18811c42
2022-10-27 21:25:22.868 [main] INFO  org.apache.coyote.http11.Http11NioProtocol -
				Starting ProtocolHandler ["http-nio-8080"]
2022-10-27 21:25:22.890 [main] INFO  o.s.boot.web.embedded.tomcat.TomcatWebServer -
				Tomcat started on port(s): 8080 (http) with context path ''
2022-10-27 21:25:22.892 [main] INFO  o.s.scheduling.quartz.SchedulerFactoryBean -
				Starting Quartz Scheduler now
2022-10-27 21:25:22.893 [main] INFO  org.quartz.core.QuartzScheduler -
				Scheduler quartzScheduler_$_NON_CLUSTERED started.
2022-10-27 21:25:22.907 [main] INFO  com.example.demo.DemoApplication -
				Started DemoApplication in 3.059 seconds (JVM running for 3.916)
2022-10-27 21:25:28.556 [http-nio-8080-exec-1] INFO  org.apache.tomcat.util.http.parser.Cookie -
				A cookie header was received [Hm_lvt_5804d09853fcc4866132fbc306348993=1655279936,1655287959;] that contained an invalid cookie. That cookie will be ignored.
 Note: further occurrences of this error will be logged at DEBUG level.
2022-10-27 21:25:28.564 [http-nio-8080-exec-1] INFO  o.a.c.core.ContainerBase.[Tomcat].[localhost].[/] -
				Initializing Spring DispatcherServlet 'dispatcherServlet'
2022-10-27 21:25:28.564 [http-nio-8080-exec-1] INFO  org.springframework.web.servlet.DispatcherServlet -
				Initializing Servlet 'dispatcherServlet'
2022-10-27 21:25:28.566 [http-nio-8080-exec-1] INFO  org.springframework.web.servlet.DispatcherServlet -
				Completed initialization in 2 ms
2022-10-27 21:25:29.033 [http-nio-8080-exec-1] INFO  com.zaxxer.hikari.HikariDataSource -
				HikariPool-1 - Starting...
2022-10-27 21:25:29.167 [http-nio-8080-exec-1] INFO  com.zaxxer.hikari.HikariDataSource -
				HikariPool-1 - Start completed.
2022-10-27 21:30:36.339 [SpringApplicationShutdownHook] INFO  org.quartz.core.QuartzScheduler -
				Scheduler quartzScheduler_$_NON_CLUSTERED paused.
2022-10-27 21:30:36.362 [SpringApplicationShutdownHook] INFO  o.s.scheduling.quartz.SchedulerFactoryBean -
				Shutting down Quartz Scheduler
2022-10-27 21:30:36.363 [SpringApplicationShutdownHook] INFO  org.quartz.core.QuartzScheduler -
				Scheduler quartzScheduler_$_NON_CLUSTERED shutting down.
2022-10-27 21:30:36.363 [SpringApplicationShutdownHook] INFO  org.quartz.core.QuartzScheduler -
				Scheduler quartzScheduler_$_NON_CLUSTERED paused.
2022-10-27 21:30:36.363 [SpringApplicationShutdownHook] INFO  org.quartz.core.QuartzScheduler -
				Scheduler quartzScheduler_$_NON_CLUSTERED shutdown complete.
2022-10-27 21:30:36.365 [SpringApplicationShutdownHook] INFO  com.zaxxer.hikari.HikariDataSource -
				HikariPool-1 - Shutdown initiated...
2022-10-27 21:30:36.373 [SpringApplicationShutdownHook] INFO  com.zaxxer.hikari.HikariDataSource -
				HikariPool-1 - Shutdown completed.
2022-10-27 21:30:44.509 [main] INFO  com.example.demo.DemoApplication -
				Starting DemoApplication using Java 15.0.7 on DESKTOP-UN3KSEH with PID 17836 (C:\Users\liu\Desktop\project\MyProject\demo\target\classes started by liu in C:\Users\liu\Desktop\project\MyProject\demo)
2022-10-27 21:30:44.512 [main] INFO  com.example.demo.DemoApplication -
				No active profile set, falling back to 1 default profile: "default"
2022-10-27 21:30:45.178 [main] INFO  o.s.d.r.config.RepositoryConfigurationDelegate -
				Multiple Spring Data modules found, entering strict repository configuration mode
2022-10-27 21:30:45.180 [main] INFO  o.s.d.r.config.RepositoryConfigurationDelegate -
				Bootstrapping Spring Data Redis repositories in DEFAULT mode.
2022-10-27 21:30:45.208 [main] INFO  o.s.d.r.config.RepositoryConfigurationDelegate -
				Finished Spring Data repository scanning in 14 ms. Found 0 Redis repository interfaces.
2022-10-27 21:30:45.731 [main] INFO  o.s.boot.web.embedded.tomcat.TomcatWebServer -
				Tomcat initialized with port(s): 8080 (http)
2022-10-27 21:30:45.739 [main] INFO  org.apache.coyote.http11.Http11NioProtocol -
				Initializing ProtocolHandler ["http-nio-8080"]
2022-10-27 21:30:45.739 [main] INFO  org.apache.catalina.core.StandardService -
				Starting service [Tomcat]
2022-10-27 21:30:45.740 [main] INFO  org.apache.catalina.core.StandardEngine -
				Starting Servlet engine: [Apache Tomcat/9.0.65]
2022-10-27 21:30:45.843 [main] INFO  o.a.c.core.ContainerBase.[Tomcat].[localhost].[/] -
				Initializing Spring embedded WebApplicationContext
2022-10-27 21:30:45.843 [main] INFO  o.s.b.w.s.c.ServletWebServerApplicationContext -
				Root WebApplicationContext: initialization completed in 1293 ms
2022-10-27 21:30:47.213 [main] INFO  org.quartz.impl.StdSchedulerFactory -
				Using default implementation for ThreadExecutor
2022-10-27 21:30:47.224 [main] INFO  org.quartz.core.SchedulerSignalerImpl -
				Initialized Scheduler Signaller of type: class org.quartz.core.SchedulerSignalerImpl
2022-10-27 21:30:47.224 [main] INFO  org.quartz.core.QuartzScheduler -
				Quartz Scheduler v.2.3.2 created.
2022-10-27 21:30:47.225 [main] INFO  org.quartz.simpl.RAMJobStore -
				RAMJobStore initialized.
2022-10-27 21:30:47.226 [main] INFO  org.quartz.core.QuartzScheduler -
				Scheduler meta-data: Quartz Scheduler (v2.3.2) 'quartzScheduler' with instanceId 'NON_CLUSTERED'
  Scheduler class: 'org.quartz.core.QuartzScheduler' - running locally.
  NOT STARTED.
  Currently in standby mode.
  Number of jobs executed: 0
  Using thread pool 'org.quartz.simpl.SimpleThreadPool' - with 10 threads.
  Using job-store 'org.quartz.simpl.RAMJobStore' - which does not support persistence. and is not clustered.

2022-10-27 21:30:47.227 [main] INFO  org.quartz.impl.StdSchedulerFactory -
				Quartz scheduler 'quartzScheduler' initialized from an externally provided properties instance.
2022-10-27 21:30:47.227 [main] INFO  org.quartz.impl.StdSchedulerFactory -
				Quartz scheduler version: 2.3.2
2022-10-27 21:30:47.227 [main] INFO  org.quartz.core.QuartzScheduler -
				JobFactory set to: org.springframework.scheduling.quartz.SpringBeanJobFactory@595ec862
2022-10-27 21:30:47.269 [main] INFO  org.apache.coyote.http11.Http11NioProtocol -
				Starting ProtocolHandler ["http-nio-8080"]
2022-10-27 21:30:47.290 [main] INFO  o.s.boot.web.embedded.tomcat.TomcatWebServer -
				Tomcat started on port(s): 8080 (http) with context path ''
2022-10-27 21:30:47.292 [main] INFO  o.s.scheduling.quartz.SchedulerFactoryBean -
				Starting Quartz Scheduler now
2022-10-27 21:30:47.292 [main] INFO  org.quartz.core.QuartzScheduler -
				Scheduler quartzScheduler_$_NON_CLUSTERED started.
2022-10-27 21:30:47.301 [main] INFO  com.example.demo.DemoApplication -
				Started DemoApplication in 3.359 seconds (JVM running for 4.512)
2022-10-27 21:33:51.242 [http-nio-8080-exec-1] INFO  org.apache.tomcat.util.http.parser.Cookie -
				A cookie header was received [Hm_lvt_5804d09853fcc4866132fbc306348993=1655279936,1655287959;] that contained an invalid cookie. That cookie will be ignored.
 Note: further occurrences of this error will be logged at DEBUG level.
2022-10-27 21:33:51.257 [http-nio-8080-exec-1] INFO  o.a.c.core.ContainerBase.[Tomcat].[localhost].[/] -
				Initializing Spring DispatcherServlet 'dispatcherServlet'
2022-10-27 21:33:51.257 [http-nio-8080-exec-1] INFO  org.springframework.web.servlet.DispatcherServlet -
				Initializing Servlet 'dispatcherServlet'
2022-10-27 21:33:51.260 [http-nio-8080-exec-1] INFO  org.springframework.web.servlet.DispatcherServlet -
				Completed initialization in 3 ms
2022-10-27 21:33:52.038 [http-nio-8080-exec-1] INFO  com.zaxxer.hikari.HikariDataSource -
				HikariPool-1 - Starting...
2022-10-27 21:33:52.250 [http-nio-8080-exec-1] INFO  com.zaxxer.hikari.HikariDataSource -
				HikariPool-1 - Start completed.
2022-10-27 21:39:34.818 [SpringApplicationShutdownHook] INFO  org.quartz.core.QuartzScheduler -
				Scheduler quartzScheduler_$_NON_CLUSTERED paused.
2022-10-27 21:39:34.890 [SpringApplicationShutdownHook] INFO  o.s.scheduling.quartz.SchedulerFactoryBean -
				Shutting down Quartz Scheduler
2022-10-27 21:39:34.890 [SpringApplicationShutdownHook] INFO  org.quartz.core.QuartzScheduler -
				Scheduler quartzScheduler_$_NON_CLUSTERED shutting down.
2022-10-27 21:39:34.890 [SpringApplicationShutdownHook] INFO  org.quartz.core.QuartzScheduler -
				Scheduler quartzScheduler_$_NON_CLUSTERED paused.
2022-10-27 21:39:34.890 [SpringApplicationShutdownHook] INFO  org.quartz.core.QuartzScheduler -
				Scheduler quartzScheduler_$_NON_CLUSTERED shutdown complete.
2022-10-27 21:39:34.905 [SpringApplicationShutdownHook] INFO  com.zaxxer.hikari.HikariDataSource -
				HikariPool-1 - Shutdown initiated...
2022-10-27 21:39:34.927 [SpringApplicationShutdownHook] INFO  com.zaxxer.hikari.HikariDataSource -
				HikariPool-1 - Shutdown completed.
2022-10-27 21:39:39.052 [main] INFO  com.example.demo.DemoApplication -
				Starting DemoApplication using Java 15.0.7 on DESKTOP-UN3KSEH with PID 9328 (C:\Users\liu\Desktop\project\MyProject\demo\target\classes started by liu in C:\Users\liu\Desktop\project\MyProject\demo)
2022-10-27 21:39:39.054 [main] INFO  com.example.demo.DemoApplication -
				No active profile set, falling back to 1 default profile: "default"
2022-10-27 21:39:39.630 [main] INFO  o.s.d.r.config.RepositoryConfigurationDelegate -
				Multiple Spring Data modules found, entering strict repository configuration mode
2022-10-27 21:39:39.633 [main] INFO  o.s.d.r.config.RepositoryConfigurationDelegate -
				Bootstrapping Spring Data Redis repositories in DEFAULT mode.
2022-10-27 21:39:39.657 [main] INFO  o.s.d.r.config.RepositoryConfigurationDelegate -
				Finished Spring Data repository scanning in 12 ms. Found 0 Redis repository interfaces.
2022-10-27 21:39:40.137 [main] INFO  o.s.boot.web.embedded.tomcat.TomcatWebServer -
				Tomcat initialized with port(s): 8080 (http)
2022-10-27 21:39:40.147 [main] INFO  org.apache.coyote.http11.Http11NioProtocol -
				Initializing ProtocolHandler ["http-nio-8080"]
2022-10-27 21:39:40.147 [main] INFO  org.apache.catalina.core.StandardService -
				Starting service [Tomcat]
2022-10-27 21:39:40.148 [main] INFO  org.apache.catalina.core.StandardEngine -
				Starting Servlet engine: [Apache Tomcat/9.0.65]
2022-10-27 21:39:40.256 [main] INFO  o.a.c.core.ContainerBase.[Tomcat].[localhost].[/] -
				Initializing Spring embedded WebApplicationContext
2022-10-27 21:39:40.256 [main] INFO  o.s.b.w.s.c.ServletWebServerApplicationContext -
				Root WebApplicationContext: initialization completed in 1161 ms
2022-10-27 21:39:41.648 [main] INFO  org.quartz.impl.StdSchedulerFactory -
				Using default implementation for ThreadExecutor
2022-10-27 21:39:41.657 [main] INFO  org.quartz.core.SchedulerSignalerImpl -
				Initialized Scheduler Signaller of type: class org.quartz.core.SchedulerSignalerImpl
2022-10-27 21:39:41.657 [main] INFO  org.quartz.core.QuartzScheduler -
				Quartz Scheduler v.2.3.2 created.
2022-10-27 21:39:41.658 [main] INFO  org.quartz.simpl.RAMJobStore -
				RAMJobStore initialized.
2022-10-27 21:39:41.659 [main] INFO  org.quartz.core.QuartzScheduler -
				Scheduler meta-data: Quartz Scheduler (v2.3.2) 'quartzScheduler' with instanceId 'NON_CLUSTERED'
  Scheduler class: 'org.quartz.core.QuartzScheduler' - running locally.
  NOT STARTED.
  Currently in standby mode.
  Number of jobs executed: 0
  Using thread pool 'org.quartz.simpl.SimpleThreadPool' - with 10 threads.
  Using job-store 'org.quartz.simpl.RAMJobStore' - which does not support persistence. and is not clustered.

2022-10-27 21:39:41.660 [main] INFO  org.quartz.impl.StdSchedulerFactory -
				Quartz scheduler 'quartzScheduler' initialized from an externally provided properties instance.
2022-10-27 21:39:41.660 [main] INFO  org.quartz.impl.StdSchedulerFactory -
				Quartz scheduler version: 2.3.2
2022-10-27 21:39:41.660 [main] INFO  org.quartz.core.QuartzScheduler -
				JobFactory set to: org.springframework.scheduling.quartz.SpringBeanJobFactory@18811c42
2022-10-27 21:39:41.700 [main] INFO  org.apache.coyote.http11.Http11NioProtocol -
				Starting ProtocolHandler ["http-nio-8080"]
2022-10-27 21:39:41.720 [main] INFO  o.s.boot.web.embedded.tomcat.TomcatWebServer -
				Tomcat started on port(s): 8080 (http) with context path ''
2022-10-27 21:39:41.721 [main] INFO  o.s.scheduling.quartz.SchedulerFactoryBean -
				Starting Quartz Scheduler now
2022-10-27 21:39:41.721 [main] INFO  org.quartz.core.QuartzScheduler -
				Scheduler quartzScheduler_$_NON_CLUSTERED started.
2022-10-27 21:39:41.732 [main] INFO  com.example.demo.DemoApplication -
				Started DemoApplication in 3.236 seconds (JVM running for 4.17)
2022-10-27 21:39:55.332 [SpringApplicationShutdownHook] INFO  org.quartz.core.QuartzScheduler -
				Scheduler quartzScheduler_$_NON_CLUSTERED paused.
2022-10-27 21:39:55.355 [SpringApplicationShutdownHook] INFO  o.s.scheduling.quartz.SchedulerFactoryBean -
				Shutting down Quartz Scheduler
2022-10-27 21:39:55.356 [SpringApplicationShutdownHook] INFO  org.quartz.core.QuartzScheduler -
				Scheduler quartzScheduler_$_NON_CLUSTERED shutting down.
2022-10-27 21:39:55.356 [SpringApplicationShutdownHook] INFO  org.quartz.core.QuartzScheduler -
				Scheduler quartzScheduler_$_NON_CLUSTERED paused.
2022-10-27 21:39:55.357 [SpringApplicationShutdownHook] INFO  org.quartz.core.QuartzScheduler -
				Scheduler quartzScheduler_$_NON_CLUSTERED shutdown complete.
2022-10-27 21:39:59.077 [main] INFO  com.example.demo.DemoApplication -
				Starting DemoApplication using Java 15.0.7 on DESKTOP-UN3KSEH with PID 7732 (C:\Users\liu\Desktop\project\MyProject\demo\target\classes started by liu in C:\Users\liu\Desktop\project\MyProject\demo)
2022-10-27 21:39:59.079 [main] INFO  com.example.demo.DemoApplication -
				No active profile set, falling back to 1 default profile: "default"
2022-10-27 21:39:59.665 [main] INFO  o.s.d.r.config.RepositoryConfigurationDelegate -
				Multiple Spring Data modules found, entering strict repository configuration mode
2022-10-27 21:39:59.668 [main] INFO  o.s.d.r.config.RepositoryConfigurationDelegate -
				Bootstrapping Spring Data Redis repositories in DEFAULT mode.
2022-10-27 21:39:59.693 [main] INFO  o.s.d.r.config.RepositoryConfigurationDelegate -
				Finished Spring Data repository scanning in 13 ms. Found 0 Redis repository interfaces.
2022-10-27 21:40:00.292 [main] INFO  o.s.boot.web.embedded.tomcat.TomcatWebServer -
				Tomcat initialized with port(s): 8080 (http)
2022-10-27 21:40:00.302 [main] INFO  org.apache.coyote.http11.Http11NioProtocol -
				Initializing ProtocolHandler ["http-nio-8080"]
2022-10-27 21:40:00.303 [main] INFO  org.apache.catalina.core.StandardService -
				Starting service [Tomcat]
2022-10-27 21:40:00.304 [main] INFO  org.apache.catalina.core.StandardEngine -
				Starting Servlet engine: [Apache Tomcat/9.0.65]
2022-10-27 21:40:00.413 [main] INFO  o.a.c.core.ContainerBase.[Tomcat].[localhost].[/] -
				Initializing Spring embedded WebApplicationContext
2022-10-27 21:40:00.413 [main] INFO  o.s.b.w.s.c.ServletWebServerApplicationContext -
				Root WebApplicationContext: initialization completed in 1297 ms
2022-10-27 21:40:01.871 [main] INFO  org.quartz.impl.StdSchedulerFactory -
				Using default implementation for ThreadExecutor
2022-10-27 21:40:01.882 [main] INFO  org.quartz.core.SchedulerSignalerImpl -
				Initialized Scheduler Signaller of type: class org.quartz.core.SchedulerSignalerImpl
2022-10-27 21:40:01.882 [main] INFO  org.quartz.core.QuartzScheduler -
				Quartz Scheduler v.2.3.2 created.
2022-10-27 21:40:01.883 [main] INFO  org.quartz.simpl.RAMJobStore -
				RAMJobStore initialized.
2022-10-27 21:40:01.884 [main] INFO  org.quartz.core.QuartzScheduler -
				Scheduler meta-data: Quartz Scheduler (v2.3.2) 'quartzScheduler' with instanceId 'NON_CLUSTERED'
  Scheduler class: 'org.quartz.core.QuartzScheduler' - running locally.
  NOT STARTED.
  Currently in standby mode.
  Number of jobs executed: 0
  Using thread pool 'org.quartz.simpl.SimpleThreadPool' - with 10 threads.
  Using job-store 'org.quartz.simpl.RAMJobStore' - which does not support persistence. and is not clustered.

2022-10-27 21:40:01.885 [main] INFO  org.quartz.impl.StdSchedulerFactory -
				Quartz scheduler 'quartzScheduler' initialized from an externally provided properties instance.
2022-10-27 21:40:01.885 [main] INFO  org.quartz.impl.StdSchedulerFactory -
				Quartz scheduler version: 2.3.2
2022-10-27 21:40:01.885 [main] INFO  org.quartz.core.QuartzScheduler -
				JobFactory set to: org.springframework.scheduling.quartz.SpringBeanJobFactory@18811c42
2022-10-27 21:40:01.943 [main] INFO  org.apache.coyote.http11.Http11NioProtocol -
				Starting ProtocolHandler ["http-nio-8080"]
2022-10-27 21:40:01.966 [main] INFO  o.s.boot.web.embedded.tomcat.TomcatWebServer -
				Tomcat started on port(s): 8080 (http) with context path ''
2022-10-27 21:40:01.967 [main] INFO  o.s.scheduling.quartz.SchedulerFactoryBean -
				Starting Quartz Scheduler now
2022-10-27 21:40:01.968 [main] INFO  org.quartz.core.QuartzScheduler -
				Scheduler quartzScheduler_$_NON_CLUSTERED started.
2022-10-27 21:40:01.977 [main] INFO  com.example.demo.DemoApplication -
				Started DemoApplication in 3.486 seconds (JVM running for 4.333)
2022-10-27 21:40:11.194 [http-nio-8080-exec-1] INFO  org.apache.tomcat.util.http.parser.Cookie -
				A cookie header was received [Hm_lvt_5804d09853fcc4866132fbc306348993=1655279936,1655287959;] that contained an invalid cookie. That cookie will be ignored.
 Note: further occurrences of this error will be logged at DEBUG level.
2022-10-27 21:40:11.202 [http-nio-8080-exec-1] INFO  o.a.c.core.ContainerBase.[Tomcat].[localhost].[/] -
				Initializing Spring DispatcherServlet 'dispatcherServlet'
2022-10-27 21:40:11.202 [http-nio-8080-exec-1] INFO  org.springframework.web.servlet.DispatcherServlet -
				Initializing Servlet 'dispatcherServlet'
2022-10-27 21:40:11.203 [http-nio-8080-exec-1] INFO  org.springframework.web.servlet.DispatcherServlet -
				Completed initialization in 1 ms
2022-10-27 21:40:11.702 [http-nio-8080-exec-1] INFO  com.zaxxer.hikari.HikariDataSource -
				HikariPool-1 - Starting...
2022-10-27 21:40:11.895 [http-nio-8080-exec-1] INFO  com.zaxxer.hikari.HikariDataSource -
				HikariPool-1 - Start completed.
2022-10-27 21:46:43.743 [SpringApplicationShutdownHook] INFO  org.quartz.core.QuartzScheduler -
				Scheduler quartzScheduler_$_NON_CLUSTERED paused.
2022-10-27 21:46:43.828 [SpringApplicationShutdownHook] INFO  o.s.scheduling.quartz.SchedulerFactoryBean -
				Shutting down Quartz Scheduler
2022-10-27 21:46:43.828 [SpringApplicationShutdownHook] INFO  org.quartz.core.QuartzScheduler -
				Scheduler quartzScheduler_$_NON_CLUSTERED shutting down.
2022-10-27 21:46:43.829 [SpringApplicationShutdownHook] INFO  org.quartz.core.QuartzScheduler -
				Scheduler quartzScheduler_$_NON_CLUSTERED paused.
2022-10-27 21:46:43.829 [SpringApplicationShutdownHook] INFO  org.quartz.core.QuartzScheduler -
				Scheduler quartzScheduler_$_NON_CLUSTERED shutdown complete.
2022-10-27 21:46:43.838 [SpringApplicationShutdownHook] INFO  com.zaxxer.hikari.HikariDataSource -
				HikariPool-1 - Shutdown initiated...
2022-10-27 21:46:43.856 [SpringApplicationShutdownHook] INFO  com.zaxxer.hikari.HikariDataSource -
				HikariPool-1 - Shutdown completed.
2022-10-27 21:46:51.972 [main] INFO  com.example.demo.DemoApplication -
				Starting DemoApplication using Java 15.0.7 on DESKTOP-UN3KSEH with PID 5924 (C:\Users\liu\Desktop\project\MyProject\demo\target\classes started by liu in C:\Users\liu\Desktop\project\MyProject\demo)
2022-10-27 21:46:51.975 [main] INFO  com.example.demo.DemoApplication -
				No active profile set, falling back to 1 default profile: "default"
2022-10-27 21:46:52.662 [main] INFO  o.s.d.r.config.RepositoryConfigurationDelegate -
				Multiple Spring Data modules found, entering strict repository configuration mode
2022-10-27 21:46:52.664 [main] INFO  o.s.d.r.config.RepositoryConfigurationDelegate -
				Bootstrapping Spring Data Redis repositories in DEFAULT mode.
2022-10-27 21:46:52.690 [main] INFO  o.s.d.r.config.RepositoryConfigurationDelegate -
				Finished Spring Data repository scanning in 12 ms. Found 0 Redis repository interfaces.
2022-10-27 21:46:53.227 [main] INFO  o.s.boot.web.embedded.tomcat.TomcatWebServer -
				Tomcat initialized with port(s): 8080 (http)
2022-10-27 21:46:53.236 [main] INFO  org.apache.coyote.http11.Http11NioProtocol -
				Initializing ProtocolHandler ["http-nio-8080"]
2022-10-27 21:46:53.236 [main] INFO  org.apache.catalina.core.StandardService -
				Starting service [Tomcat]
2022-10-27 21:46:53.237 [main] INFO  org.apache.catalina.core.StandardEngine -
				Starting Servlet engine: [Apache Tomcat/9.0.65]
2022-10-27 21:46:53.369 [main] INFO  o.a.c.core.ContainerBase.[Tomcat].[localhost].[/] -
				Initializing Spring embedded WebApplicationContext
2022-10-27 21:46:53.369 [main] INFO  o.s.b.w.s.c.ServletWebServerApplicationContext -
				Root WebApplicationContext: initialization completed in 1326 ms
2022-10-27 21:46:55.017 [main] INFO  org.quartz.impl.StdSchedulerFactory -
				Using default implementation for ThreadExecutor
2022-10-27 21:46:55.030 [main] INFO  org.quartz.core.SchedulerSignalerImpl -
				Initialized Scheduler Signaller of type: class org.quartz.core.SchedulerSignalerImpl
2022-10-27 21:46:55.030 [main] INFO  org.quartz.core.QuartzScheduler -
				Quartz Scheduler v.2.3.2 created.
2022-10-27 21:46:55.031 [main] INFO  org.quartz.simpl.RAMJobStore -
				RAMJobStore initialized.
2022-10-27 21:46:55.032 [main] INFO  org.quartz.core.QuartzScheduler -
				Scheduler meta-data: Quartz Scheduler (v2.3.2) 'quartzScheduler' with instanceId 'NON_CLUSTERED'
  Scheduler class: 'org.quartz.core.QuartzScheduler' - running locally.
  NOT STARTED.
  Currently in standby mode.
  Number of jobs executed: 0
  Using thread pool 'org.quartz.simpl.SimpleThreadPool' - with 10 threads.
  Using job-store 'org.quartz.simpl.RAMJobStore' - which does not support persistence. and is not clustered.

2022-10-27 21:46:55.032 [main] INFO  org.quartz.impl.StdSchedulerFactory -
				Quartz scheduler 'quartzScheduler' initialized from an externally provided properties instance.
2022-10-27 21:46:55.032 [main] INFO  org.quartz.impl.StdSchedulerFactory -
				Quartz scheduler version: 2.3.2
2022-10-27 21:46:55.032 [main] INFO  org.quartz.core.QuartzScheduler -
				JobFactory set to: org.springframework.scheduling.quartz.SpringBeanJobFactory@173b1af1
2022-10-27 21:46:55.092 [main] INFO  org.apache.coyote.http11.Http11NioProtocol -
				Starting ProtocolHandler ["http-nio-8080"]
2022-10-27 21:46:55.115 [main] INFO  o.s.boot.web.embedded.tomcat.TomcatWebServer -
				Tomcat started on port(s): 8080 (http) with context path ''
2022-10-27 21:46:55.117 [main] INFO  o.s.scheduling.quartz.SchedulerFactoryBean -
				Starting Quartz Scheduler now
2022-10-27 21:46:55.117 [main] INFO  org.quartz.core.QuartzScheduler -
				Scheduler quartzScheduler_$_NON_CLUSTERED started.
2022-10-27 21:46:55.137 [main] INFO  com.example.demo.DemoApplication -
				Started DemoApplication in 4.122 seconds (JVM running for 5.041)
2022-10-27 21:46:58.345 [http-nio-8080-exec-1] INFO  org.apache.tomcat.util.http.parser.Cookie -
				A cookie header was received [Hm_lvt_5804d09853fcc4866132fbc306348993=1655279936,1655287959;] that contained an invalid cookie. That cookie will be ignored.
 Note: further occurrences of this error will be logged at DEBUG level.
2022-10-27 21:46:58.351 [http-nio-8080-exec-1] INFO  o.a.c.core.ContainerBase.[Tomcat].[localhost].[/] -
				Initializing Spring DispatcherServlet 'dispatcherServlet'
2022-10-27 21:46:58.352 [http-nio-8080-exec-1] INFO  org.springframework.web.servlet.DispatcherServlet -
				Initializing Servlet 'dispatcherServlet'
2022-10-27 21:46:58.353 [http-nio-8080-exec-1] INFO  org.springframework.web.servlet.DispatcherServlet -
				Completed initialization in 1 ms
2022-10-27 21:46:58.860 [http-nio-8080-exec-1] INFO  com.zaxxer.hikari.HikariDataSource -
				HikariPool-1 - Starting...
2022-10-27 21:46:58.988 [http-nio-8080-exec-1] INFO  com.zaxxer.hikari.HikariDataSource -
				HikariPool-1 - Start completed.
2022-10-27 21:53:31.059 [SpringApplicationShutdownHook] INFO  org.quartz.core.QuartzScheduler -
				Scheduler quartzScheduler_$_NON_CLUSTERED paused.
2022-10-27 21:53:31.084 [SpringApplicationShutdownHook] INFO  o.s.scheduling.quartz.SchedulerFactoryBean -
				Shutting down Quartz Scheduler
2022-10-27 21:53:31.084 [SpringApplicationShutdownHook] INFO  org.quartz.core.QuartzScheduler -
				Scheduler quartzScheduler_$_NON_CLUSTERED shutting down.
2022-10-27 21:53:31.084 [SpringApplicationShutdownHook] INFO  org.quartz.core.QuartzScheduler -
				Scheduler quartzScheduler_$_NON_CLUSTERED paused.
2022-10-27 21:53:31.084 [SpringApplicationShutdownHook] INFO  org.quartz.core.QuartzScheduler -
				Scheduler quartzScheduler_$_NON_CLUSTERED shutdown complete.
2022-10-27 21:53:31.087 [SpringApplicationShutdownHook] INFO  com.zaxxer.hikari.HikariDataSource -
				HikariPool-1 - Shutdown initiated...
2022-10-27 21:53:31.097 [SpringApplicationShutdownHook] INFO  com.zaxxer.hikari.HikariDataSource -
				HikariPool-1 - Shutdown completed.
