2022-10-23 15:12:30.653 [main] INFO  com.example.demo.SendMailTest -
				Starting SendMailTest using Java 1.8.0_202 on DESKTOP-UN3KSEH with PID 12460 (started by liu in C:\Users\liu\Desktop\project\MyProject\demo)
2022-10-23 15:12:30.660 [main] INFO  com.example.demo.SendMailTest -
				No active profile set, falling back to 1 default profile: "default"
2022-10-23 15:12:35.423 [main] INFO  o.s.d.r.config.RepositoryConfigurationDelegate -
				Multiple Spring Data modules found, entering strict repository configuration mode
2022-10-23 15:12:35.437 [main] INFO  o.s.d.r.config.RepositoryConfigurationDelegate -
				Bootstrapping Spring Data Redis repositories in DEFAULT mode.
2022-10-23 15:12:35.512 [main] INFO  o.s.d.r.config.RepositoryConfigurationDelegate -
				Finished Spring Data repository scanning in 39 ms. Found 0 Redis repository interfaces.
2022-10-23 15:12:44.767 [main] INFO  o.s.b.a.l.ConditionEvaluationReportLoggingListener -
				

Error starting ApplicationContext. To display the conditions report re-run your application with 'debug' enabled.
2022-10-23 15:15:47.237 [main] INFO  com.example.demo.SendMailTest -
				Starting SendMailTest using Java 1.8.0_202 on DESKTOP-UN3KSEH with PID 6808 (started by liu in C:\Users\liu\Desktop\project\MyProject\demo)
2022-10-23 15:15:47.241 [main] INFO  com.example.demo.SendMailTest -
				No active profile set, falling back to 1 default profile: "default"
2022-10-23 15:17:24.117 [main] INFO  com.example.demo.SelectOssTest -
				Starting SelectOssTest using Java 1.8.0_202 on DESKTOP-UN3KSEH with PID 10220 (started by liu in C:\Users\liu\Desktop\project\MyProject\demo)
2022-10-23 15:17:24.120 [main] INFO  com.example.demo.SelectOssTest -
				No active profile set, falling back to 1 default profile: "default"
2022-10-23 15:17:26.284 [main] INFO  o.s.d.r.config.RepositoryConfigurationDelegate -
				Multiple Spring Data modules found, entering strict repository configuration mode
2022-10-23 15:17:26.295 [main] INFO  o.s.d.r.config.RepositoryConfigurationDelegate -
				Bootstrapping Spring Data Redis repositories in DEFAULT mode.
2022-10-23 15:17:26.374 [main] INFO  o.s.d.r.config.RepositoryConfigurationDelegate -
				Finished Spring Data repository scanning in 40 ms. Found 0 Redis repository interfaces.
2022-10-23 15:17:30.472 [main] INFO  o.s.b.a.l.ConditionEvaluationReportLoggingListener -
				

Error starting ApplicationContext. To display the conditions report re-run your application with 'debug' enabled.
2022-10-23 15:22:09.669 [main] INFO  com.example.demo.DemoApplication -
				Starting DemoApplication using Java 1.8.0_202 on DESKTOP-UN3KSEH with PID 696 (C:\Users\liu\Desktop\project\MyProject\demo\target\classes started by liu in C:\Users\liu\Desktop\project\MyProject\demo)
2022-10-23 15:22:09.675 [main] INFO  com.example.demo.DemoApplication -
				No active profile set, falling back to 1 default profile: "default"
2022-10-23 15:22:11.923 [main] INFO  o.s.d.r.config.RepositoryConfigurationDelegate -
				Multiple Spring Data modules found, entering strict repository configuration mode
2022-10-23 15:22:11.928 [main] INFO  o.s.d.r.config.RepositoryConfigurationDelegate -
				Bootstrapping Spring Data Redis repositories in DEFAULT mode.
2022-10-23 15:22:12.004 [main] INFO  o.s.d.r.config.RepositoryConfigurationDelegate -
				Finished Spring Data repository scanning in 33 ms. Found 0 Redis repository interfaces.
2022-10-23 15:22:13.873 [main] INFO  o.s.boot.web.embedded.tomcat.TomcatWebServer -
				Tomcat initialized with port(s): 8080 (http)
2022-10-23 15:22:13.918 [main] INFO  org.apache.coyote.http11.Http11NioProtocol -
				Initializing ProtocolHandler ["http-nio-8080"]
2022-10-23 15:22:13.924 [main] INFO  org.apache.catalina.core.StandardService -
				Starting service [Tomcat]
2022-10-23 15:22:13.927 [main] INFO  org.apache.catalina.core.StandardEngine -
				Starting Servlet engine: [Apache Tomcat/9.0.65]
2022-10-23 15:22:15.209 [main] INFO  o.a.c.core.ContainerBase.[Tomcat].[localhost].[/] -
				Initializing Spring embedded WebApplicationContext
2022-10-23 15:22:15.209 [main] INFO  o.s.b.w.s.c.ServletWebServerApplicationContext -
				Root WebApplicationContext: initialization completed in 5397 ms
2022-10-23 15:22:24.553 [main] INFO  org.apache.coyote.http11.Http11NioProtocol -
				Starting ProtocolHandler ["http-nio-8080"]
2022-10-23 15:22:24.688 [main] INFO  o.s.boot.web.embedded.tomcat.TomcatWebServer -
				Tomcat started on port(s): 8080 (http) with context path ''
2022-10-23 15:22:24.740 [main] INFO  com.example.demo.DemoApplication -
				Started DemoApplication in 16.693 seconds (JVM running for 19.819)
2022-10-23 15:23:07.835 [main] INFO  com.example.demo.DemoApplication -
				Starting DemoApplication using Java 1.8.0_202 on DESKTOP-UN3KSEH with PID 4556 (C:\Users\liu\Desktop\project\MyProject\demo\target\classes started by liu in C:\Users\liu\Desktop\project\MyProject\demo)
2022-10-23 15:23:07.842 [main] INFO  com.example.demo.DemoApplication -
				No active profile set, falling back to 1 default profile: "default"
2022-10-23 15:23:09.611 [main] INFO  o.s.d.r.config.RepositoryConfigurationDelegate -
				Multiple Spring Data modules found, entering strict repository configuration mode
2022-10-23 15:23:09.618 [main] INFO  o.s.d.r.config.RepositoryConfigurationDelegate -
				Bootstrapping Spring Data Redis repositories in DEFAULT mode.
2022-10-23 15:23:09.677 [main] INFO  o.s.d.r.config.RepositoryConfigurationDelegate -
				Finished Spring Data repository scanning in 23 ms. Found 0 Redis repository interfaces.
2022-10-23 15:23:10.971 [main] INFO  o.s.boot.web.embedded.tomcat.TomcatWebServer -
				Tomcat initialized with port(s): 8080 (http)
2022-10-23 15:23:10.986 [main] INFO  org.apache.coyote.http11.Http11NioProtocol -
				Initializing ProtocolHandler ["http-nio-8080"]
2022-10-23 15:23:10.987 [main] INFO  org.apache.catalina.core.StandardService -
				Starting service [Tomcat]
2022-10-23 15:23:10.988 [main] INFO  org.apache.catalina.core.StandardEngine -
				Starting Servlet engine: [Apache Tomcat/9.0.65]
2022-10-23 15:23:11.267 [main] INFO  o.a.c.core.ContainerBase.[Tomcat].[localhost].[/] -
				Initializing Spring embedded WebApplicationContext
2022-10-23 15:23:11.268 [main] INFO  o.s.b.w.s.c.ServletWebServerApplicationContext -
				Root WebApplicationContext: initialization completed in 3265 ms
2022-10-23 15:23:14.803 [main] INFO  org.apache.coyote.http11.Http11NioProtocol -
				Starting ProtocolHandler ["http-nio-8080"]
2022-10-23 15:23:14.838 [main] INFO  o.s.boot.web.embedded.tomcat.TomcatWebServer -
				Tomcat started on port(s): 8080 (http) with context path ''
2022-10-23 15:23:14.859 [main] INFO  com.example.demo.DemoApplication -
				Started DemoApplication in 8.942 seconds (JVM running for 12.012)
2022-10-23 15:24:05.162 [main] INFO  com.example.demo.DemoApplication -
				Starting DemoApplication using Java 1.8.0_202 on DESKTOP-UN3KSEH with PID 15604 (C:\Users\liu\Desktop\project\MyProject\demo\target\classes started by liu in C:\Users\liu\Desktop\project\MyProject\demo)
2022-10-23 15:24:05.175 [main] INFO  com.example.demo.DemoApplication -
				No active profile set, falling back to 1 default profile: "default"
2022-10-23 15:24:07.020 [main] INFO  o.s.d.r.config.RepositoryConfigurationDelegate -
				Multiple Spring Data modules found, entering strict repository configuration mode
2022-10-23 15:24:07.025 [main] INFO  o.s.d.r.config.RepositoryConfigurationDelegate -
				Bootstrapping Spring Data Redis repositories in DEFAULT mode.
2022-10-23 15:24:07.076 [main] INFO  o.s.d.r.config.RepositoryConfigurationDelegate -
				Finished Spring Data repository scanning in 21 ms. Found 0 Redis repository interfaces.
2022-10-23 15:24:08.191 [main] INFO  o.s.boot.web.embedded.tomcat.TomcatWebServer -
				Tomcat initialized with port(s): 8080 (http)
2022-10-23 15:24:08.206 [main] INFO  org.apache.coyote.http11.Http11NioProtocol -
				Initializing ProtocolHandler ["http-nio-8080"]
2022-10-23 15:24:08.207 [main] INFO  org.apache.catalina.core.StandardService -
				Starting service [Tomcat]
2022-10-23 15:24:08.208 [main] INFO  org.apache.catalina.core.StandardEngine -
				Starting Servlet engine: [Apache Tomcat/9.0.65]
2022-10-23 15:24:08.500 [main] INFO  o.a.c.core.ContainerBase.[Tomcat].[localhost].[/] -
				Initializing Spring embedded WebApplicationContext
2022-10-23 15:24:08.501 [main] INFO  o.s.b.w.s.c.ServletWebServerApplicationContext -
				Root WebApplicationContext: initialization completed in 3174 ms
2022-10-23 15:24:12.050 [main] INFO  org.apache.coyote.http11.Http11NioProtocol -
				Starting ProtocolHandler ["http-nio-8080"]
2022-10-23 15:24:12.084 [main] INFO  o.s.boot.web.embedded.tomcat.TomcatWebServer -
				Tomcat started on port(s): 8080 (http) with context path ''
2022-10-23 15:24:12.106 [main] INFO  com.example.demo.DemoApplication -
				Started DemoApplication in 8.746 seconds (JVM running for 11.049)
2022-10-23 15:24:18.773 [http-nio-8080-exec-1] INFO  o.a.c.core.ContainerBase.[Tomcat].[localhost].[/] -
				Initializing Spring DispatcherServlet 'dispatcherServlet'
2022-10-23 15:24:18.773 [http-nio-8080-exec-1] INFO  org.springframework.web.servlet.DispatcherServlet -
				Initializing Servlet 'dispatcherServlet'
2022-10-23 15:24:18.776 [http-nio-8080-exec-1] INFO  org.springframework.web.servlet.DispatcherServlet -
				Completed initialization in 1 ms
2022-10-23 15:24:47.482 [main] INFO  com.example.demo.DemoApplication -
				Starting DemoApplication using Java 1.8.0_202 on DESKTOP-UN3KSEH with PID 16944 (C:\Users\liu\Desktop\project\MyProject\demo\target\classes started by liu in C:\Users\liu\Desktop\project\MyProject\demo)
2022-10-23 15:24:47.491 [main] INFO  com.example.demo.DemoApplication -
				No active profile set, falling back to 1 default profile: "default"
2022-10-23 15:24:49.334 [main] INFO  o.s.d.r.config.RepositoryConfigurationDelegate -
				Multiple Spring Data modules found, entering strict repository configuration mode
2022-10-23 15:24:49.339 [main] INFO  o.s.d.r.config.RepositoryConfigurationDelegate -
				Bootstrapping Spring Data Redis repositories in DEFAULT mode.
2022-10-23 15:24:49.399 [main] INFO  o.s.d.r.config.RepositoryConfigurationDelegate -
				Finished Spring Data repository scanning in 33 ms. Found 0 Redis repository interfaces.
2022-10-23 15:24:50.666 [main] INFO  o.s.boot.web.embedded.tomcat.TomcatWebServer -
				Tomcat initialized with port(s): 8080 (http)
2022-10-23 15:24:50.687 [main] INFO  org.apache.coyote.http11.Http11NioProtocol -
				Initializing ProtocolHandler ["http-nio-8080"]
2022-10-23 15:24:50.688 [main] INFO  org.apache.catalina.core.StandardService -
				Starting service [Tomcat]
2022-10-23 15:24:50.689 [main] INFO  org.apache.catalina.core.StandardEngine -
				Starting Servlet engine: [Apache Tomcat/9.0.65]
2022-10-23 15:24:51.097 [main] INFO  o.a.c.core.ContainerBase.[Tomcat].[localhost].[/] -
				Initializing Spring embedded WebApplicationContext
2022-10-23 15:24:51.098 [main] INFO  o.s.b.w.s.c.ServletWebServerApplicationContext -
				Root WebApplicationContext: initialization completed in 3468 ms
2022-10-23 15:24:55.144 [main] INFO  org.apache.coyote.http11.Http11NioProtocol -
				Starting ProtocolHandler ["http-nio-8080"]
2022-10-23 15:24:55.182 [main] INFO  o.s.boot.web.embedded.tomcat.TomcatWebServer -
				Tomcat started on port(s): 8080 (http) with context path ''
2022-10-23 15:24:55.208 [main] INFO  com.example.demo.DemoApplication -
				Started DemoApplication in 9.547 seconds (JVM running for 11.442)
2022-10-23 15:25:00.377 [http-nio-8080-exec-2] INFO  o.a.c.core.ContainerBase.[Tomcat].[localhost].[/] -
				Initializing Spring DispatcherServlet 'dispatcherServlet'
2022-10-23 15:25:00.378 [http-nio-8080-exec-2] INFO  org.springframework.web.servlet.DispatcherServlet -
				Initializing Servlet 'dispatcherServlet'
2022-10-23 15:25:00.381 [http-nio-8080-exec-2] INFO  org.springframework.web.servlet.DispatcherServlet -
				Completed initialization in 3 ms
2022-10-23 15:25:25.115 [main] INFO  com.example.demo.DemoApplication -
				Starting DemoApplication using Java 1.8.0_202 on DESKTOP-UN3KSEH with PID 20960 (C:\Users\liu\Desktop\project\MyProject\demo\target\classes started by liu in C:\Users\liu\Desktop\project\MyProject\demo)
2022-10-23 15:25:25.121 [main] INFO  com.example.demo.DemoApplication -
				No active profile set, falling back to 1 default profile: "default"
2022-10-23 15:25:26.367 [main] INFO  o.s.d.r.config.RepositoryConfigurationDelegate -
				Multiple Spring Data modules found, entering strict repository configuration mode
2022-10-23 15:25:26.374 [main] INFO  o.s.d.r.config.RepositoryConfigurationDelegate -
				Bootstrapping Spring Data Redis repositories in DEFAULT mode.
2022-10-23 15:25:26.424 [main] INFO  o.s.d.r.config.RepositoryConfigurationDelegate -
				Finished Spring Data repository scanning in 25 ms. Found 0 Redis repository interfaces.
2022-10-23 15:25:27.386 [main] INFO  o.s.boot.web.embedded.tomcat.TomcatWebServer -
				Tomcat initialized with port(s): 8080 (http)
2022-10-23 15:25:27.401 [main] INFO  org.apache.coyote.http11.Http11NioProtocol -
				Initializing ProtocolHandler ["http-nio-8080"]
2022-10-23 15:25:27.403 [main] INFO  org.apache.catalina.core.StandardService -
				Starting service [Tomcat]
2022-10-23 15:25:27.404 [main] INFO  org.apache.catalina.core.StandardEngine -
				Starting Servlet engine: [Apache Tomcat/9.0.65]
2022-10-23 15:25:27.677 [main] INFO  o.a.c.core.ContainerBase.[Tomcat].[localhost].[/] -
				Initializing Spring embedded WebApplicationContext
2022-10-23 15:25:27.678 [main] INFO  o.s.b.w.s.c.ServletWebServerApplicationContext -
				Root WebApplicationContext: initialization completed in 2462 ms
2022-10-23 15:25:30.725 [main] INFO  org.apache.coyote.http11.Http11NioProtocol -
				Starting ProtocolHandler ["http-nio-8080"]
2022-10-23 15:25:30.746 [main] INFO  o.s.boot.web.embedded.tomcat.TomcatWebServer -
				Tomcat started on port(s): 8080 (http) with context path ''
2022-10-23 15:25:30.760 [main] INFO  com.example.demo.DemoApplication -
				Started DemoApplication in 6.942 seconds (JVM running for 8.901)
2022-10-23 15:25:37.810 [http-nio-8080-exec-2] INFO  o.a.c.core.ContainerBase.[Tomcat].[localhost].[/] -
				Initializing Spring DispatcherServlet 'dispatcherServlet'
2022-10-23 15:25:37.811 [http-nio-8080-exec-2] INFO  org.springframework.web.servlet.DispatcherServlet -
				Initializing Servlet 'dispatcherServlet'
2022-10-23 15:25:37.812 [http-nio-8080-exec-2] INFO  org.springframework.web.servlet.DispatcherServlet -
				Completed initialization in 1 ms
2022-10-23 15:26:14.781 [main] INFO  com.example.demo.DemoApplication -
				Starting DemoApplication using Java 1.8.0_202 on DESKTOP-UN3KSEH with PID 13936 (C:\Users\liu\Desktop\project\MyProject\demo\target\classes started by liu in C:\Users\liu\Desktop\project\MyProject\demo)
2022-10-23 15:26:14.790 [main] INFO  com.example.demo.DemoApplication -
				No active profile set, falling back to 1 default profile: "default"
2022-10-23 15:26:16.489 [main] INFO  o.s.d.r.config.RepositoryConfigurationDelegate -
				Multiple Spring Data modules found, entering strict repository configuration mode
2022-10-23 15:26:16.499 [main] INFO  o.s.d.r.config.RepositoryConfigurationDelegate -
				Bootstrapping Spring Data Redis repositories in DEFAULT mode.
2022-10-23 15:26:16.583 [main] INFO  o.s.d.r.config.RepositoryConfigurationDelegate -
				Finished Spring Data repository scanning in 43 ms. Found 0 Redis repository interfaces.
2022-10-23 15:26:17.944 [main] INFO  o.s.boot.web.embedded.tomcat.TomcatWebServer -
				Tomcat initialized with port(s): 8080 (http)
2022-10-23 15:26:17.962 [main] INFO  org.apache.coyote.http11.Http11NioProtocol -
				Initializing ProtocolHandler ["http-nio-8080"]
2022-10-23 15:26:17.963 [main] INFO  org.apache.catalina.core.StandardService -
				Starting service [Tomcat]
2022-10-23 15:26:17.964 [main] INFO  org.apache.catalina.core.StandardEngine -
				Starting Servlet engine: [Apache Tomcat/9.0.65]
2022-10-23 15:26:18.293 [main] INFO  o.a.c.core.ContainerBase.[Tomcat].[localhost].[/] -
				Initializing Spring embedded WebApplicationContext
2022-10-23 15:26:18.293 [main] INFO  o.s.b.w.s.c.ServletWebServerApplicationContext -
				Root WebApplicationContext: initialization completed in 3383 ms
2022-10-23 15:26:21.867 [main] INFO  org.apache.coyote.http11.Http11NioProtocol -
				Starting ProtocolHandler ["http-nio-8080"]
2022-10-23 15:26:21.894 [main] INFO  o.s.boot.web.embedded.tomcat.TomcatWebServer -
				Tomcat started on port(s): 8080 (http) with context path ''
2022-10-23 15:26:21.915 [main] INFO  com.example.demo.DemoApplication -
				Started DemoApplication in 8.461 seconds (JVM running for 10.593)
2022-10-23 15:26:23.878 [http-nio-8080-exec-1] INFO  o.a.c.core.ContainerBase.[Tomcat].[localhost].[/] -
				Initializing Spring DispatcherServlet 'dispatcherServlet'
2022-10-23 15:26:23.879 [http-nio-8080-exec-1] INFO  org.springframework.web.servlet.DispatcherServlet -
				Initializing Servlet 'dispatcherServlet'
2022-10-23 15:26:23.881 [http-nio-8080-exec-1] INFO  org.springframework.web.servlet.DispatcherServlet -
				Completed initialization in 1 ms
2022-10-23 15:27:24.150 [main] INFO  com.example.demo.DemoApplication -
				Starting DemoApplication using Java 1.8.0_202 on DESKTOP-UN3KSEH with PID 6572 (C:\Users\liu\Desktop\project\MyProject\demo\target\classes started by liu in C:\Users\liu\Desktop\project\MyProject\demo)
2022-10-23 15:27:24.159 [main] INFO  com.example.demo.DemoApplication -
				No active profile set, falling back to 1 default profile: "default"
2022-10-23 15:27:25.755 [main] INFO  o.s.d.r.config.RepositoryConfigurationDelegate -
				Multiple Spring Data modules found, entering strict repository configuration mode
2022-10-23 15:27:25.762 [main] INFO  o.s.d.r.config.RepositoryConfigurationDelegate -
				Bootstrapping Spring Data Redis repositories in DEFAULT mode.
2022-10-23 15:27:25.830 [main] INFO  o.s.d.r.config.RepositoryConfigurationDelegate -
				Finished Spring Data repository scanning in 28 ms. Found 0 Redis repository interfaces.
2022-10-23 15:27:27.125 [main] INFO  o.s.boot.web.embedded.tomcat.TomcatWebServer -
				Tomcat initialized with port(s): 8080 (http)
2022-10-23 15:27:27.151 [main] INFO  org.apache.coyote.http11.Http11NioProtocol -
				Initializing ProtocolHandler ["http-nio-8080"]
2022-10-23 15:27:27.153 [main] INFO  org.apache.catalina.core.StandardService -
				Starting service [Tomcat]
2022-10-23 15:27:27.153 [main] INFO  org.apache.catalina.core.StandardEngine -
				Starting Servlet engine: [Apache Tomcat/9.0.65]
2022-10-23 15:27:27.506 [main] INFO  o.a.c.core.ContainerBase.[Tomcat].[localhost].[/] -
				Initializing Spring embedded WebApplicationContext
2022-10-23 15:27:27.506 [main] INFO  o.s.b.w.s.c.ServletWebServerApplicationContext -
				Root WebApplicationContext: initialization completed in 3203 ms
2022-10-23 15:27:31.854 [main] INFO  org.apache.coyote.http11.Http11NioProtocol -
				Starting ProtocolHandler ["http-nio-8080"]
2022-10-23 15:27:31.897 [main] INFO  o.s.boot.web.embedded.tomcat.TomcatWebServer -
				Tomcat started on port(s): 8080 (http) with context path ''
2022-10-23 15:27:31.928 [main] INFO  com.example.demo.DemoApplication -
				Started DemoApplication in 8.981 seconds (JVM running for 13.93)
2022-10-23 15:27:33.948 [http-nio-8080-exec-2] INFO  o.a.c.core.ContainerBase.[Tomcat].[localhost].[/] -
				Initializing Spring DispatcherServlet 'dispatcherServlet'
2022-10-23 15:27:33.948 [http-nio-8080-exec-2] INFO  org.springframework.web.servlet.DispatcherServlet -
				Initializing Servlet 'dispatcherServlet'
2022-10-23 15:27:33.952 [http-nio-8080-exec-2] INFO  org.springframework.web.servlet.DispatcherServlet -
				Completed initialization in 3 ms
2022-10-23 15:30:48.583 [http-nio-8080-exec-3] INFO  org.apache.tomcat.util.http.parser.Cookie -
				A cookie header was received [Hm_lvt_5804d09853fcc4866132fbc306348993=1655279936,1655287959;] that contained an invalid cookie. That cookie will be ignored.
 Note: further occurrences of this error will be logged at DEBUG level.
2022-10-23 15:30:49.692 [http-nio-8080-exec-7] INFO  com.zaxxer.hikari.HikariDataSource -
				HikariPool-1 - Starting...
2022-10-23 15:30:50.126 [http-nio-8080-exec-7] INFO  com.zaxxer.hikari.HikariDataSource -
				HikariPool-1 - Start completed.
2022-10-23 15:46:29.788 [SpringApplicationShutdownHook] INFO  com.zaxxer.hikari.HikariDataSource -
				HikariPool-1 - Shutdown initiated...
2022-10-23 15:46:29.808 [SpringApplicationShutdownHook] INFO  com.zaxxer.hikari.HikariDataSource -
				HikariPool-1 - Shutdown completed.
2022-10-23 15:46:39.271 [main] INFO  com.example.demo.DemoApplication -
				Starting DemoApplication using Java 1.8.0_202 on DESKTOP-UN3KSEH with PID 4376 (C:\Users\liu\Desktop\project\MyProject\demo\target\classes started by liu in C:\Users\liu\Desktop\project\MyProject\demo)
2022-10-23 15:46:39.278 [main] INFO  com.example.demo.DemoApplication -
				No active profile set, falling back to 1 default profile: "default"
2022-10-23 15:46:40.692 [main] INFO  o.s.d.r.config.RepositoryConfigurationDelegate -
				Multiple Spring Data modules found, entering strict repository configuration mode
2022-10-23 15:46:40.697 [main] INFO  o.s.d.r.config.RepositoryConfigurationDelegate -
				Bootstrapping Spring Data Redis repositories in DEFAULT mode.
2022-10-23 15:46:40.736 [main] INFO  o.s.d.r.config.RepositoryConfigurationDelegate -
				Finished Spring Data repository scanning in 17 ms. Found 0 Redis repository interfaces.
2022-10-23 15:46:41.492 [main] INFO  o.s.boot.web.embedded.tomcat.TomcatWebServer -
				Tomcat initialized with port(s): 8080 (http)
2022-10-23 15:46:41.507 [main] INFO  org.apache.coyote.http11.Http11NioProtocol -
				Initializing ProtocolHandler ["http-nio-8080"]
2022-10-23 15:46:41.508 [main] INFO  org.apache.catalina.core.StandardService -
				Starting service [Tomcat]
2022-10-23 15:46:41.509 [main] INFO  org.apache.catalina.core.StandardEngine -
				Starting Servlet engine: [Apache Tomcat/9.0.65]
2022-10-23 15:46:41.691 [main] INFO  o.a.c.core.ContainerBase.[Tomcat].[localhost].[/] -
				Initializing Spring embedded WebApplicationContext
2022-10-23 15:46:41.691 [main] INFO  o.s.b.w.s.c.ServletWebServerApplicationContext -
				Root WebApplicationContext: initialization completed in 2264 ms
2022-10-23 15:46:44.032 [main] INFO  org.apache.coyote.http11.Http11NioProtocol -
				Starting ProtocolHandler ["http-nio-8080"]
2022-10-23 15:46:44.052 [main] INFO  o.s.boot.web.embedded.tomcat.TomcatWebServer -
				Tomcat started on port(s): 8080 (http) with context path ''
2022-10-23 15:46:44.064 [main] INFO  com.example.demo.DemoApplication -
				Started DemoApplication in 5.782 seconds (JVM running for 7.191)
2022-10-23 15:46:53.128 [http-nio-8080-exec-1] INFO  org.apache.tomcat.util.http.parser.Cookie -
				A cookie header was received [Hm_lvt_5804d09853fcc4866132fbc306348993=1655279936,1655287959;] that contained an invalid cookie. That cookie will be ignored.
 Note: further occurrences of this error will be logged at DEBUG level.
2022-10-23 15:46:53.140 [http-nio-8080-exec-1] INFO  o.a.c.core.ContainerBase.[Tomcat].[localhost].[/] -
				Initializing Spring DispatcherServlet 'dispatcherServlet'
2022-10-23 15:46:53.141 [http-nio-8080-exec-1] INFO  org.springframework.web.servlet.DispatcherServlet -
				Initializing Servlet 'dispatcherServlet'
2022-10-23 15:46:53.143 [http-nio-8080-exec-1] INFO  org.springframework.web.servlet.DispatcherServlet -
				Completed initialization in 2 ms
2022-10-23 15:46:54.587 [http-nio-8080-exec-1] INFO  com.zaxxer.hikari.HikariDataSource -
				HikariPool-1 - Starting...
2022-10-23 15:46:54.938 [http-nio-8080-exec-1] INFO  com.zaxxer.hikari.HikariDataSource -
				HikariPool-1 - Start completed.
2022-10-23 15:55:53.305 [SpringApplicationShutdownHook] INFO  com.zaxxer.hikari.HikariDataSource -
				HikariPool-1 - Shutdown initiated...
2022-10-23 15:55:53.318 [SpringApplicationShutdownHook] INFO  com.zaxxer.hikari.HikariDataSource -
				HikariPool-1 - Shutdown completed.
2022-10-23 15:56:00.919 [main] INFO  com.example.demo.DemoApplication -
				Starting DemoApplication using Java 1.8.0_202 on DESKTOP-UN3KSEH with PID 7908 (C:\Users\liu\Desktop\project\MyProject\demo\target\classes started by liu in C:\Users\liu\Desktop\project\MyProject\demo)
2022-10-23 15:56:00.922 [main] INFO  com.example.demo.DemoApplication -
				No active profile set, falling back to 1 default profile: "default"
2022-10-23 15:56:01.713 [main] INFO  o.s.d.r.config.RepositoryConfigurationDelegate -
				Multiple Spring Data modules found, entering strict repository configuration mode
2022-10-23 15:56:01.716 [main] INFO  o.s.d.r.config.RepositoryConfigurationDelegate -
				Bootstrapping Spring Data Redis repositories in DEFAULT mode.
2022-10-23 15:56:01.751 [main] INFO  o.s.d.r.config.RepositoryConfigurationDelegate -
				Finished Spring Data repository scanning in 15 ms. Found 0 Redis repository interfaces.
2022-10-23 15:56:02.488 [main] INFO  o.s.boot.web.embedded.tomcat.TomcatWebServer -
				Tomcat initialized with port(s): 8080 (http)
2022-10-23 15:56:02.501 [main] INFO  org.apache.coyote.http11.Http11NioProtocol -
				Initializing ProtocolHandler ["http-nio-8080"]
2022-10-23 15:56:02.502 [main] INFO  org.apache.catalina.core.StandardService -
				Starting service [Tomcat]
2022-10-23 15:56:02.503 [main] INFO  org.apache.catalina.core.StandardEngine -
				Starting Servlet engine: [Apache Tomcat/9.0.65]
2022-10-23 15:56:02.771 [main] INFO  o.a.c.core.ContainerBase.[Tomcat].[localhost].[/] -
				Initializing Spring embedded WebApplicationContext
2022-10-23 15:56:02.771 [main] INFO  o.s.b.w.s.c.ServletWebServerApplicationContext -
				Root WebApplicationContext: initialization completed in 1790 ms
2022-10-23 15:56:04.649 [main] INFO  org.apache.coyote.http11.Http11NioProtocol -
				Starting ProtocolHandler ["http-nio-8080"]
2022-10-23 15:56:04.669 [main] INFO  o.s.boot.web.embedded.tomcat.TomcatWebServer -
				Tomcat started on port(s): 8080 (http) with context path ''
2022-10-23 15:56:04.679 [main] INFO  com.example.demo.DemoApplication -
				Started DemoApplication in 4.696 seconds (JVM running for 5.916)
2022-10-23 15:56:12.780 [http-nio-8080-exec-1] INFO  org.apache.tomcat.util.http.parser.Cookie -
				A cookie header was received [Hm_lvt_5804d09853fcc4866132fbc306348993=1655279936,1655287959;] that contained an invalid cookie. That cookie will be ignored.
 Note: further occurrences of this error will be logged at DEBUG level.
2022-10-23 15:56:12.794 [http-nio-8080-exec-1] INFO  o.a.c.core.ContainerBase.[Tomcat].[localhost].[/] -
				Initializing Spring DispatcherServlet 'dispatcherServlet'
2022-10-23 15:56:12.795 [http-nio-8080-exec-1] INFO  org.springframework.web.servlet.DispatcherServlet -
				Initializing Servlet 'dispatcherServlet'
2022-10-23 15:56:12.803 [http-nio-8080-exec-1] INFO  org.springframework.web.servlet.DispatcherServlet -
				Completed initialization in 7 ms
2022-10-23 15:56:14.279 [http-nio-8080-exec-1] INFO  com.zaxxer.hikari.HikariDataSource -
				HikariPool-1 - Starting...
2022-10-23 15:56:14.537 [http-nio-8080-exec-1] INFO  com.zaxxer.hikari.HikariDataSource -
				HikariPool-1 - Start completed.
2022-10-23 15:56:44.270 [SpringApplicationShutdownHook] INFO  com.zaxxer.hikari.HikariDataSource -
				HikariPool-1 - Shutdown initiated...
2022-10-23 15:56:44.278 [SpringApplicationShutdownHook] INFO  com.zaxxer.hikari.HikariDataSource -
				HikariPool-1 - Shutdown completed.
2022-10-23 15:56:50.653 [main] INFO  com.example.demo.DemoApplication -
				Starting DemoApplication using Java 1.8.0_202 on DESKTOP-UN3KSEH with PID 4548 (C:\Users\liu\Desktop\project\MyProject\demo\target\classes started by liu in C:\Users\liu\Desktop\project\MyProject\demo)
2022-10-23 15:56:50.656 [main] INFO  com.example.demo.DemoApplication -
				No active profile set, falling back to 1 default profile: "default"
2022-10-23 15:56:51.430 [main] INFO  o.s.d.r.config.RepositoryConfigurationDelegate -
				Multiple Spring Data modules found, entering strict repository configuration mode
2022-10-23 15:56:51.433 [main] INFO  o.s.d.r.config.RepositoryConfigurationDelegate -
				Bootstrapping Spring Data Redis repositories in DEFAULT mode.
2022-10-23 15:56:51.469 [main] INFO  o.s.d.r.config.RepositoryConfigurationDelegate -
				Finished Spring Data repository scanning in 16 ms. Found 0 Redis repository interfaces.
2022-10-23 15:56:52.082 [main] INFO  o.s.boot.web.embedded.tomcat.TomcatWebServer -
				Tomcat initialized with port(s): 8080 (http)
2022-10-23 15:56:52.093 [main] INFO  org.apache.coyote.http11.Http11NioProtocol -
				Initializing ProtocolHandler ["http-nio-8080"]
2022-10-23 15:56:52.093 [main] INFO  org.apache.catalina.core.StandardService -
				Starting service [Tomcat]
2022-10-23 15:56:52.094 [main] INFO  org.apache.catalina.core.StandardEngine -
				Starting Servlet engine: [Apache Tomcat/9.0.65]
2022-10-23 15:56:52.240 [main] INFO  o.a.c.core.ContainerBase.[Tomcat].[localhost].[/] -
				Initializing Spring embedded WebApplicationContext
2022-10-23 15:56:52.240 [main] INFO  o.s.b.w.s.c.ServletWebServerApplicationContext -
				Root WebApplicationContext: initialization completed in 1519 ms
2022-10-23 15:56:54.286 [main] INFO  org.apache.coyote.http11.Http11NioProtocol -
				Starting ProtocolHandler ["http-nio-8080"]
2022-10-23 15:56:54.306 [main] INFO  o.s.boot.web.embedded.tomcat.TomcatWebServer -
				Tomcat started on port(s): 8080 (http) with context path ''
2022-10-23 15:56:54.317 [main] INFO  com.example.demo.DemoApplication -
				Started DemoApplication in 4.359 seconds (JVM running for 5.564)
2022-10-23 15:56:57.206 [http-nio-8080-exec-1] INFO  org.apache.tomcat.util.http.parser.Cookie -
				A cookie header was received [Hm_lvt_5804d09853fcc4866132fbc306348993=1655279936,1655287959;] that contained an invalid cookie. That cookie will be ignored.
 Note: further occurrences of this error will be logged at DEBUG level.
2022-10-23 15:56:57.217 [http-nio-8080-exec-1] INFO  o.a.c.core.ContainerBase.[Tomcat].[localhost].[/] -
				Initializing Spring DispatcherServlet 'dispatcherServlet'
2022-10-23 15:56:57.217 [http-nio-8080-exec-1] INFO  org.springframework.web.servlet.DispatcherServlet -
				Initializing Servlet 'dispatcherServlet'
2022-10-23 15:56:57.218 [http-nio-8080-exec-1] INFO  org.springframework.web.servlet.DispatcherServlet -
				Completed initialization in 1 ms
2022-10-23 15:56:58.364 [http-nio-8080-exec-1] INFO  com.zaxxer.hikari.HikariDataSource -
				HikariPool-1 - Starting...
2022-10-23 15:56:58.543 [http-nio-8080-exec-1] INFO  com.zaxxer.hikari.HikariDataSource -
				HikariPool-1 - Start completed.
2022-10-23 16:06:06.708 [SpringApplicationShutdownHook] INFO  com.zaxxer.hikari.HikariDataSource -
				HikariPool-1 - Shutdown initiated...
2022-10-23 16:06:06.737 [SpringApplicationShutdownHook] INFO  com.zaxxer.hikari.HikariDataSource -
				HikariPool-1 - Shutdown completed.
2022-10-23 16:06:15.742 [main] INFO  com.example.demo.DemoApplication -
				Starting DemoApplication using Java 1.8.0_202 on DESKTOP-UN3KSEH with PID 16916 (C:\Users\liu\Desktop\project\MyProject\demo\target\classes started by liu in C:\Users\liu\Desktop\project\MyProject\demo)
2022-10-23 16:06:15.747 [main] INFO  com.example.demo.DemoApplication -
				No active profile set, falling back to 1 default profile: "default"
2022-10-23 16:06:16.619 [main] INFO  o.s.d.r.config.RepositoryConfigurationDelegate -
				Multiple Spring Data modules found, entering strict repository configuration mode
2022-10-23 16:06:16.623 [main] INFO  o.s.d.r.config.RepositoryConfigurationDelegate -
				Bootstrapping Spring Data Redis repositories in DEFAULT mode.
2022-10-23 16:06:16.659 [main] INFO  o.s.d.r.config.RepositoryConfigurationDelegate -
				Finished Spring Data repository scanning in 16 ms. Found 0 Redis repository interfaces.
2022-10-23 16:06:17.339 [main] INFO  o.s.boot.web.embedded.tomcat.TomcatWebServer -
				Tomcat initialized with port(s): 8080 (http)
2022-10-23 16:06:17.352 [main] INFO  org.apache.coyote.http11.Http11NioProtocol -
				Initializing ProtocolHandler ["http-nio-8080"]
2022-10-23 16:06:17.352 [main] INFO  org.apache.catalina.core.StandardService -
				Starting service [Tomcat]
2022-10-23 16:06:17.352 [main] INFO  org.apache.catalina.core.StandardEngine -
				Starting Servlet engine: [Apache Tomcat/9.0.65]
2022-10-23 16:06:17.529 [main] INFO  o.a.c.core.ContainerBase.[Tomcat].[localhost].[/] -
				Initializing Spring embedded WebApplicationContext
2022-10-23 16:06:17.530 [main] INFO  o.s.b.w.s.c.ServletWebServerApplicationContext -
				Root WebApplicationContext: initialization completed in 1697 ms
2022-10-23 16:06:19.748 [main] INFO  org.apache.coyote.http11.Http11NioProtocol -
				Starting ProtocolHandler ["http-nio-8080"]
2022-10-23 16:06:19.774 [main] INFO  o.s.boot.web.embedded.tomcat.TomcatWebServer -
				Tomcat started on port(s): 8080 (http) with context path ''
2022-10-23 16:06:19.787 [main] INFO  com.example.demo.DemoApplication -
				Started DemoApplication in 5.028 seconds (JVM running for 6.639)
2022-10-23 16:06:26.916 [http-nio-8080-exec-1] INFO  org.apache.tomcat.util.http.parser.Cookie -
				A cookie header was received [Hm_lvt_5804d09853fcc4866132fbc306348993=1655279936,1655287959;] that contained an invalid cookie. That cookie will be ignored.
 Note: further occurrences of this error will be logged at DEBUG level.
2022-10-23 16:06:26.927 [http-nio-8080-exec-1] INFO  o.a.c.core.ContainerBase.[Tomcat].[localhost].[/] -
				Initializing Spring DispatcherServlet 'dispatcherServlet'
2022-10-23 16:06:26.928 [http-nio-8080-exec-1] INFO  org.springframework.web.servlet.DispatcherServlet -
				Initializing Servlet 'dispatcherServlet'
2022-10-23 16:06:26.929 [http-nio-8080-exec-1] INFO  org.springframework.web.servlet.DispatcherServlet -
				Completed initialization in 1 ms
2022-10-23 16:06:28.124 [http-nio-8080-exec-1] INFO  com.zaxxer.hikari.HikariDataSource -
				HikariPool-1 - Starting...
2022-10-23 16:06:28.326 [http-nio-8080-exec-1] INFO  com.zaxxer.hikari.HikariDataSource -
				HikariPool-1 - Start completed.
2022-10-23 18:02:05.241 [SpringApplicationShutdownHook] INFO  com.zaxxer.hikari.HikariDataSource -
				HikariPool-1 - Shutdown initiated...
2022-10-23 18:02:05.280 [SpringApplicationShutdownHook] INFO  com.zaxxer.hikari.HikariDataSource -
				HikariPool-1 - Shutdown completed.
2022-10-23 18:02:13.897 [main] INFO  com.example.demo.DemoApplication -
				Starting DemoApplication using Java 1.8.0_202 on DESKTOP-UN3KSEH with PID 8268 (C:\Users\liu\Desktop\project\MyProject\demo\target\classes started by liu in C:\Users\liu\Desktop\project\MyProject\demo)
2022-10-23 18:02:13.904 [main] INFO  com.example.demo.DemoApplication -
				No active profile set, falling back to 1 default profile: "default"
2022-10-23 18:02:15.101 [main] INFO  o.s.d.r.config.RepositoryConfigurationDelegate -
				Multiple Spring Data modules found, entering strict repository configuration mode
2022-10-23 18:02:15.107 [main] INFO  o.s.d.r.config.RepositoryConfigurationDelegate -
				Bootstrapping Spring Data Redis repositories in DEFAULT mode.
2022-10-23 18:02:15.155 [main] INFO  o.s.d.r.config.RepositoryConfigurationDelegate -
				Finished Spring Data repository scanning in 18 ms. Found 0 Redis repository interfaces.
2022-10-23 18:02:16.488 [main] INFO  o.s.boot.web.embedded.tomcat.TomcatWebServer -
				Tomcat initialized with port(s): 8080 (http)
2022-10-23 18:02:16.507 [main] INFO  org.apache.coyote.http11.Http11NioProtocol -
				Initializing ProtocolHandler ["http-nio-8080"]
2022-10-23 18:02:16.508 [main] INFO  org.apache.catalina.core.StandardService -
				Starting service [Tomcat]
2022-10-23 18:02:16.509 [main] INFO  org.apache.catalina.core.StandardEngine -
				Starting Servlet engine: [Apache Tomcat/9.0.65]
2022-10-23 18:02:17.023 [main] INFO  o.a.c.core.ContainerBase.[Tomcat].[localhost].[/] -
				Initializing Spring embedded WebApplicationContext
2022-10-23 18:02:17.025 [main] INFO  o.s.b.w.s.c.ServletWebServerApplicationContext -
				Root WebApplicationContext: initialization completed in 3024 ms
2022-10-23 18:02:20.167 [main] INFO  org.apache.coyote.http11.Http11NioProtocol -
				Starting ProtocolHandler ["http-nio-8080"]
2022-10-23 18:02:20.190 [main] INFO  o.s.boot.web.embedded.tomcat.TomcatWebServer -
				Tomcat started on port(s): 8080 (http) with context path ''
2022-10-23 18:02:20.203 [main] INFO  com.example.demo.DemoApplication -
				Started DemoApplication in 7.256 seconds (JVM running for 8.666)
2022-10-23 18:02:24.168 [http-nio-8080-exec-1] INFO  org.apache.tomcat.util.http.parser.Cookie -
				A cookie header was received [Hm_lvt_5804d09853fcc4866132fbc306348993=1655279936,1655287959;] that contained an invalid cookie. That cookie will be ignored.
 Note: further occurrences of this error will be logged at DEBUG level.
2022-10-23 18:02:24.175 [http-nio-8080-exec-1] INFO  o.a.c.core.ContainerBase.[Tomcat].[localhost].[/] -
				Initializing Spring DispatcherServlet 'dispatcherServlet'
2022-10-23 18:02:24.175 [http-nio-8080-exec-1] INFO  org.springframework.web.servlet.DispatcherServlet -
				Initializing Servlet 'dispatcherServlet'
2022-10-23 18:02:24.177 [http-nio-8080-exec-1] INFO  org.springframework.web.servlet.DispatcherServlet -
				Completed initialization in 1 ms
2022-10-23 18:02:25.572 [http-nio-8080-exec-1] INFO  com.zaxxer.hikari.HikariDataSource -
				HikariPool-1 - Starting...
2022-10-23 18:02:25.852 [http-nio-8080-exec-1] INFO  com.zaxxer.hikari.HikariDataSource -
				HikariPool-1 - Start completed.
2022-10-23 18:02:37.333 [SpringApplicationShutdownHook] INFO  com.zaxxer.hikari.HikariDataSource -
				HikariPool-1 - Shutdown initiated...
2022-10-23 18:02:37.344 [SpringApplicationShutdownHook] INFO  com.zaxxer.hikari.HikariDataSource -
				HikariPool-1 - Shutdown completed.
2022-10-23 18:02:42.147 [main] INFO  com.example.demo.DemoApplication -
				Starting DemoApplication using Java 1.8.0_202 on DESKTOP-UN3KSEH with PID 14764 (C:\Users\liu\Desktop\project\MyProject\demo\target\classes started by liu in C:\Users\liu\Desktop\project\MyProject\demo)
2022-10-23 18:02:42.154 [main] INFO  com.example.demo.DemoApplication -
				No active profile set, falling back to 1 default profile: "default"
2022-10-23 18:02:43.284 [main] INFO  o.s.d.r.config.RepositoryConfigurationDelegate -
				Multiple Spring Data modules found, entering strict repository configuration mode
2022-10-23 18:02:43.286 [main] INFO  o.s.d.r.config.RepositoryConfigurationDelegate -
				Bootstrapping Spring Data Redis repositories in DEFAULT mode.
2022-10-23 18:02:43.321 [main] INFO  o.s.d.r.config.RepositoryConfigurationDelegate -
				Finished Spring Data repository scanning in 16 ms. Found 0 Redis repository interfaces.
2022-10-23 18:02:43.862 [main] INFO  o.s.boot.web.embedded.tomcat.TomcatWebServer -
				Tomcat initialized with port(s): 8080 (http)
2022-10-23 18:02:43.871 [main] INFO  org.apache.coyote.http11.Http11NioProtocol -
				Initializing ProtocolHandler ["http-nio-8080"]
2022-10-23 18:02:43.871 [main] INFO  org.apache.catalina.core.StandardService -
				Starting service [Tomcat]
2022-10-23 18:02:43.872 [main] INFO  org.apache.catalina.core.StandardEngine -
				Starting Servlet engine: [Apache Tomcat/9.0.65]
2022-10-23 18:02:44.012 [main] INFO  o.a.c.core.ContainerBase.[Tomcat].[localhost].[/] -
				Initializing Spring embedded WebApplicationContext
2022-10-23 18:02:44.012 [main] INFO  o.s.b.w.s.c.ServletWebServerApplicationContext -
				Root WebApplicationContext: initialization completed in 1781 ms
2022-10-23 18:02:45.805 [main] INFO  org.apache.coyote.http11.Http11NioProtocol -
				Starting ProtocolHandler ["http-nio-8080"]
2022-10-23 18:02:45.823 [main] INFO  o.s.boot.web.embedded.tomcat.TomcatWebServer -
				Tomcat started on port(s): 8080 (http) with context path ''
2022-10-23 18:02:45.834 [main] INFO  com.example.demo.DemoApplication -
				Started DemoApplication in 4.662 seconds (JVM running for 5.774)
2022-10-23 18:02:47.012 [http-nio-8080-exec-1] INFO  org.apache.tomcat.util.http.parser.Cookie -
				A cookie header was received [Hm_lvt_5804d09853fcc4866132fbc306348993=1655279936,1655287959;] that contained an invalid cookie. That cookie will be ignored.
 Note: further occurrences of this error will be logged at DEBUG level.
2022-10-23 18:02:47.020 [http-nio-8080-exec-1] INFO  o.a.c.core.ContainerBase.[Tomcat].[localhost].[/] -
				Initializing Spring DispatcherServlet 'dispatcherServlet'
2022-10-23 18:02:47.020 [http-nio-8080-exec-1] INFO  org.springframework.web.servlet.DispatcherServlet -
				Initializing Servlet 'dispatcherServlet'
2022-10-23 18:02:47.021 [http-nio-8080-exec-1] INFO  org.springframework.web.servlet.DispatcherServlet -
				Completed initialization in 0 ms
2022-10-23 18:02:47.878 [http-nio-8080-exec-1] INFO  com.zaxxer.hikari.HikariDataSource -
				HikariPool-1 - Starting...
2022-10-23 18:02:48.000 [http-nio-8080-exec-1] INFO  com.zaxxer.hikari.HikariDataSource -
				HikariPool-1 - Start completed.
2022-10-23 18:04:20.601 [SpringApplicationShutdownHook] INFO  com.zaxxer.hikari.HikariDataSource -
				HikariPool-1 - Shutdown initiated...
2022-10-23 18:04:20.609 [SpringApplicationShutdownHook] INFO  com.zaxxer.hikari.HikariDataSource -
				HikariPool-1 - Shutdown completed.
2022-10-23 18:04:27.171 [main] INFO  com.example.demo.DemoApplication -
				Starting DemoApplication using Java 1.8.0_202 on DESKTOP-UN3KSEH with PID 8836 (C:\Users\liu\Desktop\project\MyProject\demo\target\classes started by liu in C:\Users\liu\Desktop\project\MyProject\demo)
2022-10-23 18:04:27.175 [main] INFO  com.example.demo.DemoApplication -
				No active profile set, falling back to 1 default profile: "default"
2022-10-23 18:04:27.908 [main] INFO  o.s.d.r.config.RepositoryConfigurationDelegate -
				Multiple Spring Data modules found, entering strict repository configuration mode
2022-10-23 18:04:27.911 [main] INFO  o.s.d.r.config.RepositoryConfigurationDelegate -
				Bootstrapping Spring Data Redis repositories in DEFAULT mode.
2022-10-23 18:04:27.941 [main] INFO  o.s.d.r.config.RepositoryConfigurationDelegate -
				Finished Spring Data repository scanning in 13 ms. Found 0 Redis repository interfaces.
2022-10-23 18:04:28.454 [main] INFO  o.s.boot.web.embedded.tomcat.TomcatWebServer -
				Tomcat initialized with port(s): 8080 (http)
2022-10-23 18:04:28.463 [main] INFO  org.apache.coyote.http11.Http11NioProtocol -
				Initializing ProtocolHandler ["http-nio-8080"]
2022-10-23 18:04:28.464 [main] INFO  org.apache.catalina.core.StandardService -
				Starting service [Tomcat]
2022-10-23 18:04:28.466 [main] INFO  org.apache.catalina.core.StandardEngine -
				Starting Servlet engine: [Apache Tomcat/9.0.65]
2022-10-23 18:04:28.640 [main] INFO  o.a.c.core.ContainerBase.[Tomcat].[localhost].[/] -
				Initializing Spring embedded WebApplicationContext
2022-10-23 18:04:28.640 [main] INFO  o.s.b.w.s.c.ServletWebServerApplicationContext -
				Root WebApplicationContext: initialization completed in 1403 ms
2022-10-23 18:04:30.383 [main] INFO  org.apache.coyote.http11.Http11NioProtocol -
				Starting ProtocolHandler ["http-nio-8080"]
2022-10-23 18:04:30.403 [main] INFO  o.s.boot.web.embedded.tomcat.TomcatWebServer -
				Tomcat started on port(s): 8080 (http) with context path ''
2022-10-23 18:04:30.411 [main] INFO  com.example.demo.DemoApplication -
				Started DemoApplication in 3.811 seconds (JVM running for 4.791)
2022-10-23 18:04:32.807 [http-nio-8080-exec-1] INFO  org.apache.tomcat.util.http.parser.Cookie -
				A cookie header was received [Hm_lvt_5804d09853fcc4866132fbc306348993=1655279936,1655287959;] that contained an invalid cookie. That cookie will be ignored.
 Note: further occurrences of this error will be logged at DEBUG level.
2022-10-23 18:04:32.814 [http-nio-8080-exec-1] INFO  o.a.c.core.ContainerBase.[Tomcat].[localhost].[/] -
				Initializing Spring DispatcherServlet 'dispatcherServlet'
2022-10-23 18:04:32.815 [http-nio-8080-exec-1] INFO  org.springframework.web.servlet.DispatcherServlet -
				Initializing Servlet 'dispatcherServlet'
2022-10-23 18:04:32.818 [http-nio-8080-exec-1] INFO  org.springframework.web.servlet.DispatcherServlet -
				Completed initialization in 2 ms
2022-10-23 18:04:33.805 [http-nio-8080-exec-1] INFO  com.zaxxer.hikari.HikariDataSource -
				HikariPool-1 - Starting...
2022-10-23 18:04:34.046 [http-nio-8080-exec-1] INFO  com.zaxxer.hikari.HikariDataSource -
				HikariPool-1 - Start completed.
2022-10-23 19:22:15.684 [SpringApplicationShutdownHook] INFO  com.zaxxer.hikari.HikariDataSource -
				HikariPool-1 - Shutdown initiated...
2022-10-23 19:22:15.711 [SpringApplicationShutdownHook] INFO  com.zaxxer.hikari.HikariDataSource -
				HikariPool-1 - Shutdown completed.
